PRT1
261
722
4 0 28 (1408 1024 128 ) (1456 1024 128 ) (1456 1024 192 ) (1408 1024 192 ) 
4 0 29 (1024 1024 192 ) (1024 1024 128 ) (1408 1024 128 ) (1408 1024 192 ) 
4 0 27 (1456 1024 128 ) (1472 1024 128 ) (1472 1024 192 ) (1456 1024 192 ) 
4 0 26 (1024 1024 768 ) (1024 1024 192 ) (1472 1024 192 ) (1472 1024 768 ) 
4 0 24 (1024 1024 128 ) (1024 1024 768 ) (1024 1168 768 ) (1024 1168 128 ) 
4 0 21 (1024 1232 288 ) (1024 1232 128 ) (1024 1168 128 ) (1024 1168 288 ) 
4 0 20 (1024 1232 352 ) (1024 1232 288 ) (1024 1168 288 ) (1024 1168 352 ) 
4 0 18 (1024 1168 768 ) (1024 1232 768 ) (1024 1232 352 ) (1024 1168 352 ) 
4 0 13 (1024 1440 352 ) (1024 1440 128 ) (1024 1232 128 ) (1024 1232 352 ) 
4 0 12 (1024 1232 768 ) (1024 1440 768 ) (1024 1440 352 ) (1024 1232 352 ) 
4 0 1 (1024 1024 128 ) (1024 1424 128 ) (1456 1424 128 ) (1456 1024 128 ) 
4 1 28 (1408 1024 32 ) (1456 1024 32 ) (1456 1024 128 ) (1408 1024 128 ) 
4 1 29 (1024 1024 128 ) (1024 1024 32 ) (1408 1024 32 ) (1408 1024 128 ) 
4 1 24 (1024 1024 32 ) (1024 1024 128 ) (1024 1168 128 ) (1024 1168 32 ) 
4 1 21 (1024 1168 128 ) (1024 1232 128 ) (1024 1232 32 ) (1024 1168 32 ) 
4 1 15 (1024 1376 128 ) (1024 1424 128 ) (1024 1424 32 ) (1024 1376 32 ) 
4 1 16 (1024 1232 128 ) (1024 1376 128 ) (1024 1376 32 ) (1024 1232 32 ) 
4 1 6 (1024 1024 32 ) (1024 1184 32 ) (1408 1184 32 ) (1408 1024 32 ) 
4 1 5 (1024 1184 32 ) (1024 1192 32 ) (1360 1192 32 ) (1360 1184 32 ) 
4 1 4 (1024 1192 32 ) (1024 1272 32 ) (1360 1272 32 ) (1360 1192 32 ) 
4 1 3 (1368 1272 32 ) (1432 1272 32 ) (1432 1192 32 ) (1368 1192 32 ) 
4 1 2 (1024 1272 32 ) (1024 1376 32 ) (1360 1376 32 ) (1360 1272 32 ) 
4 2 16 (1024 1272 32 ) (1024 1376 32 ) (1024 1376 24 ) (1024 1272 24 ) 
4 2 7 (1024 1272 24 ) (1024 1376 24 ) (1360 1376 24 ) (1360 1272 24 ) 
4 2 4 (1024 1272 24 ) (1360 1272 24 ) (1360 1272 32 ) (1024 1272 32 ) 
4 3 8 (1368 1272 24 ) (1432 1272 24 ) (1432 1192 24 ) (1368 1192 24 ) 
4 4 23 (1024 1192 32 ) (1024 1232 32 ) (1024 1232 24 ) (1024 1192 24 ) 
4 4 16 (1024 1232 32 ) (1024 1272 32 ) (1024 1272 24 ) (1024 1232 24 ) 
4 4 9 (1024 1192 24 ) (1024 1272 24 ) (1360 1272 24 ) (1360 1192 24 ) 
4 4 5 (1024 1192 24 ) (1360 1192 24 ) (1360 1192 32 ) (1024 1192 32 ) 
4 5 23 (1024 1184 32 ) (1024 1192 32 ) (1024 1192 24 ) (1024 1184 24 ) 
4 5 10 (1024 1184 24 ) (1024 1192 24 ) (1360 1192 24 ) (1360 1184 24 ) 
4 5 6 (1024 1184 24 ) (1360 1184 24 ) (1360 1184 32 ) (1024 1184 32 ) 
4 6 29 (1408 1024 32 ) (1024 1024 32 ) (1024 1024 24 ) (1408 1024 24 ) 
4 6 24 (1024 1024 24 ) (1024 1024 32 ) (1024 1168 32 ) (1024 1168 24 ) 
4 6 23 (1024 1168 32 ) (1024 1184 32 ) (1024 1184 24 ) (1024 1168 24 ) 
4 6 11 (1408 1024 24 ) (1024 1024 24 ) (1024 1184 24 ) (1408 1184 24 ) 
4 7 16 (1024 1272 24 ) (1024 1376 24 ) (1024 1376 0 ) (1024 1272 0 ) 
4 7 9 (1024 1272 0 ) (1360 1272 0 ) (1360 1272 24 ) (1024 1272 24 ) 
4 9 23 (1024 1192 24 ) (1024 1232 24 ) (1024 1232 0 ) (1024 1192 0 ) 
4 9 16 (1024 1232 24 ) (1024 1272 24 ) (1024 1272 0 ) (1024 1232 0 ) 
4 9 10 (1024 1192 0 ) (1360 1192 0 ) (1360 1192 24 ) (1024 1192 24 ) 
4 10 23 (1024 1184 24 ) (1024 1192 24 ) (1024 1192 0 ) (1024 1184 0 ) 
4 10 11 (1024 1184 0 ) (1360 1184 0 ) (1360 1184 24 ) (1024 1184 24 ) 
4 11 29 (1408 1024 24 ) (1024 1024 24 ) (1024 1024 0 ) (1408 1024 0 ) 
4 11 24 (1024 1024 0 ) (1024 1024 24 ) (1024 1168 24 ) (1024 1168 0 ) 
4 11 23 (1024 1168 24 ) (1024 1184 24 ) (1024 1184 0 ) (1024 1168 0 ) 
4 12 18 (320 1232 352 ) (1024 1232 352 ) (1024 1232 768 ) (320 1232 768 ) 
4 12 13 (1024 1232 352 ) (320 1232 352 ) (320 1440 352 ) (1024 1440 352 ) 
4 13 21 (336 1232 128 ) (1024 1232 128 ) (1024 1232 288 ) (336 1232 288 ) 
4 13 20 (1024 1232 288 ) (1024 1232 352 ) (336 1232 352 ) (336 1232 288 ) 
4 13 15 (336 1376 128 ) (336 1424 128 ) (1024 1424 128 ) (1024 1376 128 ) 
4 13 16 (1024 1232 128 ) (336 1232 128 ) (336 1376 128 ) (1024 1376 128 ) 
4 14 65 (0 1440 352 ) (0 1440 128 ) (0 1232 128 ) (0 1232 352 ) 
4 14 22 (0 1232 288 ) (0 1232 128 ) (304 1232 128 ) (304 1232 288 ) 
4 14 17 (304 1232 128 ) (0 1232 128 ) (0 1440 128 ) (304 1440 128 ) 
4 15 16 (336 1376 128 ) (336 1376 32 ) (1024 1376 32 ) (1024 1376 128 ) 
4 16 23 (336 1232 0 ) (1024 1232 0 ) (1024 1232 32 ) (336 1232 32 ) 
4 16 21 (1024 1232 32 ) (1024 1232 128 ) (336 1232 128 ) (336 1232 32 ) 
4 17 69 (0 1440 32 ) (0 1440 0 ) (0 1232 0 ) (0 1232 32 ) 
4 17 67 (0 1440 128 ) (0 1440 32 ) (0 1232 32 ) (0 1232 128 ) 
4 17 22 (0 1232 128 ) (0 1232 32 ) (304 1232 32 ) (304 1232 128 ) 
4 18 24 (1024 1168 352 ) (1024 1168 768 ) (320 1168 768 ) (320 1168 352 ) 
4 18 20 (1024 1168 352 ) (336 1168 352 ) (336 1232 352 ) (1024 1232 352 ) 
4 18 19 (320 1184 352 ) (320 1168 352 ) (320 1168 768 ) (320 1184 768 ) 
4 19 75 (0 1184 352 ) (0 1168 352 ) (0 1168 768 ) (0 1184 768 ) 
4 19 24 (320 1168 768 ) (0 1168 768 ) (0 1168 352 ) (320 1168 352 ) 
4 20 24 (1024 1168 288 ) (1024 1168 352 ) (336 1168 352 ) (336 1168 288 ) 
4 20 21 (1024 1168 288 ) (336 1168 288 ) (336 1232 288 ) (1024 1232 288 ) 
4 21 24 (1024 1168 32 ) (1024 1168 288 ) (336 1168 288 ) (336 1168 32 ) 
4 21 23 (1024 1168 32 ) (336 1168 32 ) (336 1232 32 ) (1024 1232 32 ) 
4 22 78 (0 1232 288 ) (0 1232 32 ) (0 1168 32 ) (0 1168 288 ) 
4 22 24 (304 1168 288 ) (0 1168 288 ) (0 1168 32 ) (304 1168 32 ) 
4 23 24 (336 1168 0 ) (1024 1168 0 ) (1024 1168 32 ) (336 1168 32 ) 
4 24 81 (0 1024 0 ) (0 1024 768 ) (0 1168 768 ) (0 1168 0 ) 
4 24 43 (1024 1024 0 ) (1024 1024 768 ) (0 1024 768 ) (0 1024 0 ) 
4 25 33 (1472 304 0 ) (1472 144 0 ) (1472 144 128 ) (1472 304 128 ) 
4 26 137 (1024 0 768 ) (1024 0 192 ) (1344 0 192 ) (1344 0 768 ) 
4 26 134 (1344 0 192 ) (1472 0 192 ) (1472 0 768 ) (1344 0 768 ) 
4 26 44 (1024 416 192 ) (1024 0 192 ) (1024 0 768 ) (1024 416 768 ) 
4 26 43 (1024 1024 768 ) (1024 1024 192 ) (1024 416 192 ) (1024 416 768 ) 
4 26 38 (1344 0 192 ) (1024 0 192 ) (1024 144 192 ) (1344 144 192 ) 
4 26 37 (1408 16 192 ) (1344 16 192 ) (1344 96 192 ) (1408 96 192 ) 
4 26 36 (1456 96 192 ) (1344 96 192 ) (1344 144 192 ) (1456 144 192 ) 
4 26 32 (1456 144 192 ) (1024 144 192 ) (1024 304 192 ) (1456 304 192 ) 
4 26 31 (1456 304 192 ) (1024 304 192 ) (1024 352 192 ) (1456 352 192 ) 
4 26 30 (1408 352 192 ) (1024 352 192 ) (1024 416 192 ) (1408 416 192 ) 
4 26 28 (1408 1024 192 ) (1456 1024 192 ) (1456 416 192 ) (1408 416 192 ) 
4 26 29 (1024 1024 192 ) (1408 1024 192 ) (1408 416 192 ) (1024 416 192 ) 
4 26 27 (1456 1024 192 ) (1472 1024 192 ) (1472 416 192 ) (1456 416 192 ) 
4 27 28 (1456 416 128 ) (1456 416 192 ) (1456 1024 192 ) (1456 1024 128 ) 
4 28 29 (1408 416 32 ) (1408 416 192 ) (1408 1024 192 ) (1408 1024 32 ) 
4 29 43 (1024 1024 192 ) (1024 1024 0 ) (1024 416 0 ) (1024 416 192 ) 
4 29 30 (1024 416 0 ) (1408 416 0 ) (1408 416 192 ) (1024 416 192 ) 
4 30 49 (1024 416 0 ) (1024 352 0 ) (1024 352 48 ) (1024 416 48 ) 
4 30 45 (1024 352 48 ) (1024 352 184 ) (1024 416 184 ) (1024 416 48 ) 
4 30 44 (1024 352 184 ) (1024 352 192 ) (1024 416 192 ) (1024 416 184 ) 
4 30 31 (1024 352 0 ) (1408 352 0 ) (1408 352 192 ) (1024 352 192 ) 
4 31 49 (1024 352 0 ) (1024 304 0 ) (1024 304 48 ) (1024 352 48 ) 
4 31 45 (1024 304 48 ) (1024 304 184 ) (1024 352 184 ) (1024 352 48 ) 
4 31 44 (1024 304 184 ) (1024 304 192 ) (1024 352 192 ) (1024 352 184 ) 
4 31 35 (1024 304 0 ) (1456 304 0 ) (1456 304 168 ) (1024 304 168 ) 
4 31 32 (1456 304 168 ) (1456 304 192 ) (1024 304 192 ) (1024 304 168 ) 
4 32 45 (1024 144 168 ) (1024 144 184 ) (1024 304 184 ) (1024 304 168 ) 
4 32 44 (1024 144 184 ) (1024 144 192 ) (1024 304 192 ) (1024 304 184 ) 
4 32 39 (1024 144 184 ) (1024 144 168 ) (1344 144 168 ) (1344 144 184 ) 
4 32 38 (1344 144 192 ) (1024 144 192 ) (1024 144 184 ) (1344 144 184 ) 
4 32 36 (1456 144 192 ) (1344 144 192 ) (1344 144 168 ) (1456 144 168 ) 
4 32 35 (1456 144 168 ) (1024 144 168 ) (1024 304 168 ) (1456 304 168 ) 
4 33 34 (1466 144 0 ) (1466 144 116 ) (1466 304 116 ) (1466 304 0 ) 
4 34 35 (1462 144 0 ) (1462 144 116 ) (1462 304 116 ) (1462 304 0 ) 
4 35 49 (1024 304 0 ) (1024 144 0 ) (1024 144 48 ) (1024 304 48 ) 
4 35 45 (1024 144 48 ) (1024 144 168 ) (1024 304 168 ) (1024 304 48 ) 
4 35 42 (1024 160 0 ) (1024 288 0 ) (1408 288 0 ) (1408 160 0 ) 
4 35 41 (1024 144 0 ) (1344 144 0 ) (1344 144 48 ) (1024 144 48 ) 
4 35 39 (1344 144 48 ) (1344 144 168 ) (1024 144 168 ) (1024 144 48 ) 
4 35 36 (1344 144 0 ) (1456 144 0 ) (1456 144 168 ) (1344 144 168 ) 
4 36 41 (1344 144 48 ) (1344 144 0 ) (1344 96 0 ) (1344 96 48 ) 
4 36 39 (1344 144 184 ) (1344 144 48 ) (1344 96 48 ) (1344 96 184 ) 
4 36 38 (1344 144 192 ) (1344 144 184 ) (1344 96 184 ) (1344 96 192 ) 
4 36 37 (1344 96 192 ) (1344 96 0 ) (1408 96 0 ) (1408 96 192 ) 
4 37 41 (1344 96 0 ) (1344 16 0 ) (1344 16 48 ) (1344 96 48 ) 
4 37 39 (1344 16 48 ) (1344 16 184 ) (1344 96 184 ) (1344 96 48 ) 
4 37 38 (1344 16 184 ) (1344 16 192 ) (1344 96 192 ) (1344 96 184 ) 
4 38 137 (1024 0 192 ) (1024 0 184 ) (1344 0 184 ) (1344 0 192 ) 
4 38 44 (1024 0 184 ) (1024 0 192 ) (1024 144 192 ) (1024 144 184 ) 
4 38 40 (1344 4 184 ) (1344 0 184 ) (1024 0 184 ) (1024 4 184 ) 
4 38 39 (1024 144 184 ) (1344 144 184 ) (1344 4 184 ) (1024 4 184 ) 
4 39 45 (1024 4 184 ) (1024 144 184 ) (1024 144 48 ) (1024 4 48 ) 
4 39 41 (1024 16 48 ) (1024 144 48 ) (1344 144 48 ) (1344 16 48 ) 
4 39 40 (1024 4 48 ) (1344 4 48 ) (1344 4 184 ) (1024 4 184 ) 
4 40 138 (1024 0 184 ) (1024 0 48 ) (1344 0 48 ) (1344 0 184 ) 
4 40 46 (1024 0 48 ) (1024 0 184 ) (1024 4 184 ) (1024 4 48 ) 
4 41 49 (1024 144 0 ) (1024 16 0 ) (1024 16 48 ) (1024 144 48 ) 
4 42 63 (1024 160 -48 ) (1024 160 0 ) (1024 288 0 ) (1024 288 -48 ) 
4 43 82 (0 1024 768 ) (0 1024 0 ) (0 416 0 ) (0 416 768 ) 
4 43 56 (64 416 48 ) (288 416 48 ) (288 416 144 ) (64 416 144 ) 
4 43 55 (352 416 0 ) (672 416 0 ) (672 416 176 ) (352 416 176 ) 
4 43 51 (0 416 768 ) (0 416 336 ) (688 416 336 ) (688 416 768 ) 
4 43 50 (688 416 336 ) (704 416 336 ) (704 416 768 ) (688 416 768 ) 
4 43 49 (704 416 0 ) (1024 416 0 ) (1024 416 48 ) (704 416 48 ) 
4 43 48 (704 416 192 ) (704 416 48 ) (768 416 48 ) (768 416 192 ) 
4 43 47 (768 416 768 ) (704 416 768 ) (704 416 192 ) (768 416 192 ) 
4 43 45 (1024 416 48 ) (1024 416 184 ) (768 416 184 ) (768 416 48 ) 
4 43 44 (1024 416 184 ) (1024 416 768 ) (768 416 768 ) (768 416 184 ) 
4 44 156 (1024 0 184 ) (1024 0 768 ) (768 0 768 ) (768 0 184 ) 
4 44 48 (768 416 192 ) (768 416 184 ) (768 16 184 ) (768 16 192 ) 
4 44 47 (768 416 768 ) (768 416 192 ) (768 0 192 ) (768 0 768 ) 
4 44 46 (1024 0 184 ) (768 0 184 ) (768 4 184 ) (1024 4 184 ) 
4 44 45 (768 4 184 ) (768 416 184 ) (1024 416 184 ) (1024 4 184 ) 
4 45 49 (768 16 48 ) (768 416 48 ) (1024 416 48 ) (1024 16 48 ) 
4 45 48 (768 416 184 ) (768 416 48 ) (768 16 48 ) (768 16 184 ) 
4 45 46 (1024 4 184 ) (768 4 184 ) (768 4 48 ) (1024 4 48 ) 
4 46 157 (1024 0 48 ) (1024 0 184 ) (768 0 184 ) (768 0 48 ) 
4 47 159 (704 0 768 ) (704 0 192 ) (768 0 192 ) (768 0 768 ) 
4 47 50 (704 416 768 ) (704 416 336 ) (704 0 336 ) (704 0 768 ) 
4 47 48 (704 16 192 ) (704 416 192 ) (768 416 192 ) (768 16 192 ) 
4 48 49 (704 16 48 ) (704 416 48 ) (768 416 48 ) (768 16 48 ) 
4 49 63 (1024 288 0 ) (1024 160 0 ) (768 160 0 ) (768 288 0 ) 
4 50 162 (688 0 336 ) (704 0 336 ) (704 0 768 ) (688 0 768 ) 
4 50 51 (688 416 336 ) (688 400 336 ) (688 400 768 ) (688 416 768 ) 
4 51 83 (0 400 768 ) (0 416 768 ) (0 416 336 ) (0 400 336 ) 
4 52 58 (320 384 192 ) (672 384 192 ) (672 32 192 ) (320 32 192 ) 
4 52 53 (320 384 320 ) (320 384 192 ) (320 64 192 ) (320 64 320 ) 
4 53 85 (0 64 320 ) (0 384 320 ) (0 384 192 ) (0 64 192 ) 
4 53 60 (0 64 192 ) (0 384 192 ) (288 384 192 ) (288 64 192 ) 
4 53 59 (288 384 192 ) (320 384 192 ) (320 64 192 ) (288 64 192 ) 
4 53 54 (0 64 192 ) (288 64 192 ) (288 64 320 ) (0 64 320 ) 
4 54 86 (0 32 320 ) (0 64 320 ) (0 64 192 ) (0 32 192 ) 
4 54 61 (0 32 192 ) (0 48 192 ) (288 48 192 ) (288 32 192 ) 
4 54 60 (0 48 192 ) (0 64 192 ) (288 64 192 ) (288 48 192 ) 
4 55 58 (352 384 0 ) (672 384 0 ) (672 384 176 ) (352 384 176 ) 
4 56 57 (64 400 144 ) (64 400 48 ) (288 400 48 ) (288 400 144 ) 
4 57 89 (0 384 192 ) (0 400 192 ) (0 400 0 ) (0 384 0 ) 
4 57 60 (0 384 0 ) (288 384 0 ) (288 384 192 ) (0 384 192 ) 
4 57 59 (288 384 0 ) (320 384 0 ) (320 384 192 ) (288 384 192 ) 
4 58 59 (320 384 192 ) (320 384 0 ) (320 64 0 ) (320 64 192 ) 
4 59 60 (288 384 192 ) (288 384 0 ) (288 64 0 ) (288 64 192 ) 
4 60 91 (0 48 192 ) (0 384 192 ) (0 384 0 ) (0 48 0 ) 
4 60 61 (288 48 176 ) (288 48 192 ) (0 48 192 ) (0 48 176 ) 
4 60 62 (0 48 0 ) (288 48 0 ) (288 48 144 ) (0 48 144 ) 
4 61 92 (0 32 192 ) (0 48 192 ) (0 48 176 ) (0 32 176 ) 
4 62 93 (0 48 144 ) (0 48 0 ) (0 32 0 ) (0 32 144 ) 
4 64 102 (-1024 1440 768 ) (-1024 1440 352 ) (-1024 1232 352 ) (-1024 1232 768 ) 
4 64 76 (-320 1232 768 ) (-1024 1232 768 ) (-1024 1232 352 ) (-320 1232 352 ) 
4 64 66 (-320 1232 352 ) (-1024 1232 352 ) (-1024 1440 352 ) (-320 1440 352 ) 
4 65 78 (0 1232 128 ) (0 1232 288 ) (-304 1232 288 ) (-304 1232 128 ) 
4 65 67 (0 1232 128 ) (-304 1232 128 ) (-304 1440 128 ) (0 1440 128 ) 
4 66 102 (-1024 1440 352 ) (-1024 1440 128 ) (-1024 1232 128 ) (-1024 1232 352 ) 
4 66 79 (-1024 1232 288 ) (-1024 1232 128 ) (-336 1232 128 ) (-336 1232 288 ) 
4 66 77 (-336 1232 352 ) (-1024 1232 352 ) (-1024 1232 288 ) (-336 1232 288 ) 
4 66 68 (-336 1232 128 ) (-1024 1232 128 ) (-1024 1424 128 ) (-336 1424 128 ) 
4 67 78 (0 1232 32 ) (0 1232 128 ) (-304 1232 128 ) (-304 1232 32 ) 
4 67 69 (0 1232 32 ) (-304 1232 32 ) (-304 1440 32 ) (0 1440 32 ) 
4 68 103 (-1024 1424 32 ) (-1024 1232 32 ) (-1024 1232 128 ) (-1024 1424 128 ) 
4 68 79 (-336 1232 128 ) (-1024 1232 128 ) (-1024 1232 32 ) (-336 1232 32 ) 
4 68 74 (-816 1232 32 ) (-1024 1232 32 ) (-1024 1376 32 ) (-816 1376 32 ) 
4 68 73 (-720 1232 32 ) (-816 1232 32 ) (-816 1328 32 ) (-720 1328 32 ) 
4 68 72 (-560 1232 32 ) (-720 1232 32 ) (-720 1376 32 ) (-560 1376 32 ) 
4 68 71 (-464 1232 32 ) (-560 1232 32 ) (-560 1328 32 ) (-464 1328 32 ) 
4 68 70 (-336 1232 32 ) (-464 1232 32 ) (-464 1376 32 ) (-336 1376 32 ) 
4 70 80 (-464 1232 0 ) (-336 1232 0 ) (-336 1232 32 ) (-464 1232 32 ) 
4 70 71 (-464 1328 0 ) (-464 1232 0 ) (-464 1232 32 ) (-464 1328 32 ) 
4 71 80 (-560 1232 0 ) (-464 1232 0 ) (-464 1232 32 ) (-560 1232 32 ) 
4 71 72 (-560 1328 0 ) (-560 1232 0 ) (-560 1232 32 ) (-560 1328 32 ) 
4 72 80 (-720 1232 0 ) (-560 1232 0 ) (-560 1232 32 ) (-720 1232 32 ) 
4 72 73 (-720 1328 0 ) (-720 1232 0 ) (-720 1232 32 ) (-720 1328 32 ) 
4 73 80 (-816 1232 0 ) (-720 1232 0 ) (-720 1232 32 ) (-816 1232 32 ) 
4 73 74 (-816 1328 0 ) (-816 1232 0 ) (-816 1232 32 ) (-816 1328 32 ) 
4 74 107 (-1024 1376 0 ) (-1024 1232 0 ) (-1024 1232 32 ) (-1024 1376 32 ) 
4 74 80 (-1024 1232 0 ) (-816 1232 0 ) (-816 1232 32 ) (-1024 1232 32 ) 
4 75 81 (-320 1168 352 ) (0 1168 352 ) (0 1168 768 ) (-320 1168 768 ) 
4 75 76 (-320 1184 352 ) (-320 1168 352 ) (-320 1168 768 ) (-320 1184 768 ) 
4 76 102 (-1024 1232 768 ) (-1024 1232 352 ) (-1024 1168 352 ) (-1024 1168 768 ) 
4 76 81 (-1024 1168 768 ) (-1024 1168 352 ) (-320 1168 352 ) (-320 1168 768 ) 
4 76 77 (-336 1168 352 ) (-1024 1168 352 ) (-1024 1232 352 ) (-336 1232 352 ) 
4 77 102 (-1024 1232 352 ) (-1024 1232 288 ) (-1024 1168 288 ) (-1024 1168 352 ) 
4 77 81 (-1024 1168 352 ) (-1024 1168 288 ) (-336 1168 288 ) (-336 1168 352 ) 
4 77 79 (-336 1168 288 ) (-1024 1168 288 ) (-1024 1232 288 ) (-336 1232 288 ) 
4 78 81 (-304 1168 32 ) (0 1168 32 ) (0 1168 288 ) (-304 1168 288 ) 
4 79 103 (-1024 1232 128 ) (-1024 1232 32 ) (-1024 1168 32 ) (-1024 1168 128 ) 
4 79 102 (-1024 1232 288 ) (-1024 1232 128 ) (-1024 1168 128 ) (-1024 1168 288 ) 
4 79 81 (-1024 1168 288 ) (-1024 1168 32 ) (-336 1168 32 ) (-336 1168 288 ) 
4 79 80 (-336 1168 32 ) (-1024 1168 32 ) (-1024 1232 32 ) (-336 1232 32 ) 
4 80 107 (-1024 1232 32 ) (-1024 1232 0 ) (-1024 1168 0 ) (-1024 1168 32 ) 
4 80 81 (-1024 1168 32 ) (-1024 1168 0 ) (-336 1168 0 ) (-336 1168 32 ) 
4 81 110 (-1024 1024 0 ) (-1024 1024 32 ) (-1024 1040 32 ) (-1024 1040 0 ) 
4 81 107 (-1024 1040 32 ) (-1024 1168 32 ) (-1024 1168 0 ) (-1024 1040 0 ) 
4 81 103 (-1024 1024 32 ) (-1024 1024 128 ) (-1024 1168 128 ) (-1024 1168 32 ) 
4 81 102 (-1024 1024 128 ) (-1024 1024 768 ) (-1024 1168 768 ) (-1024 1168 128 ) 
4 81 82 (0 1024 0 ) (0 1024 768 ) (-1024 1024 768 ) (-1024 1024 0 ) 
4 82 131 (-1024 688 0 ) (-1024 416 0 ) (-1024 416 32 ) (-1024 688 32 ) 
4 82 128 (-1024 784 0 ) (-1024 688 0 ) (-1024 688 32 ) (-1024 784 32 ) 
4 82 127 (-1024 944 0 ) (-1024 784 0 ) (-1024 784 32 ) (-1024 944 32 ) 
4 82 126 (-1024 1024 32 ) (-1024 1024 0 ) (-1024 944 0 ) (-1024 944 32 ) 
4 82 122 (-1024 688 32 ) (-1024 416 32 ) (-1024 416 48 ) (-1024 688 48 ) 
4 82 120 (-1024 416 48 ) (-1024 416 184 ) (-1024 688 184 ) (-1024 688 48 ) 
4 82 119 (-1024 416 184 ) (-1024 416 768 ) (-1024 688 768 ) (-1024 688 184 ) 
4 82 113 (-1024 1024 80 ) (-1024 1024 32 ) (-1024 688 32 ) (-1024 688 80 ) 
4 82 112 (-1024 1024 768 ) (-1024 1024 80 ) (-1024 688 80 ) (-1024 688 768 ) 
4 82 101 (-1024 416 0 ) (-704 416 0 ) (-704 416 48 ) (-1024 416 48 ) 
4 82 99 (-1024 416 184 ) (-1024 416 48 ) (-768 416 48 ) (-768 416 184 ) 
4 82 98 (-768 416 768 ) (-1024 416 768 ) (-1024 416 184 ) (-768 416 184 ) 
4 82 97 (-704 416 48 ) (-704 416 192 ) (-768 416 192 ) (-768 416 48 ) 
4 82 96 (-704 416 192 ) (-704 416 768 ) (-768 416 768 ) (-768 416 192 ) 
4 82 90 (-672 416 0 ) (-352 416 0 ) (-352 416 176 ) (-672 416 176 ) 
4 82 88 (-288 416 144 ) (-288 416 48 ) (-64 416 48 ) (-64 416 144 ) 
4 82 83 (0 416 336 ) (0 416 768 ) (-688 416 768 ) (-688 416 336 ) 
4 82 84 (-688 416 768 ) (-704 416 768 ) (-704 416 336 ) (-688 416 336 ) 
4 83 84 (-688 416 336 ) (-688 400 336 ) (-688 400 768 ) (-688 416 768 ) 
4 84 206 (-688 0 768 ) (-704 0 768 ) (-704 0 336 ) (-688 0 336 ) 
4 84 96 (-704 416 768 ) (-704 416 336 ) (-704 0 336 ) (-704 0 768 ) 
4 85 94 (-320 384 192 ) (-288 384 192 ) (-288 64 192 ) (-320 64 192 ) 
4 85 91 (-288 384 192 ) (0 384 192 ) (0 64 192 ) (-288 64 192 ) 
4 85 87 (-320 384 320 ) (-320 384 192 ) (-320 64 192 ) (-320 64 320 ) 
4 85 86 (-288 64 192 ) (0 64 192 ) (0 64 320 ) (-288 64 320 ) 
4 86 92 (0 48 192 ) (0 32 192 ) (-288 32 192 ) (-288 48 192 ) 
4 86 91 (0 64 192 ) (0 48 192 ) (-288 48 192 ) (-288 64 192 ) 
4 87 95 (-672 384 192 ) (-320 384 192 ) (-320 32 192 ) (-672 32 192 ) 
4 88 89 (-288 400 48 ) (-64 400 48 ) (-64 400 144 ) (-288 400 144 ) 
4 89 94 (-288 384 192 ) (-320 384 192 ) (-320 384 0 ) (-288 384 0 ) 
4 89 91 (0 384 192 ) (-288 384 192 ) (-288 384 0 ) (0 384 0 ) 
4 90 95 (-672 384 176 ) (-672 384 0 ) (-352 384 0 ) (-352 384 176 ) 
4 91 94 (-288 384 192 ) (-288 384 0 ) (-288 64 0 ) (-288 64 192 ) 
4 91 92 (-288 48 192 ) (-288 48 176 ) (0 48 176 ) (0 48 192 ) 
4 91 93 (-288 48 144 ) (-288 48 0 ) (0 48 0 ) (0 48 144 ) 
4 94 95 (-320 384 192 ) (-320 384 0 ) (-320 64 0 ) (-320 64 192 ) 
4 96 211 (-768 0 320 ) (-768 0 192 ) (-704 0 192 ) (-704 0 320 ) 
4 96 207 (-768 0 336 ) (-768 0 320 ) (-704 0 320 ) (-704 0 336 ) 
4 96 206 (-768 0 768 ) (-768 0 336 ) (-704 0 336 ) (-704 0 768 ) 
4 96 98 (-768 416 768 ) (-768 416 192 ) (-768 0 192 ) (-768 0 768 ) 
4 96 97 (-768 16 192 ) (-768 416 192 ) (-704 416 192 ) (-704 16 192 ) 
4 97 101 (-768 416 48 ) (-704 416 48 ) (-704 16 48 ) (-768 16 48 ) 
4 97 99 (-768 416 184 ) (-768 416 48 ) (-768 16 48 ) (-768 16 184 ) 
4 97 98 (-768 416 192 ) (-768 416 184 ) (-768 16 184 ) (-768 16 192 ) 
4 98 219 (-1024 0 192 ) (-1024 0 184 ) (-768 0 184 ) (-768 0 192 ) 
4 98 211 (-1024 0 320 ) (-1024 0 192 ) (-768 0 192 ) (-768 0 320 ) 
4 98 207 (-1024 0 336 ) (-1024 0 320 ) (-768 0 320 ) (-768 0 336 ) 
4 98 206 (-1024 0 768 ) (-1024 0 336 ) (-768 0 336 ) (-768 0 768 ) 
4 98 119 (-1024 0 184 ) (-1024 0 768 ) (-1024 416 768 ) (-1024 416 184 ) 
4 98 100 (-1024 0 184 ) (-1024 4 184 ) (-768 4 184 ) (-768 0 184 ) 
4 98 99 (-1024 4 184 ) (-1024 416 184 ) (-768 416 184 ) (-768 4 184 ) 
4 99 120 (-1024 4 184 ) (-1024 416 184 ) (-1024 416 48 ) (-1024 4 48 ) 
4 99 101 (-1024 416 48 ) (-768 416 48 ) (-768 16 48 ) (-1024 16 48 ) 
4 99 100 (-1024 4 48 ) (-768 4 48 ) (-768 4 184 ) (-1024 4 184 ) 
4 100 220 (-1024 0 184 ) (-1024 0 48 ) (-768 0 48 ) (-768 0 184 ) 
4 100 121 (-1024 0 48 ) (-1024 0 184 ) (-1024 4 184 ) (-1024 4 48 ) 
4 101 131 (-1024 416 32 ) (-1024 416 0 ) (-1024 16 0 ) (-1024 16 32 ) 
4 101 122 (-1024 16 48 ) (-1024 416 48 ) (-1024 416 32 ) (-1024 16 32 ) 
4 102 124 (-1456 1024 768 ) (-1472 1024 768 ) (-1472 1024 128 ) (-1456 1024 128 ) 
4 102 123 (-1344 1024 768 ) (-1456 1024 768 ) (-1456 1024 128 ) (-1344 1024 128 ) 
4 102 112 (-1024 1024 128 ) (-1024 1024 768 ) (-1344 1024 768 ) (-1344 1024 128 ) 
4 102 106 (-1456 1424 128 ) (-1168 1424 128 ) (-1168 1024 128 ) (-1456 1024 128 ) 
4 102 105 (-1136 1040 128 ) (-1136 1024 128 ) (-1168 1024 128 ) (-1168 1040 128 ) 
4 102 104 (-1168 1424 128 ) (-1136 1424 128 ) (-1136 1040 128 ) (-1168 1040 128 ) 
4 102 103 (-1136 1424 128 ) (-1024 1424 128 ) (-1024 1024 128 ) (-1136 1024 128 ) 
4 103 117 (-1096 1024 80 ) (-1136 1024 80 ) (-1136 1024 32 ) (-1096 1024 32 ) 
4 103 114 (-1064 1024 80 ) (-1096 1024 80 ) (-1096 1024 32 ) (-1064 1024 32 ) 
4 103 113 (-1024 1024 32 ) (-1024 1024 80 ) (-1064 1024 80 ) (-1064 1024 32 ) 
4 103 112 (-1024 1024 80 ) (-1024 1024 128 ) (-1136 1024 128 ) (-1136 1024 80 ) 
4 103 110 (-1024 1024 32 ) (-1040 1024 32 ) (-1040 1040 32 ) (-1024 1040 32 ) 
4 103 108 (-1136 1056 32 ) (-1136 1376 32 ) (-1088 1376 32 ) (-1088 1056 32 ) 
4 103 107 (-1088 1376 32 ) (-1024 1376 32 ) (-1024 1040 32 ) (-1088 1040 32 ) 
4 103 105 (-1136 1024 80 ) (-1136 1024 128 ) (-1136 1040 128 ) (-1136 1040 80 ) 
4 103 104 (-1136 1424 128 ) (-1136 1424 32 ) (-1136 1040 32 ) (-1136 1040 128 ) 
4 104 108 (-1168 1056 32 ) (-1168 1376 32 ) (-1136 1376 32 ) (-1136 1056 32 ) 
4 104 106 (-1168 1424 128 ) (-1168 1424 32 ) (-1168 1040 32 ) (-1168 1040 128 ) 
4 104 105 (-1168 1040 128 ) (-1168 1040 80 ) (-1136 1040 80 ) (-1136 1040 128 ) 
4 105 112 (-1136 1024 128 ) (-1168 1024 128 ) (-1168 1024 80 ) (-1136 1024 80 ) 
4 105 106 (-1168 1024 80 ) (-1168 1024 128 ) (-1168 1040 128 ) (-1168 1040 80 ) 
4 106 123 (-1344 1024 128 ) (-1456 1024 128 ) (-1456 1024 32 ) (-1344 1024 32 ) 
4 106 118 (-1344 1024 80 ) (-1344 1024 32 ) (-1168 1024 32 ) (-1168 1024 80 ) 
4 106 112 (-1168 1024 128 ) (-1344 1024 128 ) (-1344 1024 80 ) (-1168 1024 80 ) 
4 106 111 (-1264 1024 32 ) (-1408 1024 32 ) (-1408 1040 32 ) (-1264 1040 32 ) 
4 106 109 (-1408 1376 32 ) (-1216 1376 32 ) (-1216 1040 32 ) (-1408 1040 32 ) 
4 106 108 (-1216 1376 32 ) (-1168 1376 32 ) (-1168 1056 32 ) (-1216 1056 32 ) 
4 107 110 (-1024 1040 32 ) (-1040 1040 32 ) (-1040 1040 0 ) (-1024 1040 0 ) 
4 107 108 (-1088 1376 32 ) (-1088 1376 0 ) (-1088 1056 0 ) (-1088 1056 32 ) 
4 108 109 (-1216 1376 32 ) (-1216 1376 0 ) (-1216 1056 0 ) (-1216 1056 32 ) 
4 109 111 (-1264 1040 32 ) (-1408 1040 32 ) (-1408 1040 0 ) (-1264 1040 0 ) 
4 110 126 (-1024 1024 0 ) (-1024 1024 32 ) (-1040 1024 32 ) (-1040 1024 0 ) 
4 111 130 (-1264 1024 32 ) (-1408 1024 32 ) (-1408 1024 0 ) (-1264 1024 0 ) 
4 112 123 (-1344 688 80 ) (-1344 688 768 ) (-1344 1024 768 ) (-1344 1024 80 ) 
4 112 120 (-1344 688 184 ) (-1344 688 80 ) (-1024 688 80 ) (-1024 688 184 ) 
4 112 119 (-1344 688 768 ) (-1344 688 184 ) (-1024 688 184 ) (-1024 688 768 ) 
4 112 117 (-1096 688 80 ) (-1136 688 80 ) (-1136 1024 80 ) (-1096 1024 80 ) 
4 112 115 (-1096 712 80 ) (-1096 760 80 ) (-1064 760 80 ) (-1064 712 80 ) 
4 112 114 (-1096 760 80 ) (-1096 1024 80 ) (-1064 1024 80 ) (-1064 760 80 ) 
4 112 116 (-1064 688 80 ) (-1096 688 80 ) (-1096 712 80 ) (-1064 712 80 ) 
4 112 113 (-1024 688 80 ) (-1064 688 80 ) (-1064 1024 80 ) (-1024 1024 80 ) 
4 112 118 (-1168 688 80 ) (-1344 688 80 ) (-1344 1024 80 ) (-1168 1024 80 ) 
4 113 128 (-1024 784 32 ) (-1024 688 32 ) (-1040 688 32 ) (-1040 784 32 ) 
4 113 127 (-1024 944 32 ) (-1024 784 32 ) (-1064 784 32 ) (-1064 944 32 ) 
4 113 126 (-1040 1024 32 ) (-1024 1024 32 ) (-1024 944 32 ) (-1040 944 32 ) 
4 113 122 (-1064 688 32 ) (-1024 688 32 ) (-1024 688 48 ) (-1064 688 48 ) 
4 113 120 (-1024 688 48 ) (-1024 688 80 ) (-1064 688 80 ) (-1064 688 48 ) 
4 113 115 (-1064 712 34 ) (-1064 712 80 ) (-1064 760 80 ) (-1064 760 34 ) 
4 113 114 (-1064 1024 32 ) (-1064 760 32 ) (-1064 760 80 ) (-1064 1024 80 ) 
4 113 116 (-1064 712 32 ) (-1064 688 32 ) (-1064 688 80 ) (-1064 712 80 ) 
4 114 127 (-1064 944 32 ) (-1064 784 32 ) (-1088 784 32 ) (-1088 944 32 ) 
4 114 117 (-1096 1024 32 ) (-1096 760 32 ) (-1096 760 80 ) (-1096 1024 80 ) 
4 114 115 (-1096 760 80 ) (-1096 760 34 ) (-1064 760 34 ) (-1064 760 80 ) 
4 115 117 (-1096 712 34 ) (-1096 712 80 ) (-1096 760 80 ) (-1096 760 34 ) 
4 115 116 (-1096 712 80 ) (-1096 712 34 ) (-1064 712 34 ) (-1064 712 80 ) 
4 116 122 (-1096 688 32 ) (-1064 688 32 ) (-1064 688 48 ) (-1096 688 48 ) 
4 116 120 (-1064 688 48 ) (-1064 688 80 ) (-1096 688 80 ) (-1096 688 48 ) 
4 116 117 (-1096 712 32 ) (-1096 688 32 ) (-1096 688 80 ) (-1096 712 80 ) 
4 117 122 (-1136 688 32 ) (-1096 688 32 ) (-1096 688 48 ) (-1136 688 48 ) 
4 117 120 (-1096 688 48 ) (-1096 688 80 ) (-1136 688 80 ) (-1136 688 48 ) 
4 118 130 (-1344 688 32 ) (-1344 1024 32 ) (-1264 1024 32 ) (-1264 688 32 ) 
4 118 129 (-1216 784 32 ) (-1264 784 32 ) (-1264 944 32 ) (-1216 944 32 ) 
4 118 123 (-1344 1024 32 ) (-1344 688 32 ) (-1344 688 80 ) (-1344 1024 80 ) 
4 118 122 (-1344 688 48 ) (-1344 688 32 ) (-1168 688 32 ) (-1168 688 48 ) 
4 118 120 (-1344 688 80 ) (-1344 688 48 ) (-1168 688 48 ) (-1168 688 80 ) 
4 119 243 (-1024 0 184 ) (-1024 0 192 ) (-1344 0 192 ) (-1344 0 184 ) 
4 119 242 (-1024 0 192 ) (-1024 0 768 ) (-1344 0 768 ) (-1344 0 192 ) 
4 119 125 (-1344 0 192 ) (-1344 0 768 ) (-1344 16 768 ) (-1344 16 192 ) 
4 119 123 (-1344 16 768 ) (-1344 688 768 ) (-1344 688 184 ) (-1344 16 184 ) 
4 119 121 (-1024 0 184 ) (-1344 0 184 ) (-1344 4 184 ) (-1024 4 184 ) 
4 119 120 (-1344 4 184 ) (-1344 688 184 ) (-1024 688 184 ) (-1024 4 184 ) 
4 120 123 (-1344 16 184 ) (-1344 688 184 ) (-1344 688 48 ) (-1344 16 48 ) 
4 120 122 (-1344 16 48 ) (-1344 688 48 ) (-1024 688 48 ) (-1024 16 48 ) 
4 120 121 (-1344 4 48 ) (-1024 4 48 ) (-1024 4 184 ) (-1344 4 184 ) 
4 121 244 (-1024 0 48 ) (-1024 0 184 ) (-1344 0 184 ) (-1344 0 48 ) 
4 122 133 (-1344 16 32 ) (-1344 688 32 ) (-1216 688 32 ) (-1216 16 32 ) 
4 122 132 (-1088 672 32 ) (-1088 16 32 ) (-1216 16 32 ) (-1216 672 32 ) 
4 122 131 (-1088 688 32 ) (-1024 688 32 ) (-1024 16 32 ) (-1088 16 32 ) 
4 122 123 (-1344 688 32 ) (-1344 16 32 ) (-1344 16 48 ) (-1344 688 48 ) 
4 123 133 (-1344 688 32 ) (-1344 16 32 ) (-1408 16 32 ) (-1408 688 32 ) 
4 123 130 (-1408 1024 32 ) (-1344 1024 32 ) (-1344 688 32 ) (-1408 688 32 ) 
4 123 125 (-1344 16 192 ) (-1344 16 768 ) (-1456 16 768 ) (-1456 16 192 ) 
4 123 124 (-1456 16 128 ) (-1456 16 768 ) (-1456 1024 768 ) (-1456 1024 128 ) 
4 124 125 (-1472 16 768 ) (-1472 16 192 ) (-1456 16 192 ) (-1456 16 768 ) 
4 125 242 (-1472 0 768 ) (-1472 0 192 ) (-1344 0 192 ) (-1344 0 768 ) 
4 126 127 (-1040 944 0 ) (-1024 944 0 ) (-1024 944 32 ) (-1040 944 32 ) 
4 127 128 (-1040 784 0 ) (-1024 784 0 ) (-1024 784 32 ) (-1040 784 32 ) 
4 128 131 (-1040 688 0 ) (-1024 688 0 ) (-1024 688 32 ) (-1040 688 32 ) 
4 129 130 (-1264 944 0 ) (-1264 784 0 ) (-1264 784 32 ) (-1264 944 32 ) 
4 130 133 (-1408 688 0 ) (-1264 688 0 ) (-1264 688 32 ) (-1408 688 32 ) 
4 131 132 (-1088 672 0 ) (-1088 16 0 ) (-1088 16 32 ) (-1088 672 32 ) 
4 132 133 (-1216 672 0 ) (-1216 16 0 ) (-1216 16 32 ) (-1216 672 32 ) 
4 134 137 (1344 -16 192 ) (1344 -16 768 ) (1344 0 768 ) (1344 0 192 ) 
4 134 135 (1344 -16 768 ) (1344 -16 192 ) (1472 -16 192 ) (1472 -16 768 ) 
4 135 177 (1344 -1024 768 ) (1344 -1024 128 ) (1472 -1024 128 ) (1472 -1024 768 ) 
4 135 141 (1344 -1024 128 ) (1344 -1024 768 ) (1344 -688 768 ) (1344 -688 128 ) 
4 135 139 (1344 -16 184 ) (1344 -16 128 ) (1344 -688 128 ) (1344 -688 184 ) 
4 135 137 (1344 -688 768 ) (1344 -16 768 ) (1344 -16 184 ) (1344 -688 184 ) 
4 135 136 (1344 -1024 128 ) (1344 -16 128 ) (1456 -16 128 ) (1456 -1024 128 ) 
4 136 178 (1344 -1024 128 ) (1344 -1024 32 ) (1456 -1024 32 ) (1456 -1024 128 ) 
4 136 151 (1408 -1024 32 ) (1344 -1024 32 ) (1344 -688 32 ) (1408 -688 32 ) 
4 136 148 (1344 -688 32 ) (1344 -16 32 ) (1408 -16 32 ) (1408 -688 32 ) 
4 136 142 (1344 -688 32 ) (1344 -1024 32 ) (1344 -1024 80 ) (1344 -688 80 ) 
4 136 141 (1344 -1024 80 ) (1344 -1024 128 ) (1344 -688 128 ) (1344 -688 80 ) 
4 136 140 (1344 -16 32 ) (1344 -688 32 ) (1344 -688 48 ) (1344 -16 48 ) 
4 136 139 (1344 -688 48 ) (1344 -688 128 ) (1344 -16 128 ) (1344 -16 48 ) 
4 137 176 (1024 -416 184 ) (1024 -688 184 ) (1024 -688 768 ) (1024 -416 768 ) 
4 137 156 (1024 0 768 ) (1024 0 184 ) (1024 -416 184 ) (1024 -416 768 ) 
4 137 141 (1024 -688 768 ) (1024 -688 184 ) (1344 -688 184 ) (1344 -688 768 ) 
4 137 139 (1344 -688 184 ) (1024 -688 184 ) (1024 -4 184 ) (1344 -4 184 ) 
4 137 138 (1024 -4 184 ) (1024 0 184 ) (1344 0 184 ) (1344 -4 184 ) 
4 138 157 (1024 0 184 ) (1024 0 48 ) (1024 -4 48 ) (1024 -4 184 ) 
4 138 139 (1024 -4 48 ) (1344 -4 48 ) (1344 -4 184 ) (1024 -4 184 ) 
4 139 176 (1024 -416 48 ) (1024 -688 48 ) (1024 -688 184 ) (1024 -416 184 ) 
4 139 158 (1024 -4 48 ) (1024 -416 48 ) (1024 -416 184 ) (1024 -4 184 ) 
4 139 144 (1064 -688 48 ) (1096 -688 48 ) (1096 -688 80 ) (1064 -688 80 ) 
4 139 143 (1096 -688 48 ) (1136 -688 48 ) (1136 -688 80 ) (1096 -688 80 ) 
4 139 147 (1024 -688 80 ) (1024 -688 48 ) (1064 -688 48 ) (1064 -688 80 ) 
4 139 142 (1168 -688 48 ) (1344 -688 48 ) (1344 -688 80 ) (1168 -688 80 ) 
4 139 141 (1024 -688 184 ) (1024 -688 80 ) (1344 -688 80 ) (1344 -688 184 ) 
4 139 140 (1344 -688 48 ) (1024 -688 48 ) (1024 -16 48 ) (1344 -16 48 ) 
4 140 176 (1024 -416 32 ) (1024 -688 32 ) (1024 -688 48 ) (1024 -416 48 ) 
4 140 161 (1024 -16 32 ) (1024 -416 32 ) (1024 -416 48 ) (1024 -16 48 ) 
4 140 149 (1088 -16 32 ) (1216 -16 32 ) (1216 -672 32 ) (1088 -672 32 ) 
4 140 150 (1024 -688 32 ) (1024 -16 32 ) (1088 -16 32 ) (1088 -688 32 ) 
4 140 148 (1216 -16 32 ) (1344 -16 32 ) (1344 -688 32 ) (1216 -688 32 ) 
4 140 144 (1064 -688 32 ) (1096 -688 32 ) (1096 -688 48 ) (1064 -688 48 ) 
4 140 143 (1096 -688 32 ) (1136 -688 32 ) (1136 -688 48 ) (1096 -688 48 ) 
4 140 147 (1024 -688 48 ) (1024 -688 32 ) (1064 -688 32 ) (1064 -688 48 ) 
4 140 142 (1168 -688 32 ) (1344 -688 32 ) (1344 -688 48 ) (1168 -688 48 ) 
4 141 179 (1136 -1024 80 ) (1168 -1024 80 ) (1168 -1024 128 ) (1136 -1024 128 ) 
4 141 181 (1024 -1024 128 ) (1024 -1024 80 ) (1136 -1024 80 ) (1136 -1024 128 ) 
4 141 178 (1168 -1024 80 ) (1344 -1024 80 ) (1344 -1024 128 ) (1168 -1024 128 ) 
4 141 177 (1024 -1024 768 ) (1024 -1024 128 ) (1344 -1024 128 ) (1344 -1024 768 ) 
4 141 176 (1024 -1024 80 ) (1024 -1024 768 ) (1024 -688 768 ) (1024 -688 80 ) 
4 141 145 (1096 -712 80 ) (1096 -760 80 ) (1064 -760 80 ) (1064 -712 80 ) 
4 141 144 (1064 -688 80 ) (1096 -688 80 ) (1096 -712 80 ) (1064 -712 80 ) 
4 141 146 (1096 -760 80 ) (1096 -1024 80 ) (1064 -1024 80 ) (1064 -760 80 ) 
4 141 143 (1096 -688 80 ) (1136 -688 80 ) (1136 -1024 80 ) (1096 -1024 80 ) 
4 141 147 (1024 -688 80 ) (1064 -688 80 ) (1064 -1024 80 ) (1024 -1024 80 ) 
4 141 142 (1168 -688 80 ) (1344 -688 80 ) (1344 -1024 80 ) (1168 -1024 80 ) 
4 142 178 (1168 -1024 32 ) (1344 -1024 32 ) (1344 -1024 80 ) (1168 -1024 80 ) 
4 142 152 (1264 -784 32 ) (1264 -944 32 ) (1216 -944 32 ) (1216 -784 32 ) 
4 142 151 (1264 -688 32 ) (1344 -688 32 ) (1344 -1024 32 ) (1264 -1024 32 ) 
4 143 181 (1096 -1024 32 ) (1136 -1024 32 ) (1136 -1024 80 ) (1096 -1024 80 ) 
4 143 145 (1096 -760 80 ) (1096 -712 80 ) (1096 -712 34 ) (1096 -760 34 ) 
4 143 144 (1096 -712 80 ) (1096 -688 80 ) (1096 -688 32 ) (1096 -712 32 ) 
4 143 146 (1096 -1024 80 ) (1096 -760 80 ) (1096 -760 32 ) (1096 -1024 32 ) 
4 144 145 (1064 -712 80 ) (1064 -712 34 ) (1096 -712 34 ) (1096 -712 80 ) 
4 144 147 (1064 -712 80 ) (1064 -688 80 ) (1064 -688 32 ) (1064 -712 32 ) 
4 145 147 (1064 -760 80 ) (1064 -712 80 ) (1064 -712 34 ) (1064 -760 34 ) 
4 145 146 (1064 -760 80 ) (1064 -760 34 ) (1096 -760 34 ) (1096 -760 80 ) 
4 146 181 (1064 -1024 32 ) (1096 -1024 32 ) (1096 -1024 80 ) (1064 -1024 80 ) 
4 146 154 (1088 -944 32 ) (1064 -944 32 ) (1064 -784 32 ) (1088 -784 32 ) 
4 146 147 (1064 -1024 80 ) (1064 -760 80 ) (1064 -760 32 ) (1064 -1024 32 ) 
4 147 181 (1024 -1024 80 ) (1024 -1024 32 ) (1064 -1024 32 ) (1064 -1024 80 ) 
4 147 176 (1024 -688 32 ) (1024 -1024 32 ) (1024 -1024 80 ) (1024 -688 80 ) 
4 147 155 (1024 -1024 32 ) (1024 -944 32 ) (1040 -944 32 ) (1040 -1024 32 ) 
4 147 154 (1024 -944 32 ) (1024 -784 32 ) (1064 -784 32 ) (1064 -944 32 ) 
4 147 153 (1024 -784 32 ) (1024 -688 32 ) (1040 -688 32 ) (1040 -784 32 ) 
4 148 151 (1264 -688 0 ) (1408 -688 0 ) (1408 -688 32 ) (1264 -688 32 ) 
4 148 149 (1216 -16 32 ) (1216 -16 0 ) (1216 -672 0 ) (1216 -672 32 ) 
4 149 150 (1088 -16 32 ) (1088 -16 0 ) (1088 -672 0 ) (1088 -672 32 ) 
4 150 176 (1024 -416 0 ) (1024 -688 0 ) (1024 -688 32 ) (1024 -416 32 ) 
4 150 161 (1024 -16 0 ) (1024 -416 0 ) (1024 -416 32 ) (1024 -16 32 ) 
4 150 153 (1024 -688 0 ) (1040 -688 0 ) (1040 -688 32 ) (1024 -688 32 ) 
4 151 182 (1408 -1024 32 ) (1264 -1024 32 ) (1264 -1024 0 ) (1408 -1024 0 ) 
4 151 152 (1264 -784 0 ) (1264 -944 0 ) (1264 -944 32 ) (1264 -784 32 ) 
4 153 176 (1024 -688 0 ) (1024 -784 0 ) (1024 -784 32 ) (1024 -688 32 ) 
4 153 154 (1024 -784 0 ) (1040 -784 0 ) (1040 -784 32 ) (1024 -784 32 ) 
4 154 176 (1024 -784 0 ) (1024 -944 0 ) (1024 -944 32 ) (1024 -784 32 ) 
4 154 155 (1024 -944 0 ) (1040 -944 0 ) (1040 -944 32 ) (1024 -944 32 ) 
4 155 183 (1040 -1024 32 ) (1024 -1024 32 ) (1024 -1024 0 ) (1040 -1024 0 ) 
4 155 176 (1024 -944 0 ) (1024 -1024 0 ) (1024 -1024 32 ) (1024 -944 32 ) 
4 156 176 (1024 -416 184 ) (1024 -416 768 ) (768 -416 768 ) (768 -416 184 ) 
4 156 160 (768 -416 184 ) (768 -416 192 ) (768 -16 192 ) (768 -16 184 ) 
4 156 159 (768 -416 192 ) (768 -416 768 ) (768 0 768 ) (768 0 192 ) 
4 156 158 (1024 -416 184 ) (768 -416 184 ) (768 -4 184 ) (1024 -4 184 ) 
4 156 157 (768 -4 184 ) (768 0 184 ) (1024 0 184 ) (1024 -4 184 ) 
4 157 158 (1024 -4 184 ) (768 -4 184 ) (768 -4 48 ) (1024 -4 48 ) 
4 158 176 (1024 -416 48 ) (1024 -416 184 ) (768 -416 184 ) (768 -416 48 ) 
4 158 161 (1024 -416 48 ) (768 -416 48 ) (768 -16 48 ) (1024 -16 48 ) 
4 158 160 (768 -16 48 ) (768 -416 48 ) (768 -416 184 ) (768 -16 184 ) 
4 159 176 (704 -416 768 ) (704 -416 192 ) (768 -416 192 ) (768 -416 768 ) 
4 159 162 (704 -416 336 ) (704 -416 768 ) (704 0 768 ) (704 0 336 ) 
4 159 160 (704 -416 192 ) (704 -16 192 ) (768 -16 192 ) (768 -416 192 ) 
4 160 176 (704 -416 192 ) (704 -416 48 ) (768 -416 48 ) (768 -416 192 ) 
4 160 161 (768 -416 48 ) (704 -416 48 ) (704 -16 48 ) (768 -16 48 ) 
4 161 176 (704 -416 0 ) (1024 -416 0 ) (1024 -416 48 ) (704 -416 48 ) 
4 162 176 (688 -416 336 ) (704 -416 336 ) (704 -416 768 ) (688 -416 768 ) 
4 162 163 (688 -400 336 ) (688 -416 336 ) (688 -416 768 ) (688 -400 768 ) 
4 163 205 (0 -400 336 ) (0 -416 336 ) (0 -416 768 ) (0 -400 768 ) 
4 163 176 (0 -416 768 ) (0 -416 336 ) (688 -416 336 ) (688 -416 768 ) 
4 164 167 (672 -384 192 ) (320 -384 192 ) (320 -32 192 ) (672 -32 192 ) 
4 164 166 (320 -64 192 ) (320 -384 192 ) (320 -384 320 ) (320 -64 320 ) 
4 165 208 (0 -32 192 ) (0 -64 192 ) (0 -64 320 ) (0 -32 320 ) 
4 165 169 (0 -48 192 ) (0 -32 192 ) (288 -32 192 ) (288 -48 192 ) 
4 165 171 (0 -64 192 ) (0 -48 192 ) (288 -48 192 ) (288 -64 192 ) 
4 165 166 (0 -64 192 ) (288 -64 192 ) (288 -64 320 ) (0 -64 320 ) 
4 166 209 (0 -64 192 ) (0 -384 192 ) (0 -384 320 ) (0 -64 320 ) 
4 166 171 (288 -384 192 ) (0 -384 192 ) (0 -64 192 ) (288 -64 192 ) 
4 166 168 (320 -384 192 ) (288 -384 192 ) (288 -64 192 ) (320 -64 192 ) 
4 167 172 (352 -384 0 ) (672 -384 0 ) (672 -384 176 ) (352 -384 176 ) 
4 167 168 (320 -64 0 ) (320 -384 0 ) (320 -384 192 ) (320 -64 192 ) 
4 168 175 (288 -384 0 ) (320 -384 0 ) (320 -384 48 ) (288 -384 48 ) 
4 168 173 (320 -384 48 ) (320 -384 192 ) (288 -384 192 ) (288 -384 48 ) 
4 168 171 (288 -64 0 ) (288 -384 0 ) (288 -384 192 ) (288 -64 192 ) 
4 169 213 (0 -48 176 ) (0 -48 192 ) (0 -32 192 ) (0 -32 176 ) 
4 169 171 (288 -48 176 ) (288 -48 192 ) (0 -48 192 ) (0 -48 176 ) 
4 170 214 (0 -32 0 ) (0 -48 0 ) (0 -48 144 ) (0 -32 144 ) 
4 170 171 (0 -48 0 ) (288 -48 0 ) (288 -48 144 ) (0 -48 144 ) 
4 171 215 (0 -48 0 ) (0 -384 0 ) (0 -384 192 ) (0 -48 192 ) 
4 171 175 (0 -384 0 ) (288 -384 0 ) (288 -384 48 ) (0 -384 48 ) 
4 171 173 (288 -384 48 ) (288 -384 192 ) (0 -384 192 ) (0 -384 48 ) 
4 172 176 (352 -416 0 ) (672 -416 0 ) (672 -416 176 ) (352 -416 176 ) 
4 173 223 (0 -400 192 ) (0 -384 192 ) (0 -384 48 ) (0 -400 48 ) 
4 173 175 (0 -384 48 ) (320 -384 48 ) (320 -400 48 ) (0 -400 48 ) 
4 173 174 (64 -400 48 ) (288 -400 48 ) (288 -400 144 ) (64 -400 144 ) 
4 174 176 (64 -416 48 ) (288 -416 48 ) (288 -416 144 ) (64 -416 144 ) 
4 175 223 (0 -384 0 ) (0 -400 0 ) (0 -400 48 ) (0 -384 48 ) 
4 176 227 (0 -416 0 ) (0 -1024 0 ) (0 -1024 768 ) (0 -416 768 ) 
4 176 187 (1024 -1024 0 ) (1024 -1024 768 ) (0 -1024 768 ) (0 -1024 0 ) 
4 177 195 (1024 -1232 128 ) (1024 -1440 128 ) (1024 -1440 352 ) (1024 -1232 352 ) 
4 177 194 (1024 -1440 352 ) (1024 -1440 768 ) (1024 -1232 768 ) (1024 -1232 352 ) 
4 177 191 (1024 -1168 128 ) (1024 -1232 128 ) (1024 -1232 288 ) (1024 -1168 288 ) 
4 177 190 (1024 -1232 288 ) (1024 -1232 352 ) (1024 -1168 352 ) (1024 -1168 288 ) 
4 177 188 (1024 -1232 352 ) (1024 -1232 768 ) (1024 -1168 768 ) (1024 -1168 352 ) 
4 177 187 (1024 -1024 768 ) (1024 -1024 128 ) (1024 -1168 128 ) (1024 -1168 768 ) 
4 177 179 (1136 -1024 128 ) (1168 -1024 128 ) (1168 -1040 128 ) (1136 -1040 128 ) 
4 177 180 (1168 -1040 128 ) (1168 -1424 128 ) (1136 -1424 128 ) (1136 -1040 128 ) 
4 177 181 (1024 -1424 128 ) (1024 -1024 128 ) (1136 -1024 128 ) (1136 -1424 128 ) 
4 177 178 (1168 -1024 128 ) (1456 -1024 128 ) (1456 -1424 128 ) (1168 -1424 128 ) 
4 178 185 (1216 -1376 32 ) (1168 -1376 32 ) (1168 -1056 32 ) (1216 -1056 32 ) 
4 178 184 (1408 -1376 32 ) (1216 -1376 32 ) (1216 -1040 32 ) (1408 -1040 32 ) 
4 178 182 (1264 -1024 32 ) (1408 -1024 32 ) (1408 -1040 32 ) (1264 -1040 32 ) 
4 178 179 (1168 -1040 80 ) (1168 -1040 128 ) (1168 -1024 128 ) (1168 -1024 80 ) 
4 178 180 (1168 -1040 32 ) (1168 -1424 32 ) (1168 -1424 128 ) (1168 -1040 128 ) 
4 179 180 (1136 -1040 128 ) (1136 -1040 80 ) (1168 -1040 80 ) (1168 -1040 128 ) 
4 179 181 (1136 -1040 80 ) (1136 -1040 128 ) (1136 -1024 128 ) (1136 -1024 80 ) 
4 180 185 (1168 -1056 32 ) (1168 -1376 32 ) (1136 -1376 32 ) (1136 -1056 32 ) 
4 180 181 (1136 -1040 32 ) (1136 -1424 32 ) (1136 -1424 128 ) (1136 -1040 128 ) 
4 181 197 (1024 -1232 32 ) (1024 -1424 32 ) (1024 -1424 128 ) (1024 -1232 128 ) 
4 181 191 (1024 -1168 32 ) (1024 -1232 32 ) (1024 -1232 128 ) (1024 -1168 128 ) 
4 181 187 (1024 -1024 128 ) (1024 -1024 32 ) (1024 -1168 32 ) (1024 -1168 128 ) 
4 181 185 (1136 -1056 32 ) (1136 -1376 32 ) (1088 -1376 32 ) (1088 -1056 32 ) 
4 181 186 (1088 -1376 32 ) (1024 -1376 32 ) (1024 -1040 32 ) (1088 -1040 32 ) 
4 181 183 (1024 -1024 32 ) (1040 -1024 32 ) (1040 -1040 32 ) (1024 -1040 32 ) 
4 182 184 (1264 -1040 0 ) (1408 -1040 0 ) (1408 -1040 32 ) (1264 -1040 32 ) 
4 183 187 (1024 -1024 32 ) (1024 -1024 0 ) (1024 -1040 0 ) (1024 -1040 32 ) 
4 183 186 (1024 -1040 0 ) (1040 -1040 0 ) (1040 -1040 32 ) (1024 -1040 32 ) 
4 184 185 (1216 -1056 0 ) (1216 -1376 0 ) (1216 -1376 32 ) (1216 -1056 32 ) 
4 185 186 (1088 -1056 0 ) (1088 -1376 0 ) (1088 -1376 32 ) (1088 -1056 32 ) 
4 186 199 (1024 -1232 0 ) (1024 -1376 0 ) (1024 -1376 32 ) (1024 -1232 32 ) 
4 186 193 (1024 -1168 0 ) (1024 -1232 0 ) (1024 -1232 32 ) (1024 -1168 32 ) 
4 186 187 (1024 -1040 0 ) (1024 -1168 0 ) (1024 -1168 32 ) (1024 -1040 32 ) 
4 187 229 (0 -1024 768 ) (0 -1024 0 ) (0 -1168 0 ) (0 -1168 768 ) 
4 187 193 (336 -1168 0 ) (1024 -1168 0 ) (1024 -1168 32 ) (336 -1168 32 ) 
4 187 192 (304 -1168 288 ) (0 -1168 288 ) (0 -1168 32 ) (304 -1168 32 ) 
4 187 191 (1024 -1168 32 ) (1024 -1168 288 ) (336 -1168 288 ) (336 -1168 32 ) 
4 187 190 (1024 -1168 288 ) (1024 -1168 352 ) (336 -1168 352 ) (336 -1168 288 ) 
4 187 189 (320 -1168 768 ) (0 -1168 768 ) (0 -1168 352 ) (320 -1168 352 ) 
4 187 188 (1024 -1168 352 ) (1024 -1168 768 ) (320 -1168 768 ) (320 -1168 352 ) 
4 188 194 (320 -1232 352 ) (1024 -1232 352 ) (1024 -1232 768 ) (320 -1232 768 ) 
4 188 190 (1024 -1232 352 ) (336 -1232 352 ) (336 -1168 352 ) (1024 -1168 352 ) 
4 188 189 (320 -1168 352 ) (320 -1184 352 ) (320 -1184 768 ) (320 -1168 768 ) 
4 189 230 (0 -1168 768 ) (0 -1168 352 ) (0 -1184 352 ) (0 -1184 768 ) 
4 190 195 (336 -1232 288 ) (1024 -1232 288 ) (1024 -1232 352 ) (336 -1232 352 ) 
4 190 191 (1024 -1232 288 ) (336 -1232 288 ) (336 -1168 288 ) (1024 -1168 288 ) 
4 191 197 (336 -1232 32 ) (1024 -1232 32 ) (1024 -1232 128 ) (336 -1232 128 ) 
4 191 195 (1024 -1232 128 ) (1024 -1232 288 ) (336 -1232 288 ) (336 -1232 128 ) 
4 191 193 (1024 -1232 32 ) (336 -1232 32 ) (336 -1168 32 ) (1024 -1168 32 ) 
4 192 233 (0 -1168 288 ) (0 -1168 32 ) (0 -1232 32 ) (0 -1232 288 ) 
4 192 198 (0 -1232 128 ) (0 -1232 32 ) (304 -1232 32 ) (304 -1232 128 ) 
4 192 196 (0 -1232 288 ) (0 -1232 128 ) (304 -1232 128 ) (304 -1232 288 ) 
4 193 203 (336 -1232 0 ) (464 -1232 0 ) (464 -1232 32 ) (336 -1232 32 ) 
4 193 202 (464 -1232 0 ) (560 -1232 0 ) (560 -1232 32 ) (464 -1232 32 ) 
4 193 201 (560 -1232 0 ) (720 -1232 0 ) (720 -1232 32 ) (560 -1232 32 ) 
4 193 200 (720 -1232 0 ) (816 -1232 0 ) (816 -1232 32 ) (720 -1232 32 ) 
4 193 199 (816 -1232 0 ) (1024 -1232 0 ) (1024 -1232 32 ) (816 -1232 32 ) 
4 194 195 (1024 -1440 352 ) (320 -1440 352 ) (320 -1232 352 ) (1024 -1232 352 ) 
4 195 197 (336 -1424 128 ) (336 -1232 128 ) (1024 -1232 128 ) (1024 -1424 128 ) 
4 196 237 (0 -1232 352 ) (0 -1232 128 ) (0 -1440 128 ) (0 -1440 352 ) 
4 196 198 (304 -1440 128 ) (0 -1440 128 ) (0 -1232 128 ) (304 -1232 128 ) 
4 197 203 (336 -1376 32 ) (336 -1232 32 ) (464 -1232 32 ) (464 -1376 32 ) 
4 197 202 (464 -1232 32 ) (560 -1232 32 ) (560 -1328 32 ) (464 -1328 32 ) 
4 197 201 (560 -1232 32 ) (720 -1232 32 ) (720 -1376 32 ) (560 -1376 32 ) 
4 197 200 (720 -1232 32 ) (816 -1232 32 ) (816 -1328 32 ) (720 -1328 32 ) 
4 197 199 (816 -1232 32 ) (1024 -1232 32 ) (1024 -1376 32 ) (816 -1376 32 ) 
4 198 239 (0 -1232 128 ) (0 -1232 32 ) (0 -1440 32 ) (0 -1440 128 ) 
4 198 204 (304 -1440 32 ) (0 -1440 32 ) (0 -1232 32 ) (304 -1232 32 ) 
4 199 200 (816 -1328 32 ) (816 -1232 32 ) (816 -1232 0 ) (816 -1328 0 ) 
4 200 201 (720 -1328 32 ) (720 -1232 32 ) (720 -1232 0 ) (720 -1328 0 ) 
4 201 202 (560 -1328 32 ) (560 -1232 32 ) (560 -1232 0 ) (560 -1328 0 ) 
4 202 203 (464 -1328 32 ) (464 -1232 32 ) (464 -1232 0 ) (464 -1328 0 ) 
4 204 239 (0 -1232 32 ) (0 -1232 0 ) (0 -1440 0 ) (0 -1440 32 ) 
4 205 227 (0 -416 336 ) (0 -416 768 ) (-688 -416 768 ) (-688 -416 336 ) 
4 205 206 (-688 -400 336 ) (-688 -416 336 ) (-688 -416 768 ) (-688 -400 768 ) 
4 206 242 (-1024 0 768 ) (-1024 0 336 ) (-1024 -416 336 ) (-1024 -416 768 ) 
4 206 227 (-688 -416 768 ) (-1024 -416 768 ) (-1024 -416 336 ) (-688 -416 336 ) 
4 206 207 (-704 -416 336 ) (-1024 -416 336 ) (-1024 0 336 ) (-704 0 336 ) 
4 207 242 (-1024 0 336 ) (-1024 0 320 ) (-1024 -416 320 ) (-1024 -416 336 ) 
4 207 227 (-704 -416 336 ) (-1024 -416 336 ) (-1024 -416 320 ) (-704 -416 320 ) 
4 207 212 (-704 -416 320 ) (-1024 -416 320 ) (-1024 -384 320 ) (-704 -384 320 ) 
4 207 211 (-1024 -384 320 ) (-1024 0 320 ) (-704 0 320 ) (-704 -384 320 ) 
4 208 213 (0 -32 192 ) (0 -48 192 ) (-288 -48 192 ) (-288 -32 192 ) 
4 208 215 (0 -48 192 ) (0 -64 192 ) (-288 -64 192 ) (-288 -48 192 ) 
4 208 209 (-288 -64 192 ) (0 -64 192 ) (0 -64 320 ) (-288 -64 320 ) 
4 209 216 (-288 -384 192 ) (-320 -384 192 ) (-320 -64 192 ) (-288 -64 192 ) 
4 209 215 (0 -64 192 ) (0 -384 192 ) (-288 -384 192 ) (-288 -64 192 ) 
4 209 210 (-320 -64 192 ) (-320 -384 192 ) (-320 -384 320 ) (-320 -64 320 ) 
4 210 217 (-320 -32 192 ) (-320 -384 192 ) (-672 -384 192 ) (-672 -32 192 ) 
4 211 242 (-1024 0 320 ) (-1024 0 192 ) (-1024 -384 192 ) (-1024 -384 320 ) 
4 211 219 (-1024 -384 192 ) (-1024 0 192 ) (-768 0 192 ) (-768 -384 192 ) 
4 211 218 (-704 -16 192 ) (-704 -384 192 ) (-768 -384 192 ) (-768 -16 192 ) 
4 211 212 (-1024 -384 192 ) (-704 -384 192 ) (-704 -384 320 ) (-1024 -384 320 ) 
4 212 242 (-1024 -384 192 ) (-1024 -416 192 ) (-1024 -416 320 ) (-1024 -384 320 ) 
4 212 227 (-704 -416 320 ) (-1024 -416 320 ) (-1024 -416 192 ) (-704 -416 192 ) 
4 212 226 (-704 -416 192 ) (-1024 -416 192 ) (-1024 -384 192 ) (-704 -384 192 ) 
4 213 215 (-288 -48 192 ) (-288 -48 176 ) (0 -48 176 ) (0 -48 192 ) 
4 214 215 (-288 -48 144 ) (-288 -48 0 ) (0 -48 0 ) (0 -48 144 ) 
4 215 223 (-288 -384 0 ) (0 -384 0 ) (0 -384 192 ) (-288 -384 192 ) 
4 215 216 (-288 -64 0 ) (-288 -384 0 ) (-288 -384 192 ) (-288 -64 192 ) 
4 216 223 (-320 -384 0 ) (-288 -384 0 ) (-288 -384 192 ) (-320 -384 192 ) 
4 216 217 (-320 -64 0 ) (-320 -384 0 ) (-320 -384 192 ) (-320 -64 192 ) 
4 217 225 (-672 -384 0 ) (-352 -384 0 ) (-352 -384 176 ) (-672 -384 176 ) 
4 218 226 (-704 -384 192 ) (-768 -384 192 ) (-768 -384 48 ) (-704 -384 48 ) 
4 218 222 (-704 -16 48 ) (-704 -384 48 ) (-768 -384 48 ) (-768 -16 48 ) 
4 218 221 (-768 -16 48 ) (-768 -384 48 ) (-768 -384 184 ) (-768 -16 184 ) 
4 218 219 (-768 -384 184 ) (-768 -384 192 ) (-768 -16 192 ) (-768 -16 184 ) 
4 219 251 (-1024 -352 184 ) (-1024 -384 184 ) (-1024 -384 192 ) (-1024 -352 192 ) 
4 219 250 (-1024 -304 184 ) (-1024 -352 184 ) (-1024 -352 192 ) (-1024 -304 192 ) 
4 219 248 (-1024 -144 184 ) (-1024 -304 184 ) (-1024 -304 192 ) (-1024 -144 192 ) 
4 219 247 (-1024 -96 184 ) (-1024 -144 184 ) (-1024 -144 192 ) (-1024 -96 192 ) 
4 219 246 (-1024 -16 184 ) (-1024 -96 184 ) (-1024 -96 192 ) (-1024 -16 192 ) 
4 219 243 (-1024 0 192 ) (-1024 0 184 ) (-1024 -16 184 ) (-1024 -16 192 ) 
4 219 226 (-768 -384 192 ) (-1024 -384 192 ) (-1024 -384 184 ) (-768 -384 184 ) 
4 219 221 (-768 -4 184 ) (-768 -384 184 ) (-1024 -384 184 ) (-1024 -4 184 ) 
4 219 220 (-1024 0 184 ) (-768 0 184 ) (-768 -4 184 ) (-1024 -4 184 ) 
4 220 244 (-1024 0 184 ) (-1024 0 48 ) (-1024 -4 48 ) (-1024 -4 184 ) 
4 220 221 (-1024 -4 48 ) (-768 -4 48 ) (-768 -4 184 ) (-1024 -4 184 ) 
4 221 251 (-1024 -352 48 ) (-1024 -384 48 ) (-1024 -384 184 ) (-1024 -352 184 ) 
4 221 250 (-1024 -304 48 ) (-1024 -352 48 ) (-1024 -352 184 ) (-1024 -304 184 ) 
4 221 248 (-1024 -144 48 ) (-1024 -304 48 ) (-1024 -304 184 ) (-1024 -144 184 ) 
4 221 247 (-1024 -96 48 ) (-1024 -144 48 ) (-1024 -144 184 ) (-1024 -96 184 ) 
4 221 246 (-1024 -16 48 ) (-1024 -96 48 ) (-1024 -96 184 ) (-1024 -16 184 ) 
4 221 245 (-1024 -4 48 ) (-1024 -16 48 ) (-1024 -16 184 ) (-1024 -4 184 ) 
4 221 226 (-1024 -384 184 ) (-1024 -384 48 ) (-768 -384 48 ) (-768 -384 184 ) 
4 221 222 (-768 -16 48 ) (-768 -384 48 ) (-1024 -384 48 ) (-1024 -16 48 ) 
4 222 251 (-1024 -352 0 ) (-1024 -384 0 ) (-1024 -384 48 ) (-1024 -352 48 ) 
4 222 250 (-1024 -304 0 ) (-1024 -352 0 ) (-1024 -352 48 ) (-1024 -304 48 ) 
4 222 248 (-1024 -144 0 ) (-1024 -304 0 ) (-1024 -304 48 ) (-1024 -144 48 ) 
4 222 247 (-1024 -96 0 ) (-1024 -144 0 ) (-1024 -144 48 ) (-1024 -96 48 ) 
4 222 246 (-1024 -16 0 ) (-1024 -96 0 ) (-1024 -96 48 ) (-1024 -16 48 ) 
4 222 228 (-1024 -288 0 ) (-1024 -160 0 ) (-768 -160 0 ) (-768 -288 0 ) 
4 222 226 (-1024 -384 0 ) (-704 -384 0 ) (-704 -384 48 ) (-1024 -384 48 ) 
4 223 224 (-288 -400 48 ) (-64 -400 48 ) (-64 -400 144 ) (-288 -400 144 ) 
4 224 227 (-288 -416 144 ) (-288 -416 48 ) (-64 -416 48 ) (-64 -416 144 ) 
4 225 227 (-672 -416 0 ) (-352 -416 0 ) (-352 -416 176 ) (-672 -416 176 ) 
4 226 251 (-1024 -384 0 ) (-1024 -416 0 ) (-1024 -416 192 ) (-1024 -384 192 ) 
4 226 227 (-1024 -416 0 ) (-704 -416 0 ) (-704 -416 192 ) (-1024 -416 192 ) 
4 227 252 (-1024 -416 0 ) (-1024 -1024 0 ) (-1024 -1024 192 ) (-1024 -416 192 ) 
4 227 242 (-1024 -1024 192 ) (-1024 -1024 768 ) (-1024 -416 768 ) (-1024 -416 192 ) 
4 227 229 (0 -1024 0 ) (0 -1024 768 ) (-1024 -1024 768 ) (-1024 -1024 0 ) 
4 228 256 (-1024 -288 -48 ) (-1024 -288 0 ) (-1024 -160 0 ) (-1024 -160 -48 ) 
4 229 258 (-1024 -1024 128 ) (-1024 -1024 0 ) (-1024 -1168 0 ) (-1024 -1168 128 ) 
4 229 257 (-1024 -1024 768 ) (-1024 -1024 128 ) (-1024 -1168 128 ) (-1024 -1168 768 ) 
4 229 235 (-1024 -1168 32 ) (-1024 -1168 0 ) (-336 -1168 0 ) (-336 -1168 32 ) 
4 229 233 (-304 -1168 32 ) (0 -1168 32 ) (0 -1168 288 ) (-304 -1168 288 ) 
4 229 234 (-1024 -1168 288 ) (-1024 -1168 32 ) (-336 -1168 32 ) (-336 -1168 288 ) 
4 229 232 (-1024 -1168 352 ) (-1024 -1168 288 ) (-336 -1168 288 ) (-336 -1168 352 ) 
4 229 230 (-320 -1168 352 ) (0 -1168 352 ) (0 -1168 768 ) (-320 -1168 768 ) 
4 229 231 (-1024 -1168 768 ) (-1024 -1168 352 ) (-320 -1168 352 ) (-320 -1168 768 ) 
4 230 231 (-320 -1168 352 ) (-320 -1184 352 ) (-320 -1184 768 ) (-320 -1168 768 ) 
4 231 257 (-1024 -1168 768 ) (-1024 -1168 352 ) (-1024 -1232 352 ) (-1024 -1232 768 ) 
4 231 236 (-320 -1232 768 ) (-1024 -1232 768 ) (-1024 -1232 352 ) (-320 -1232 352 ) 
4 231 232 (-336 -1232 352 ) (-1024 -1232 352 ) (-1024 -1168 352 ) (-336 -1168 352 ) 
4 232 257 (-1024 -1168 352 ) (-1024 -1168 288 ) (-1024 -1232 288 ) (-1024 -1232 352 ) 
4 232 238 (-336 -1232 352 ) (-1024 -1232 352 ) (-1024 -1232 288 ) (-336 -1232 288 ) 
4 232 234 (-336 -1232 288 ) (-1024 -1232 288 ) (-1024 -1168 288 ) (-336 -1168 288 ) 
4 233 239 (0 -1232 32 ) (0 -1232 128 ) (-304 -1232 128 ) (-304 -1232 32 ) 
4 233 237 (0 -1232 128 ) (0 -1232 288 ) (-304 -1232 288 ) (-304 -1232 128 ) 
4 234 258 (-1024 -1168 128 ) (-1024 -1168 32 ) (-1024 -1232 32 ) (-1024 -1232 128 ) 
4 234 257 (-1024 -1168 288 ) (-1024 -1168 128 ) (-1024 -1232 128 ) (-1024 -1232 288 ) 
4 234 240 (-1024 -1232 128 ) (-1024 -1232 32 ) (-336 -1232 32 ) (-336 -1232 128 ) 
4 234 238 (-336 -1232 288 ) (-1024 -1232 288 ) (-1024 -1232 128 ) (-336 -1232 128 ) 
4 234 235 (-336 -1232 32 ) (-1024 -1232 32 ) (-1024 -1168 32 ) (-336 -1168 32 ) 
4 235 258 (-1024 -1168 32 ) (-1024 -1168 0 ) (-1024 -1232 0 ) (-1024 -1232 32 ) 
4 235 240 (-1024 -1232 0 ) (-336 -1232 0 ) (-336 -1232 32 ) (-1024 -1232 32 ) 
4 236 257 (-1024 -1232 768 ) (-1024 -1232 352 ) (-1024 -1440 352 ) (-1024 -1440 768 ) 
4 236 238 (-320 -1440 352 ) (-1024 -1440 352 ) (-1024 -1232 352 ) (-320 -1232 352 ) 
4 237 239 (0 -1440 128 ) (-304 -1440 128 ) (-304 -1232 128 ) (0 -1232 128 ) 
4 238 257 (-1024 -1232 352 ) (-1024 -1232 128 ) (-1024 -1440 128 ) (-1024 -1440 352 ) 
4 238 241 (-1024 -1424 128 ) (-1024 -1376 128 ) (-336 -1376 128 ) (-336 -1424 128 ) 
4 238 240 (-1024 -1376 128 ) (-1024 -1232 128 ) (-336 -1232 128 ) (-336 -1376 128 ) 
4 240 258 (-1024 -1232 128 ) (-1024 -1232 0 ) (-1024 -1376 0 ) (-1024 -1376 128 ) 
4 240 241 (-336 -1376 32 ) (-336 -1376 128 ) (-1024 -1376 128 ) (-1024 -1376 32 ) 
4 241 260 (-1024 -1424 32 ) (-1024 -1424 128 ) (-1024 -1376 128 ) (-1024 -1376 32 ) 
4 242 257 (-1024 -1024 192 ) (-1024 -1024 768 ) (-1472 -1024 768 ) (-1472 -1024 192 ) 
4 242 254 (-1456 -1024 192 ) (-1472 -1024 192 ) (-1472 -416 192 ) (-1456 -416 192 ) 
4 242 253 (-1408 -1024 192 ) (-1456 -1024 192 ) (-1456 -416 192 ) (-1408 -416 192 ) 
4 242 252 (-1024 -1024 192 ) (-1408 -1024 192 ) (-1408 -416 192 ) (-1024 -416 192 ) 
4 242 251 (-1408 -352 192 ) (-1024 -352 192 ) (-1024 -416 192 ) (-1408 -416 192 ) 
4 242 250 (-1456 -304 192 ) (-1024 -304 192 ) (-1024 -352 192 ) (-1456 -352 192 ) 
4 242 248 (-1456 -144 192 ) (-1024 -144 192 ) (-1024 -304 192 ) (-1456 -304 192 ) 
4 242 247 (-1456 -96 192 ) (-1024 -96 192 ) (-1024 -144 192 ) (-1456 -144 192 ) 
4 242 246 (-1408 -16 192 ) (-1024 -16 192 ) (-1024 -96 192 ) (-1408 -96 192 ) 
4 242 243 (-1344 0 192 ) (-1024 0 192 ) (-1024 -16 192 ) (-1344 -16 192 ) 
4 243 246 (-1024 -16 192 ) (-1344 -16 192 ) (-1344 -16 184 ) (-1024 -16 184 ) 
4 243 245 (-1024 -16 184 ) (-1344 -16 184 ) (-1344 -4 184 ) (-1024 -4 184 ) 
4 243 244 (-1344 -4 184 ) (-1344 0 184 ) (-1024 0 184 ) (-1024 -4 184 ) 
4 244 245 (-1344 -4 48 ) (-1024 -4 48 ) (-1024 -4 184 ) (-1344 -4 184 ) 
4 245 246 (-1344 -16 184 ) (-1344 -16 48 ) (-1024 -16 48 ) (-1024 -16 184 ) 
4 246 247 (-1024 -96 192 ) (-1408 -96 192 ) (-1408 -96 0 ) (-1024 -96 0 ) 
4 247 248 (-1024 -144 192 ) (-1456 -144 192 ) (-1456 -144 0 ) (-1024 -144 0 ) 
4 248 256 (-1024 -160 0 ) (-1024 -288 0 ) (-1408 -288 0 ) (-1408 -160 0 ) 
4 248 250 (-1024 -304 192 ) (-1456 -304 192 ) (-1456 -304 0 ) (-1024 -304 0 ) 
4 248 249 (-1456 -144 168 ) (-1456 -144 0 ) (-1456 -304 0 ) (-1456 -304 168 ) 
4 249 255 (-1472 -144 0 ) (-1472 -304 0 ) (-1472 -304 128 ) (-1472 -144 128 ) 
4 250 251 (-1024 -352 192 ) (-1408 -352 192 ) (-1408 -352 0 ) (-1024 -352 0 ) 
4 251 252 (-1024 -416 192 ) (-1408 -416 192 ) (-1408 -416 0 ) (-1024 -416 0 ) 
4 252 258 (-1024 -1024 0 ) (-1024 -1024 128 ) (-1408 -1024 128 ) (-1408 -1024 0 ) 
4 252 257 (-1024 -1024 128 ) (-1024 -1024 192 ) (-1408 -1024 192 ) (-1408 -1024 128 ) 
4 252 253 (-1408 -416 192 ) (-1408 -416 32 ) (-1408 -1024 32 ) (-1408 -1024 192 ) 
4 253 259 (-1456 -1024 128 ) (-1456 -1024 32 ) (-1408 -1024 32 ) (-1408 -1024 128 ) 
4 253 257 (-1408 -1024 192 ) (-1456 -1024 192 ) (-1456 -1024 128 ) (-1408 -1024 128 ) 
4 253 254 (-1456 -416 192 ) (-1456 -416 128 ) (-1456 -1024 128 ) (-1456 -1024 192 ) 
4 254 257 (-1456 -1024 192 ) (-1472 -1024 192 ) (-1472 -1024 128 ) (-1456 -1024 128 ) 
4 257 260 (-1024 -1376 128 ) (-1024 -1424 128 ) (-1456 -1424 128 ) (-1456 -1376 128 ) 
4 257 259 (-1456 -1024 128 ) (-1408 -1024 128 ) (-1408 -1376 128 ) (-1456 -1376 128 ) 
4 257 258 (-1408 -1024 128 ) (-1024 -1024 128 ) (-1024 -1376 128 ) (-1408 -1376 128 ) 
4 258 260 (-1024 -1376 32 ) (-1024 -1376 128 ) (-1408 -1376 128 ) (-1408 -1376 32 ) 
4 258 259 (-1408 -1376 32 ) (-1408 -1376 128 ) (-1408 -1024 128 ) (-1408 -1024 32 ) 
4 259 260 (-1456 -1376 128 ) (-1456 -1376 32 ) (-1408 -1376 32 ) (-1408 -1376 128 ) 
