PRT1
255
687
4 0 28 (1408 1024 128 ) (1456 1024 128 ) (1456 1024 192 ) (1408 1024 192 ) 
4 0 29 (1024 1024 192 ) (1024 1024 128 ) (1408 1024 128 ) (1408 1024 192 ) 
4 0 27 (1456 1024 128 ) (1472 1024 128 ) (1472 1024 192 ) (1456 1024 192 ) 
4 0 26 (1024 1024 768 ) (1024 1024 192 ) (1472 1024 192 ) (1472 1024 768 ) 
4 0 24 (1024 1024 128 ) (1024 1024 768 ) (1024 1168 768 ) (1024 1168 128 ) 
4 0 21 (1024 1232 288 ) (1024 1232 128 ) (1024 1168 128 ) (1024 1168 288 ) 
4 0 20 (1024 1232 352 ) (1024 1232 288 ) (1024 1168 288 ) (1024 1168 352 ) 
4 0 18 (1024 1168 768 ) (1024 1232 768 ) (1024 1232 352 ) (1024 1168 352 ) 
4 0 13 (1024 1440 352 ) (1024 1440 128 ) (1024 1232 128 ) (1024 1232 352 ) 
4 0 12 (1024 1232 768 ) (1024 1440 768 ) (1024 1440 352 ) (1024 1232 352 ) 
4 0 1 (1024 1024 128 ) (1024 1424 128 ) (1456 1424 128 ) (1456 1024 128 ) 
4 1 28 (1408 1024 32 ) (1456 1024 32 ) (1456 1024 128 ) (1408 1024 128 ) 
4 1 29 (1024 1024 128 ) (1024 1024 32 ) (1408 1024 32 ) (1408 1024 128 ) 
4 1 24 (1024 1024 32 ) (1024 1024 128 ) (1024 1168 128 ) (1024 1168 32 ) 
4 1 21 (1024 1168 128 ) (1024 1232 128 ) (1024 1232 32 ) (1024 1168 32 ) 
4 1 15 (1024 1376 128 ) (1024 1424 128 ) (1024 1424 32 ) (1024 1376 32 ) 
4 1 16 (1024 1232 128 ) (1024 1376 128 ) (1024 1376 32 ) (1024 1232 32 ) 
4 1 6 (1024 1024 32 ) (1024 1184 32 ) (1408 1184 32 ) (1408 1024 32 ) 
4 1 5 (1024 1184 32 ) (1024 1192 32 ) (1360 1192 32 ) (1360 1184 32 ) 
4 1 4 (1024 1192 32 ) (1024 1272 32 ) (1360 1272 32 ) (1360 1192 32 ) 
4 1 3 (1368 1272 32 ) (1432 1272 32 ) (1432 1192 32 ) (1368 1192 32 ) 
4 1 2 (1024 1272 32 ) (1024 1376 32 ) (1360 1376 32 ) (1360 1272 32 ) 
4 2 16 (1024 1272 32 ) (1024 1376 32 ) (1024 1376 24 ) (1024 1272 24 ) 
4 2 7 (1024 1272 24 ) (1024 1376 24 ) (1360 1376 24 ) (1360 1272 24 ) 
4 2 4 (1024 1272 24 ) (1360 1272 24 ) (1360 1272 32 ) (1024 1272 32 ) 
4 3 8 (1368 1272 24 ) (1432 1272 24 ) (1432 1192 24 ) (1368 1192 24 ) 
4 4 23 (1024 1192 32 ) (1024 1232 32 ) (1024 1232 24 ) (1024 1192 24 ) 
4 4 16 (1024 1232 32 ) (1024 1272 32 ) (1024 1272 24 ) (1024 1232 24 ) 
4 4 9 (1024 1192 24 ) (1024 1272 24 ) (1360 1272 24 ) (1360 1192 24 ) 
4 4 5 (1024 1192 24 ) (1360 1192 24 ) (1360 1192 32 ) (1024 1192 32 ) 
4 5 23 (1024 1184 32 ) (1024 1192 32 ) (1024 1192 24 ) (1024 1184 24 ) 
4 5 10 (1024 1184 24 ) (1024 1192 24 ) (1360 1192 24 ) (1360 1184 24 ) 
4 5 6 (1024 1184 24 ) (1360 1184 24 ) (1360 1184 32 ) (1024 1184 32 ) 
4 6 29 (1408 1024 32 ) (1024 1024 32 ) (1024 1024 24 ) (1408 1024 24 ) 
4 6 24 (1024 1024 24 ) (1024 1024 32 ) (1024 1168 32 ) (1024 1168 24 ) 
4 6 23 (1024 1168 32 ) (1024 1184 32 ) (1024 1184 24 ) (1024 1168 24 ) 
4 6 11 (1408 1024 24 ) (1024 1024 24 ) (1024 1184 24 ) (1408 1184 24 ) 
4 7 16 (1024 1272 24 ) (1024 1376 24 ) (1024 1376 0 ) (1024 1272 0 ) 
4 7 9 (1024 1272 0 ) (1360 1272 0 ) (1360 1272 24 ) (1024 1272 24 ) 
4 9 23 (1024 1192 24 ) (1024 1232 24 ) (1024 1232 0 ) (1024 1192 0 ) 
4 9 16 (1024 1232 24 ) (1024 1272 24 ) (1024 1272 0 ) (1024 1232 0 ) 
4 9 10 (1024 1192 0 ) (1360 1192 0 ) (1360 1192 24 ) (1024 1192 24 ) 
4 10 23 (1024 1184 24 ) (1024 1192 24 ) (1024 1192 0 ) (1024 1184 0 ) 
4 10 11 (1024 1184 0 ) (1360 1184 0 ) (1360 1184 24 ) (1024 1184 24 ) 
4 11 29 (1408 1024 24 ) (1024 1024 24 ) (1024 1024 0 ) (1408 1024 0 ) 
4 11 24 (1024 1024 0 ) (1024 1024 24 ) (1024 1168 24 ) (1024 1168 0 ) 
4 11 23 (1024 1168 24 ) (1024 1184 24 ) (1024 1184 0 ) (1024 1168 0 ) 
4 12 18 (320 1232 352 ) (1024 1232 352 ) (1024 1232 768 ) (320 1232 768 ) 
4 12 13 (1024 1232 352 ) (320 1232 352 ) (320 1440 352 ) (1024 1440 352 ) 
4 13 21 (336 1232 128 ) (1024 1232 128 ) (1024 1232 288 ) (336 1232 288 ) 
4 13 20 (1024 1232 288 ) (1024 1232 352 ) (336 1232 352 ) (336 1232 288 ) 
4 13 15 (336 1376 128 ) (336 1424 128 ) (1024 1424 128 ) (1024 1376 128 ) 
4 13 16 (1024 1232 128 ) (336 1232 128 ) (336 1376 128 ) (1024 1376 128 ) 
4 14 65 (0 1440 352 ) (0 1440 128 ) (0 1232 128 ) (0 1232 352 ) 
4 14 22 (0 1232 288 ) (0 1232 128 ) (304 1232 128 ) (304 1232 288 ) 
4 14 17 (304 1232 128 ) (0 1232 128 ) (0 1440 128 ) (304 1440 128 ) 
4 15 16 (336 1376 128 ) (336 1376 32 ) (1024 1376 32 ) (1024 1376 128 ) 
4 16 23 (336 1232 0 ) (1024 1232 0 ) (1024 1232 32 ) (336 1232 32 ) 
4 16 21 (1024 1232 32 ) (1024 1232 128 ) (336 1232 128 ) (336 1232 32 ) 
4 17 69 (0 1440 32 ) (0 1440 0 ) (0 1232 0 ) (0 1232 32 ) 
4 17 67 (0 1440 128 ) (0 1440 32 ) (0 1232 32 ) (0 1232 128 ) 
4 17 22 (0 1232 128 ) (0 1232 32 ) (304 1232 32 ) (304 1232 128 ) 
4 18 24 (1024 1168 352 ) (1024 1168 768 ) (320 1168 768 ) (320 1168 352 ) 
4 18 20 (1024 1168 352 ) (336 1168 352 ) (336 1232 352 ) (1024 1232 352 ) 
4 18 19 (320 1184 352 ) (320 1168 352 ) (320 1168 768 ) (320 1184 768 ) 
4 19 75 (0 1184 352 ) (0 1168 352 ) (0 1168 768 ) (0 1184 768 ) 
4 19 24 (320 1168 768 ) (0 1168 768 ) (0 1168 352 ) (320 1168 352 ) 
4 20 24 (1024 1168 288 ) (1024 1168 352 ) (336 1168 352 ) (336 1168 288 ) 
4 20 21 (1024 1168 288 ) (336 1168 288 ) (336 1232 288 ) (1024 1232 288 ) 
4 21 24 (1024 1168 32 ) (1024 1168 288 ) (336 1168 288 ) (336 1168 32 ) 
4 21 23 (1024 1168 32 ) (336 1168 32 ) (336 1232 32 ) (1024 1232 32 ) 
4 22 78 (0 1232 288 ) (0 1232 32 ) (0 1168 32 ) (0 1168 288 ) 
4 22 24 (304 1168 288 ) (0 1168 288 ) (0 1168 32 ) (304 1168 32 ) 
4 23 24 (336 1168 0 ) (1024 1168 0 ) (1024 1168 32 ) (336 1168 32 ) 
4 24 81 (0 1024 0 ) (0 1024 768 ) (0 1168 768 ) (0 1168 0 ) 
4 24 43 (1024 1024 0 ) (1024 1024 768 ) (0 1024 768 ) (0 1024 0 ) 
4 25 33 (1472 304 0 ) (1472 144 0 ) (1472 144 128 ) (1472 304 128 ) 
4 26 134 (1024 0 768 ) (1024 0 192 ) (1344 0 192 ) (1344 0 768 ) 
4 26 133 (1344 0 192 ) (1472 0 192 ) (1472 0 768 ) (1344 0 768 ) 
4 26 44 (1024 416 192 ) (1024 0 192 ) (1024 0 768 ) (1024 416 768 ) 
4 26 43 (1024 1024 768 ) (1024 1024 192 ) (1024 416 192 ) (1024 416 768 ) 
4 26 38 (1344 0 192 ) (1024 0 192 ) (1024 144 192 ) (1344 144 192 ) 
4 26 37 (1408 16 192 ) (1344 16 192 ) (1344 96 192 ) (1408 96 192 ) 
4 26 36 (1456 96 192 ) (1344 96 192 ) (1344 144 192 ) (1456 144 192 ) 
4 26 32 (1456 144 192 ) (1024 144 192 ) (1024 304 192 ) (1456 304 192 ) 
4 26 31 (1456 304 192 ) (1024 304 192 ) (1024 352 192 ) (1456 352 192 ) 
4 26 30 (1408 352 192 ) (1024 352 192 ) (1024 416 192 ) (1408 416 192 ) 
4 26 28 (1408 1024 192 ) (1456 1024 192 ) (1456 416 192 ) (1408 416 192 ) 
4 26 29 (1024 1024 192 ) (1408 1024 192 ) (1408 416 192 ) (1024 416 192 ) 
4 26 27 (1456 1024 192 ) (1472 1024 192 ) (1472 416 192 ) (1456 416 192 ) 
4 27 28 (1456 416 128 ) (1456 416 192 ) (1456 1024 192 ) (1456 1024 128 ) 
4 28 29 (1408 416 32 ) (1408 416 192 ) (1408 1024 192 ) (1408 1024 32 ) 
4 29 43 (1024 1024 192 ) (1024 1024 0 ) (1024 416 0 ) (1024 416 192 ) 
4 29 30 (1024 416 0 ) (1408 416 0 ) (1408 416 192 ) (1024 416 192 ) 
4 30 49 (1024 416 0 ) (1024 352 0 ) (1024 352 48 ) (1024 416 48 ) 
4 30 45 (1024 352 48 ) (1024 352 184 ) (1024 416 184 ) (1024 416 48 ) 
4 30 44 (1024 352 184 ) (1024 352 192 ) (1024 416 192 ) (1024 416 184 ) 
4 30 31 (1024 352 0 ) (1408 352 0 ) (1408 352 192 ) (1024 352 192 ) 
4 31 49 (1024 352 0 ) (1024 304 0 ) (1024 304 48 ) (1024 352 48 ) 
4 31 45 (1024 304 48 ) (1024 304 184 ) (1024 352 184 ) (1024 352 48 ) 
4 31 44 (1024 304 184 ) (1024 304 192 ) (1024 352 192 ) (1024 352 184 ) 
4 31 35 (1024 304 0 ) (1456 304 0 ) (1456 304 168 ) (1024 304 168 ) 
4 31 32 (1456 304 168 ) (1456 304 192 ) (1024 304 192 ) (1024 304 168 ) 
4 32 45 (1024 144 168 ) (1024 144 184 ) (1024 304 184 ) (1024 304 168 ) 
4 32 44 (1024 144 184 ) (1024 144 192 ) (1024 304 192 ) (1024 304 184 ) 
4 32 39 (1024 144 184 ) (1024 144 168 ) (1344 144 168 ) (1344 144 184 ) 
4 32 38 (1344 144 192 ) (1024 144 192 ) (1024 144 184 ) (1344 144 184 ) 
4 32 36 (1456 144 192 ) (1344 144 192 ) (1344 144 168 ) (1456 144 168 ) 
4 32 35 (1456 144 168 ) (1024 144 168 ) (1024 304 168 ) (1456 304 168 ) 
4 33 34 (1466 144 0 ) (1466 144 116 ) (1466 304 116 ) (1466 304 0 ) 
4 34 35 (1462 144 0 ) (1462 144 116 ) (1462 304 116 ) (1462 304 0 ) 
4 35 49 (1024 304 0 ) (1024 144 0 ) (1024 144 48 ) (1024 304 48 ) 
4 35 45 (1024 144 48 ) (1024 144 168 ) (1024 304 168 ) (1024 304 48 ) 
4 35 42 (1024 160 0 ) (1024 288 0 ) (1408 288 0 ) (1408 160 0 ) 
4 35 41 (1024 144 0 ) (1344 144 0 ) (1344 144 48 ) (1024 144 48 ) 
4 35 39 (1344 144 48 ) (1344 144 168 ) (1024 144 168 ) (1024 144 48 ) 
4 35 36 (1344 144 0 ) (1456 144 0 ) (1456 144 168 ) (1344 144 168 ) 
4 36 41 (1344 144 48 ) (1344 144 0 ) (1344 96 0 ) (1344 96 48 ) 
4 36 39 (1344 144 184 ) (1344 144 48 ) (1344 96 48 ) (1344 96 184 ) 
4 36 38 (1344 144 192 ) (1344 144 184 ) (1344 96 184 ) (1344 96 192 ) 
4 36 37 (1344 96 192 ) (1344 96 0 ) (1408 96 0 ) (1408 96 192 ) 
4 37 41 (1344 96 0 ) (1344 16 0 ) (1344 16 48 ) (1344 96 48 ) 
4 37 39 (1344 16 48 ) (1344 16 184 ) (1344 96 184 ) (1344 96 48 ) 
4 37 38 (1344 16 184 ) (1344 16 192 ) (1344 96 192 ) (1344 96 184 ) 
4 38 134 (1024 0 192 ) (1024 0 184 ) (1344 0 184 ) (1344 0 192 ) 
4 38 44 (1024 0 184 ) (1024 0 192 ) (1024 144 192 ) (1024 144 184 ) 
4 38 40 (1344 4 184 ) (1344 0 184 ) (1024 0 184 ) (1024 4 184 ) 
4 38 39 (1024 144 184 ) (1344 144 184 ) (1344 4 184 ) (1024 4 184 ) 
4 39 45 (1024 4 184 ) (1024 144 184 ) (1024 144 48 ) (1024 4 48 ) 
4 39 41 (1024 16 48 ) (1024 144 48 ) (1344 144 48 ) (1344 16 48 ) 
4 39 40 (1024 4 48 ) (1344 4 48 ) (1344 4 184 ) (1024 4 184 ) 
4 40 135 (1024 0 184 ) (1024 0 48 ) (1344 0 48 ) (1344 0 184 ) 
4 40 46 (1024 0 48 ) (1024 0 184 ) (1024 4 184 ) (1024 4 48 ) 
4 41 49 (1024 144 0 ) (1024 16 0 ) (1024 16 48 ) (1024 144 48 ) 
4 42 63 (1024 160 -48 ) (1024 160 0 ) (1024 288 0 ) (1024 288 -48 ) 
4 43 82 (0 1024 768 ) (0 1024 0 ) (0 416 0 ) (0 416 768 ) 
4 43 56 (64 416 48 ) (288 416 48 ) (288 416 144 ) (64 416 144 ) 
4 43 55 (352 416 0 ) (672 416 0 ) (672 416 176 ) (352 416 176 ) 
4 43 51 (0 416 768 ) (0 416 336 ) (688 416 336 ) (688 416 768 ) 
4 43 50 (688 416 336 ) (704 416 336 ) (704 416 768 ) (688 416 768 ) 
4 43 49 (704 416 0 ) (1024 416 0 ) (1024 416 48 ) (704 416 48 ) 
4 43 48 (704 416 192 ) (704 416 48 ) (768 416 48 ) (768 416 192 ) 
4 43 47 (768 416 768 ) (704 416 768 ) (704 416 192 ) (768 416 192 ) 
4 43 45 (1024 416 48 ) (1024 416 184 ) (768 416 184 ) (768 416 48 ) 
4 43 44 (1024 416 184 ) (1024 416 768 ) (768 416 768 ) (768 416 184 ) 
4 44 150 (1024 0 184 ) (1024 0 768 ) (768 0 768 ) (768 0 184 ) 
4 44 48 (768 416 192 ) (768 416 184 ) (768 16 184 ) (768 16 192 ) 
4 44 47 (768 416 768 ) (768 416 192 ) (768 0 192 ) (768 0 768 ) 
4 44 46 (1024 0 184 ) (768 0 184 ) (768 4 184 ) (1024 4 184 ) 
4 44 45 (768 4 184 ) (768 416 184 ) (1024 416 184 ) (1024 4 184 ) 
4 45 49 (768 16 48 ) (768 416 48 ) (1024 416 48 ) (1024 16 48 ) 
4 45 48 (768 416 184 ) (768 416 48 ) (768 16 48 ) (768 16 184 ) 
4 45 46 (1024 4 184 ) (768 4 184 ) (768 4 48 ) (1024 4 48 ) 
4 46 151 (1024 0 48 ) (1024 0 184 ) (768 0 184 ) (768 0 48 ) 
4 47 153 (704 0 768 ) (704 0 192 ) (768 0 192 ) (768 0 768 ) 
4 47 50 (704 416 768 ) (704 416 336 ) (704 0 336 ) (704 0 768 ) 
4 47 48 (704 16 192 ) (704 416 192 ) (768 416 192 ) (768 16 192 ) 
4 48 49 (704 16 48 ) (704 416 48 ) (768 416 48 ) (768 16 48 ) 
4 49 63 (1024 288 0 ) (1024 160 0 ) (768 160 0 ) (768 288 0 ) 
4 50 156 (688 0 336 ) (704 0 336 ) (704 0 768 ) (688 0 768 ) 
4 50 51 (688 416 336 ) (688 400 336 ) (688 400 768 ) (688 416 768 ) 
4 51 83 (0 400 768 ) (0 416 768 ) (0 416 336 ) (0 400 336 ) 
4 52 58 (320 384 192 ) (672 384 192 ) (672 32 192 ) (320 32 192 ) 
4 52 53 (320 384 320 ) (320 384 192 ) (320 64 192 ) (320 64 320 ) 
4 53 85 (0 64 320 ) (0 384 320 ) (0 384 192 ) (0 64 192 ) 
4 53 60 (0 64 192 ) (0 384 192 ) (288 384 192 ) (288 64 192 ) 
4 53 59 (288 384 192 ) (320 384 192 ) (320 64 192 ) (288 64 192 ) 
4 53 54 (0 64 192 ) (288 64 192 ) (288 64 320 ) (0 64 320 ) 
4 54 86 (0 32 320 ) (0 64 320 ) (0 64 192 ) (0 32 192 ) 
4 54 61 (0 32 192 ) (0 48 192 ) (288 48 192 ) (288 32 192 ) 
4 54 60 (0 48 192 ) (0 64 192 ) (288 64 192 ) (288 48 192 ) 
4 55 58 (352 384 0 ) (672 384 0 ) (672 384 176 ) (352 384 176 ) 
4 56 57 (64 400 144 ) (64 400 48 ) (288 400 48 ) (288 400 144 ) 
4 57 89 (0 384 192 ) (0 400 192 ) (0 400 0 ) (0 384 0 ) 
4 57 60 (0 384 0 ) (288 384 0 ) (288 384 192 ) (0 384 192 ) 
4 57 59 (288 384 0 ) (320 384 0 ) (320 384 192 ) (288 384 192 ) 
4 58 59 (320 384 192 ) (320 384 0 ) (320 64 0 ) (320 64 192 ) 
4 59 60 (288 384 192 ) (288 384 0 ) (288 64 0 ) (288 64 192 ) 
4 60 91 (0 48 192 ) (0 384 192 ) (0 384 0 ) (0 48 0 ) 
4 60 61 (288 48 176 ) (288 48 192 ) (0 48 192 ) (0 48 176 ) 
4 60 62 (0 48 0 ) (288 48 0 ) (288 48 144 ) (0 48 144 ) 
4 61 92 (0 32 192 ) (0 48 192 ) (0 48 176 ) (0 32 176 ) 
4 62 93 (0 48 144 ) (0 48 0 ) (0 32 0 ) (0 32 144 ) 
4 64 102 (-1024 1440 768 ) (-1024 1440 352 ) (-1024 1232 352 ) (-1024 1232 768 ) 
4 64 76 (-320 1232 768 ) (-1024 1232 768 ) (-1024 1232 352 ) (-320 1232 352 ) 
4 64 66 (-320 1232 352 ) (-1024 1232 352 ) (-1024 1440 352 ) (-320 1440 352 ) 
4 65 78 (0 1232 128 ) (0 1232 288 ) (-304 1232 288 ) (-304 1232 128 ) 
4 65 67 (0 1232 128 ) (-304 1232 128 ) (-304 1440 128 ) (0 1440 128 ) 
4 66 102 (-1024 1440 352 ) (-1024 1440 128 ) (-1024 1232 128 ) (-1024 1232 352 ) 
4 66 79 (-1024 1232 288 ) (-1024 1232 128 ) (-336 1232 128 ) (-336 1232 288 ) 
4 66 77 (-336 1232 352 ) (-1024 1232 352 ) (-1024 1232 288 ) (-336 1232 288 ) 
4 66 68 (-336 1232 128 ) (-1024 1232 128 ) (-1024 1424 128 ) (-336 1424 128 ) 
4 67 78 (0 1232 32 ) (0 1232 128 ) (-304 1232 128 ) (-304 1232 32 ) 
4 67 69 (0 1232 32 ) (-304 1232 32 ) (-304 1440 32 ) (0 1440 32 ) 
4 68 103 (-1024 1424 32 ) (-1024 1232 32 ) (-1024 1232 128 ) (-1024 1424 128 ) 
4 68 79 (-336 1232 128 ) (-1024 1232 128 ) (-1024 1232 32 ) (-336 1232 32 ) 
4 68 74 (-816 1232 32 ) (-1024 1232 32 ) (-1024 1376 32 ) (-816 1376 32 ) 
4 68 73 (-720 1232 32 ) (-816 1232 32 ) (-816 1328 32 ) (-720 1328 32 ) 
4 68 72 (-560 1232 32 ) (-720 1232 32 ) (-720 1376 32 ) (-560 1376 32 ) 
4 68 71 (-464 1232 32 ) (-560 1232 32 ) (-560 1328 32 ) (-464 1328 32 ) 
4 68 70 (-336 1232 32 ) (-464 1232 32 ) (-464 1376 32 ) (-336 1376 32 ) 
4 70 80 (-464 1232 0 ) (-336 1232 0 ) (-336 1232 32 ) (-464 1232 32 ) 
4 70 71 (-464 1328 0 ) (-464 1232 0 ) (-464 1232 32 ) (-464 1328 32 ) 
4 71 80 (-560 1232 0 ) (-464 1232 0 ) (-464 1232 32 ) (-560 1232 32 ) 
4 71 72 (-560 1328 0 ) (-560 1232 0 ) (-560 1232 32 ) (-560 1328 32 ) 
4 72 80 (-720 1232 0 ) (-560 1232 0 ) (-560 1232 32 ) (-720 1232 32 ) 
4 72 73 (-720 1328 0 ) (-720 1232 0 ) (-720 1232 32 ) (-720 1328 32 ) 
4 73 80 (-816 1232 0 ) (-720 1232 0 ) (-720 1232 32 ) (-816 1232 32 ) 
4 73 74 (-816 1328 0 ) (-816 1232 0 ) (-816 1232 32 ) (-816 1328 32 ) 
4 74 104 (-1024 1376 0 ) (-1024 1232 0 ) (-1024 1232 32 ) (-1024 1376 32 ) 
4 74 80 (-1024 1232 0 ) (-816 1232 0 ) (-816 1232 32 ) (-1024 1232 32 ) 
4 75 81 (-320 1168 352 ) (0 1168 352 ) (0 1168 768 ) (-320 1168 768 ) 
4 75 76 (-320 1184 352 ) (-320 1168 352 ) (-320 1168 768 ) (-320 1184 768 ) 
4 76 102 (-1024 1232 768 ) (-1024 1232 352 ) (-1024 1168 352 ) (-1024 1168 768 ) 
4 76 81 (-1024 1168 768 ) (-1024 1168 352 ) (-320 1168 352 ) (-320 1168 768 ) 
4 76 77 (-336 1168 352 ) (-1024 1168 352 ) (-1024 1232 352 ) (-336 1232 352 ) 
4 77 102 (-1024 1232 352 ) (-1024 1232 288 ) (-1024 1168 288 ) (-1024 1168 352 ) 
4 77 81 (-1024 1168 352 ) (-1024 1168 288 ) (-336 1168 288 ) (-336 1168 352 ) 
4 77 79 (-336 1168 288 ) (-1024 1168 288 ) (-1024 1232 288 ) (-336 1232 288 ) 
4 78 81 (-304 1168 32 ) (0 1168 32 ) (0 1168 288 ) (-304 1168 288 ) 
4 79 103 (-1024 1232 128 ) (-1024 1232 32 ) (-1024 1168 32 ) (-1024 1168 128 ) 
4 79 102 (-1024 1232 288 ) (-1024 1232 128 ) (-1024 1168 128 ) (-1024 1168 288 ) 
4 79 81 (-1024 1168 288 ) (-1024 1168 32 ) (-336 1168 32 ) (-336 1168 288 ) 
4 79 80 (-336 1168 32 ) (-1024 1168 32 ) (-1024 1232 32 ) (-336 1232 32 ) 
4 80 104 (-1024 1232 32 ) (-1024 1232 0 ) (-1024 1168 0 ) (-1024 1168 32 ) 
4 80 81 (-1024 1168 32 ) (-1024 1168 0 ) (-336 1168 0 ) (-336 1168 32 ) 
4 81 108 (-1024 1024 0 ) (-1024 1024 32 ) (-1024 1040 32 ) (-1024 1040 0 ) 
4 81 107 (-1024 1024 32 ) (-1024 1024 128 ) (-1024 1040 128 ) (-1024 1040 32 ) 
4 81 104 (-1024 1168 32 ) (-1024 1168 0 ) (-1024 1040 0 ) (-1024 1040 32 ) 
4 81 103 (-1024 1040 128 ) (-1024 1168 128 ) (-1024 1168 32 ) (-1024 1040 32 ) 
4 81 102 (-1024 1024 128 ) (-1024 1024 768 ) (-1024 1168 768 ) (-1024 1168 128 ) 
4 81 82 (0 1024 0 ) (0 1024 768 ) (-1024 1024 768 ) (-1024 1024 0 ) 
4 82 130 (-1024 688 0 ) (-1024 416 0 ) (-1024 416 32 ) (-1024 688 32 ) 
4 82 127 (-1024 784 0 ) (-1024 688 0 ) (-1024 688 32 ) (-1024 784 32 ) 
4 82 126 (-1024 944 0 ) (-1024 784 0 ) (-1024 784 32 ) (-1024 944 32 ) 
4 82 125 (-1024 1024 32 ) (-1024 1024 0 ) (-1024 944 0 ) (-1024 944 32 ) 
4 82 113 (-1024 1024 128 ) (-1024 1024 32 ) (-1024 416 32 ) (-1024 416 128 ) 
4 82 112 (-1024 1024 768 ) (-1024 1024 128 ) (-1024 416 128 ) (-1024 416 768 ) 
4 82 101 (-1024 416 0 ) (-704 416 0 ) (-704 416 48 ) (-1024 416 48 ) 
4 82 99 (-1024 416 184 ) (-1024 416 48 ) (-768 416 48 ) (-768 416 184 ) 
4 82 98 (-768 416 768 ) (-1024 416 768 ) (-1024 416 184 ) (-768 416 184 ) 
4 82 97 (-704 416 48 ) (-704 416 192 ) (-768 416 192 ) (-768 416 48 ) 
4 82 96 (-704 416 192 ) (-704 416 768 ) (-768 416 768 ) (-768 416 192 ) 
4 82 90 (-672 416 0 ) (-352 416 0 ) (-352 416 176 ) (-672 416 176 ) 
4 82 88 (-288 416 144 ) (-288 416 48 ) (-64 416 48 ) (-64 416 144 ) 
4 82 83 (0 416 336 ) (0 416 768 ) (-688 416 768 ) (-688 416 336 ) 
4 82 84 (-688 416 768 ) (-704 416 768 ) (-704 416 336 ) (-688 416 336 ) 
4 83 84 (-688 416 336 ) (-688 400 336 ) (-688 400 768 ) (-688 416 768 ) 
4 84 200 (-688 0 768 ) (-704 0 768 ) (-704 0 336 ) (-688 0 336 ) 
4 84 96 (-704 416 768 ) (-704 416 336 ) (-704 0 336 ) (-704 0 768 ) 
4 85 94 (-320 384 192 ) (-288 384 192 ) (-288 64 192 ) (-320 64 192 ) 
4 85 91 (-288 384 192 ) (0 384 192 ) (0 64 192 ) (-288 64 192 ) 
4 85 87 (-320 384 320 ) (-320 384 192 ) (-320 64 192 ) (-320 64 320 ) 
4 85 86 (-288 64 192 ) (0 64 192 ) (0 64 320 ) (-288 64 320 ) 
4 86 92 (0 48 192 ) (0 32 192 ) (-288 32 192 ) (-288 48 192 ) 
4 86 91 (0 64 192 ) (0 48 192 ) (-288 48 192 ) (-288 64 192 ) 
4 87 95 (-672 384 192 ) (-320 384 192 ) (-320 32 192 ) (-672 32 192 ) 
4 88 89 (-288 400 48 ) (-64 400 48 ) (-64 400 144 ) (-288 400 144 ) 
4 89 94 (-288 384 192 ) (-320 384 192 ) (-320 384 0 ) (-288 384 0 ) 
4 89 91 (0 384 192 ) (-288 384 192 ) (-288 384 0 ) (0 384 0 ) 
4 90 95 (-672 384 176 ) (-672 384 0 ) (-352 384 0 ) (-352 384 176 ) 
4 91 94 (-288 384 192 ) (-288 384 0 ) (-288 64 0 ) (-288 64 192 ) 
4 91 92 (-288 48 192 ) (-288 48 176 ) (0 48 176 ) (0 48 192 ) 
4 91 93 (-288 48 144 ) (-288 48 0 ) (0 48 0 ) (0 48 144 ) 
4 94 95 (-320 384 192 ) (-320 384 0 ) (-320 64 0 ) (-320 64 192 ) 
4 96 205 (-768 0 320 ) (-768 0 192 ) (-704 0 192 ) (-704 0 320 ) 
4 96 201 (-768 0 336 ) (-768 0 320 ) (-704 0 320 ) (-704 0 336 ) 
4 96 200 (-768 0 768 ) (-768 0 336 ) (-704 0 336 ) (-704 0 768 ) 
4 96 98 (-768 416 768 ) (-768 416 192 ) (-768 0 192 ) (-768 0 768 ) 
4 96 97 (-768 16 192 ) (-768 416 192 ) (-704 416 192 ) (-704 16 192 ) 
4 97 101 (-768 416 48 ) (-704 416 48 ) (-704 16 48 ) (-768 16 48 ) 
4 97 99 (-768 416 184 ) (-768 416 48 ) (-768 16 48 ) (-768 16 184 ) 
4 97 98 (-768 416 192 ) (-768 416 184 ) (-768 16 184 ) (-768 16 192 ) 
4 98 213 (-1024 0 192 ) (-1024 0 184 ) (-768 0 184 ) (-768 0 192 ) 
4 98 205 (-1024 0 320 ) (-1024 0 192 ) (-768 0 192 ) (-768 0 320 ) 
4 98 201 (-1024 0 336 ) (-1024 0 320 ) (-768 0 320 ) (-768 0 336 ) 
4 98 200 (-1024 0 768 ) (-1024 0 336 ) (-768 0 336 ) (-768 0 768 ) 
4 98 121 (-1024 0 184 ) (-1024 0 768 ) (-1024 16 768 ) (-1024 16 184 ) 
4 98 112 (-1024 16 768 ) (-1024 416 768 ) (-1024 416 184 ) (-1024 16 184 ) 
4 98 100 (-1024 0 184 ) (-1024 4 184 ) (-768 4 184 ) (-768 0 184 ) 
4 98 99 (-1024 4 184 ) (-1024 416 184 ) (-768 416 184 ) (-768 4 184 ) 
4 99 122 (-1024 4 184 ) (-1024 16 184 ) (-1024 16 48 ) (-1024 4 48 ) 
4 99 113 (-1024 416 128 ) (-1024 416 48 ) (-1024 16 48 ) (-1024 16 128 ) 
4 99 112 (-1024 16 184 ) (-1024 416 184 ) (-1024 416 128 ) (-1024 16 128 ) 
4 99 101 (-1024 416 48 ) (-768 416 48 ) (-768 16 48 ) (-1024 16 48 ) 
4 99 100 (-1024 4 48 ) (-768 4 48 ) (-768 4 184 ) (-1024 4 184 ) 
4 100 214 (-1024 0 184 ) (-1024 0 48 ) (-768 0 48 ) (-768 0 184 ) 
4 100 123 (-1024 0 48 ) (-1024 0 184 ) (-1024 4 184 ) (-1024 4 48 ) 
4 101 130 (-1024 416 32 ) (-1024 416 0 ) (-1024 16 0 ) (-1024 16 32 ) 
4 101 113 (-1024 16 48 ) (-1024 416 48 ) (-1024 416 32 ) (-1024 16 32 ) 
4 102 112 (-1024 1024 128 ) (-1024 1024 768 ) (-1472 1024 768 ) (-1472 1024 128 ) 
4 102 110 (-1168 1024 128 ) (-1456 1024 128 ) (-1456 1040 128 ) (-1168 1040 128 ) 
4 102 109 (-1136 1024 128 ) (-1168 1024 128 ) (-1168 1040 128 ) (-1136 1040 128 ) 
4 102 107 (-1024 1024 128 ) (-1136 1024 128 ) (-1136 1040 128 ) (-1024 1040 128 ) 
4 102 103 (-1456 1424 128 ) (-1024 1424 128 ) (-1024 1040 128 ) (-1456 1040 128 ) 
4 103 110 (-1168 1040 128 ) (-1456 1040 128 ) (-1456 1040 32 ) (-1168 1040 32 ) 
4 103 109 (-1136 1040 128 ) (-1168 1040 128 ) (-1168 1040 80 ) (-1136 1040 80 ) 
4 103 107 (-1024 1040 128 ) (-1136 1040 128 ) (-1136 1040 32 ) (-1024 1040 32 ) 
4 103 105 (-1216 1056 32 ) (-1216 1376 32 ) (-1088 1376 32 ) (-1088 1056 32 ) 
4 103 104 (-1024 1040 32 ) (-1088 1040 32 ) (-1088 1376 32 ) (-1024 1376 32 ) 
4 103 106 (-1216 1040 32 ) (-1408 1040 32 ) (-1408 1376 32 ) (-1216 1376 32 ) 
4 104 108 (-1040 1040 0 ) (-1024 1040 0 ) (-1024 1040 32 ) (-1040 1040 32 ) 
4 104 105 (-1088 1376 32 ) (-1088 1376 0 ) (-1088 1056 0 ) (-1088 1056 32 ) 
4 105 106 (-1216 1376 32 ) (-1216 1376 0 ) (-1216 1056 0 ) (-1216 1056 32 ) 
4 106 111 (-1408 1040 0 ) (-1264 1040 0 ) (-1264 1040 32 ) (-1408 1040 32 ) 
4 107 117 (-1096 1024 128 ) (-1136 1024 128 ) (-1136 1024 32 ) (-1096 1024 32 ) 
4 107 114 (-1064 1024 128 ) (-1096 1024 128 ) (-1096 1024 32 ) (-1064 1024 32 ) 
4 107 113 (-1024 1024 32 ) (-1024 1024 128 ) (-1064 1024 128 ) (-1064 1024 32 ) 
4 107 109 (-1136 1040 128 ) (-1136 1040 80 ) (-1136 1024 80 ) (-1136 1024 128 ) 
4 107 108 (-1024 1024 32 ) (-1040 1024 32 ) (-1040 1040 32 ) (-1024 1040 32 ) 
4 108 125 (-1024 1024 0 ) (-1024 1024 32 ) (-1040 1024 32 ) (-1040 1024 0 ) 
4 109 118 (-1136 1024 128 ) (-1168 1024 128 ) (-1168 1024 80 ) (-1136 1024 80 ) 
4 109 110 (-1168 1040 128 ) (-1168 1040 80 ) (-1168 1024 80 ) (-1168 1024 128 ) 
4 110 120 (-1168 1024 128 ) (-1456 1024 128 ) (-1456 1024 32 ) (-1168 1024 32 ) 
4 110 111 (-1408 1040 32 ) (-1264 1040 32 ) (-1264 1024 32 ) (-1408 1024 32 ) 
4 111 129 (-1408 1024 0 ) (-1264 1024 0 ) (-1264 1024 32 ) (-1408 1024 32 ) 
4 112 124 (-1472 16 768 ) (-1472 16 192 ) (-1344 16 192 ) (-1344 16 768 ) 
4 112 122 (-1344 16 128 ) (-1024 16 128 ) (-1024 16 184 ) (-1344 16 184 ) 
4 112 121 (-1024 16 184 ) (-1024 16 768 ) (-1344 16 768 ) (-1344 16 184 ) 
4 112 120 (-1168 16 128 ) (-1456 16 128 ) (-1456 1024 128 ) (-1168 1024 128 ) 
4 112 118 (-1168 688 128 ) (-1168 1024 128 ) (-1136 1024 128 ) (-1136 688 128 ) 
4 112 119 (-1136 16 128 ) (-1168 16 128 ) (-1168 688 128 ) (-1136 688 128 ) 
4 112 117 (-1096 16 128 ) (-1136 16 128 ) (-1136 1024 128 ) (-1096 1024 128 ) 
4 112 115 (-1096 712 128 ) (-1096 760 128 ) (-1064 760 128 ) (-1064 712 128 ) 
4 112 114 (-1096 760 128 ) (-1096 1024 128 ) (-1064 1024 128 ) (-1064 760 128 ) 
4 112 116 (-1064 16 128 ) (-1096 16 128 ) (-1096 712 128 ) (-1064 712 128 ) 
4 112 113 (-1024 16 128 ) (-1064 16 128 ) (-1064 1024 128 ) (-1024 1024 128 ) 
4 113 130 (-1024 688 32 ) (-1024 16 32 ) (-1064 16 32 ) (-1064 688 32 ) 
4 113 127 (-1024 784 32 ) (-1024 688 32 ) (-1040 688 32 ) (-1040 784 32 ) 
4 113 126 (-1024 944 32 ) (-1024 784 32 ) (-1064 784 32 ) (-1064 944 32 ) 
4 113 125 (-1040 1024 32 ) (-1024 1024 32 ) (-1024 944 32 ) (-1040 944 32 ) 
4 113 122 (-1024 16 48 ) (-1024 16 128 ) (-1064 16 128 ) (-1064 16 48 ) 
4 113 115 (-1064 712 34 ) (-1064 712 128 ) (-1064 760 128 ) (-1064 760 34 ) 
4 113 114 (-1064 1024 32 ) (-1064 760 32 ) (-1064 760 128 ) (-1064 1024 128 ) 
4 113 116 (-1064 712 32 ) (-1064 16 32 ) (-1064 16 128 ) (-1064 712 128 ) 
4 114 126 (-1064 944 32 ) (-1064 784 32 ) (-1088 784 32 ) (-1088 944 32 ) 
4 114 117 (-1096 1024 32 ) (-1096 760 32 ) (-1096 760 128 ) (-1096 1024 128 ) 
4 114 115 (-1096 760 128 ) (-1096 760 34 ) (-1064 760 34 ) (-1064 760 128 ) 
4 115 117 (-1096 712 34 ) (-1096 712 128 ) (-1096 760 128 ) (-1096 760 34 ) 
4 115 116 (-1096 712 128 ) (-1096 712 34 ) (-1064 712 34 ) (-1064 712 128 ) 
4 116 131 (-1088 16 32 ) (-1096 16 32 ) (-1096 672 32 ) (-1088 672 32 ) 
4 116 130 (-1064 688 32 ) (-1064 16 32 ) (-1088 16 32 ) (-1088 688 32 ) 
4 116 122 (-1064 16 48 ) (-1064 16 128 ) (-1096 16 128 ) (-1096 16 48 ) 
4 116 117 (-1096 712 32 ) (-1096 16 32 ) (-1096 16 128 ) (-1096 712 128 ) 
4 117 131 (-1096 672 32 ) (-1096 16 32 ) (-1136 16 32 ) (-1136 672 32 ) 
4 117 122 (-1096 16 48 ) (-1096 16 128 ) (-1136 16 128 ) (-1136 16 48 ) 
4 117 118 (-1136 688 80 ) (-1136 688 128 ) (-1136 1024 128 ) (-1136 1024 80 ) 
4 117 119 (-1136 688 32 ) (-1136 16 32 ) (-1136 16 128 ) (-1136 688 128 ) 
4 118 120 (-1168 688 80 ) (-1168 688 128 ) (-1168 1024 128 ) (-1168 1024 80 ) 
4 118 119 (-1168 688 128 ) (-1168 688 80 ) (-1136 688 80 ) (-1136 688 128 ) 
4 119 131 (-1136 672 32 ) (-1136 16 32 ) (-1168 16 32 ) (-1168 672 32 ) 
4 119 122 (-1136 16 48 ) (-1136 16 128 ) (-1168 16 128 ) (-1168 16 48 ) 
4 119 120 (-1168 688 32 ) (-1168 16 32 ) (-1168 16 128 ) (-1168 688 128 ) 
4 120 132 (-1216 16 32 ) (-1408 16 32 ) (-1408 688 32 ) (-1216 688 32 ) 
4 120 131 (-1168 672 32 ) (-1168 16 32 ) (-1216 16 32 ) (-1216 672 32 ) 
4 120 129 (-1408 1024 32 ) (-1264 1024 32 ) (-1264 688 32 ) (-1408 688 32 ) 
4 120 128 (-1216 784 32 ) (-1264 784 32 ) (-1264 944 32 ) (-1216 944 32 ) 
4 120 122 (-1168 16 48 ) (-1168 16 128 ) (-1344 16 128 ) (-1344 16 48 ) 
4 121 224 (-1024 0 184 ) (-1024 0 192 ) (-1344 0 192 ) (-1344 0 184 ) 
4 121 223 (-1024 0 192 ) (-1024 0 768 ) (-1344 0 768 ) (-1344 0 192 ) 
4 121 124 (-1344 16 768 ) (-1344 16 192 ) (-1344 0 192 ) (-1344 0 768 ) 
4 121 123 (-1024 0 184 ) (-1344 0 184 ) (-1344 4 184 ) (-1024 4 184 ) 
4 121 122 (-1344 4 184 ) (-1344 16 184 ) (-1024 16 184 ) (-1024 4 184 ) 
4 122 123 (-1344 4 48 ) (-1024 4 48 ) (-1024 4 184 ) (-1344 4 184 ) 
4 123 225 (-1024 0 48 ) (-1024 0 184 ) (-1344 0 184 ) (-1344 0 48 ) 
4 124 223 (-1472 0 768 ) (-1472 0 192 ) (-1344 0 192 ) (-1344 0 768 ) 
4 125 126 (-1040 944 0 ) (-1024 944 0 ) (-1024 944 32 ) (-1040 944 32 ) 
4 126 127 (-1040 784 0 ) (-1024 784 0 ) (-1024 784 32 ) (-1040 784 32 ) 
4 127 130 (-1040 688 0 ) (-1024 688 0 ) (-1024 688 32 ) (-1040 688 32 ) 
4 128 129 (-1264 944 0 ) (-1264 784 0 ) (-1264 784 32 ) (-1264 944 32 ) 
4 129 132 (-1408 688 0 ) (-1264 688 0 ) (-1264 688 32 ) (-1408 688 32 ) 
4 130 131 (-1088 672 0 ) (-1088 16 0 ) (-1088 16 32 ) (-1088 672 32 ) 
4 131 132 (-1216 672 0 ) (-1216 16 0 ) (-1216 16 32 ) (-1216 672 32 ) 
4 133 137 (1472 -16 192 ) (1472 -16 768 ) (1456 -16 768 ) (1456 -16 192 ) 
4 133 138 (1456 -16 768 ) (1344 -16 768 ) (1344 -16 192 ) (1456 -16 192 ) 
4 133 134 (1344 0 768 ) (1344 0 192 ) (1344 -16 192 ) (1344 -16 768 ) 
4 134 150 (1024 0 768 ) (1024 0 184 ) (1024 -16 184 ) (1024 -16 768 ) 
4 134 139 (1136 -16 184 ) (1168 -16 184 ) (1168 -16 768 ) (1136 -16 768 ) 
4 134 141 (1024 -16 768 ) (1024 -16 184 ) (1136 -16 184 ) (1136 -16 768 ) 
4 134 138 (1168 -16 184 ) (1344 -16 184 ) (1344 -16 768 ) (1168 -16 768 ) 
4 134 136 (1344 -4 184 ) (1344 -16 184 ) (1024 -16 184 ) (1024 -4 184 ) 
4 134 135 (1024 0 184 ) (1344 0 184 ) (1344 -4 184 ) (1024 -4 184 ) 
4 135 151 (1024 0 184 ) (1024 0 48 ) (1024 -4 48 ) (1024 -4 184 ) 
4 135 136 (1024 -4 48 ) (1344 -4 48 ) (1344 -4 184 ) (1024 -4 184 ) 
4 136 152 (1024 -4 48 ) (1024 -16 48 ) (1024 -16 184 ) (1024 -4 184 ) 
4 136 139 (1136 -16 48 ) (1168 -16 48 ) (1168 -16 184 ) (1136 -16 184 ) 
4 136 141 (1024 -16 184 ) (1024 -16 48 ) (1136 -16 48 ) (1136 -16 184 ) 
4 136 138 (1168 -16 48 ) (1344 -16 48 ) (1344 -16 184 ) (1168 -16 184 ) 
4 137 171 (1472 -1024 128 ) (1472 -1024 768 ) (1456 -1024 768 ) (1456 -1024 128 ) 
4 137 138 (1456 -1024 768 ) (1456 -16 768 ) (1456 -16 128 ) (1456 -1024 128 ) 
4 138 172 (1168 -1024 32 ) (1456 -1024 32 ) (1456 -1024 128 ) (1168 -1024 128 ) 
4 138 171 (1456 -1024 128 ) (1456 -1024 768 ) (1168 -1024 768 ) (1168 -1024 128 ) 
4 138 146 (1216 -784 32 ) (1264 -784 32 ) (1264 -944 32 ) (1216 -944 32 ) 
4 138 145 (1408 -1024 32 ) (1264 -1024 32 ) (1264 -688 32 ) (1408 -688 32 ) 
4 138 143 (1168 -672 32 ) (1168 -16 32 ) (1216 -16 32 ) (1216 -672 32 ) 
4 138 142 (1216 -16 32 ) (1408 -16 32 ) (1408 -688 32 ) (1216 -688 32 ) 
4 138 140 (1168 -1024 768 ) (1168 -688 768 ) (1168 -688 80 ) (1168 -1024 80 ) 
4 138 139 (1168 -688 768 ) (1168 -16 768 ) (1168 -16 32 ) (1168 -688 32 ) 
4 139 143 (1136 -672 32 ) (1136 -16 32 ) (1168 -16 32 ) (1168 -672 32 ) 
4 139 140 (1136 -688 768 ) (1136 -688 80 ) (1168 -688 80 ) (1168 -688 768 ) 
4 139 141 (1136 -688 768 ) (1136 -16 768 ) (1136 -16 32 ) (1136 -688 32 ) 
4 140 174 (1168 -1024 80 ) (1168 -1024 128 ) (1136 -1024 128 ) (1136 -1024 80 ) 
4 140 171 (1168 -1024 128 ) (1168 -1024 768 ) (1136 -1024 768 ) (1136 -1024 128 ) 
4 140 141 (1136 -1024 768 ) (1136 -688 768 ) (1136 -688 80 ) (1136 -1024 80 ) 
4 141 175 (1024 -1024 128 ) (1024 -1024 32 ) (1136 -1024 32 ) (1136 -1024 128 ) 
4 141 171 (1024 -1024 768 ) (1024 -1024 128 ) (1136 -1024 128 ) (1136 -1024 768 ) 
4 141 170 (1024 -1024 32 ) (1024 -1024 768 ) (1024 -416 768 ) (1024 -416 32 ) 
4 141 155 (1024 -16 48 ) (1024 -16 32 ) (1024 -416 32 ) (1024 -416 48 ) 
4 141 152 (1024 -16 184 ) (1024 -16 48 ) (1024 -416 48 ) (1024 -416 184 ) 
4 141 150 (1024 -416 768 ) (1024 -16 768 ) (1024 -16 184 ) (1024 -416 184 ) 
4 141 149 (1040 -1024 32 ) (1024 -1024 32 ) (1024 -944 32 ) (1040 -944 32 ) 
4 141 148 (1024 -944 32 ) (1024 -784 32 ) (1088 -784 32 ) (1088 -944 32 ) 
4 141 147 (1024 -784 32 ) (1024 -688 32 ) (1040 -688 32 ) (1040 -784 32 ) 
4 141 143 (1088 -16 32 ) (1136 -16 32 ) (1136 -672 32 ) (1088 -672 32 ) 
4 141 144 (1024 -688 32 ) (1024 -16 32 ) (1088 -16 32 ) (1088 -688 32 ) 
4 142 145 (1264 -688 0 ) (1408 -688 0 ) (1408 -688 32 ) (1264 -688 32 ) 
4 142 143 (1216 -16 32 ) (1216 -16 0 ) (1216 -672 0 ) (1216 -672 32 ) 
4 143 144 (1088 -16 32 ) (1088 -16 0 ) (1088 -672 0 ) (1088 -672 32 ) 
4 144 170 (1024 -688 32 ) (1024 -416 32 ) (1024 -416 0 ) (1024 -688 0 ) 
4 144 155 (1024 -416 32 ) (1024 -16 32 ) (1024 -16 0 ) (1024 -416 0 ) 
4 144 147 (1024 -688 0 ) (1040 -688 0 ) (1040 -688 32 ) (1024 -688 32 ) 
4 145 173 (1408 -1024 32 ) (1264 -1024 32 ) (1264 -1024 0 ) (1408 -1024 0 ) 
4 145 146 (1264 -784 0 ) (1264 -944 0 ) (1264 -944 32 ) (1264 -784 32 ) 
4 147 170 (1024 -784 32 ) (1024 -688 32 ) (1024 -688 0 ) (1024 -784 0 ) 
4 147 148 (1024 -784 0 ) (1040 -784 0 ) (1040 -784 32 ) (1024 -784 32 ) 
4 148 170 (1024 -944 32 ) (1024 -784 32 ) (1024 -784 0 ) (1024 -944 0 ) 
4 148 149 (1024 -944 0 ) (1040 -944 0 ) (1040 -944 32 ) (1024 -944 32 ) 
4 149 176 (1040 -1024 32 ) (1024 -1024 32 ) (1024 -1024 0 ) (1040 -1024 0 ) 
4 149 170 (1024 -1024 0 ) (1024 -1024 32 ) (1024 -944 32 ) (1024 -944 0 ) 
4 150 170 (1024 -416 184 ) (1024 -416 768 ) (768 -416 768 ) (768 -416 184 ) 
4 150 154 (768 -16 184 ) (768 -416 184 ) (768 -416 192 ) (768 -16 192 ) 
4 150 153 (768 0 768 ) (768 0 192 ) (768 -416 192 ) (768 -416 768 ) 
4 150 152 (1024 -416 184 ) (768 -416 184 ) (768 -4 184 ) (1024 -4 184 ) 
4 150 151 (768 -4 184 ) (768 0 184 ) (1024 0 184 ) (1024 -4 184 ) 
4 151 152 (1024 -4 184 ) (768 -4 184 ) (768 -4 48 ) (1024 -4 48 ) 
4 152 170 (1024 -416 48 ) (1024 -416 184 ) (768 -416 184 ) (768 -416 48 ) 
4 152 155 (1024 -416 48 ) (768 -416 48 ) (768 -16 48 ) (1024 -16 48 ) 
4 152 154 (768 -16 48 ) (768 -416 48 ) (768 -416 184 ) (768 -16 184 ) 
4 153 170 (704 -416 768 ) (704 -416 192 ) (768 -416 192 ) (768 -416 768 ) 
4 153 156 (704 0 768 ) (704 0 336 ) (704 -416 336 ) (704 -416 768 ) 
4 153 154 (704 -416 192 ) (704 -16 192 ) (768 -16 192 ) (768 -416 192 ) 
4 154 170 (704 -416 192 ) (704 -416 48 ) (768 -416 48 ) (768 -416 192 ) 
4 154 155 (768 -416 48 ) (704 -416 48 ) (704 -16 48 ) (768 -16 48 ) 
4 155 170 (704 -416 0 ) (1024 -416 0 ) (1024 -416 48 ) (704 -416 48 ) 
4 156 170 (704 -416 336 ) (704 -416 768 ) (688 -416 768 ) (688 -416 336 ) 
4 156 157 (688 -400 336 ) (688 -416 336 ) (688 -416 768 ) (688 -400 768 ) 
4 157 199 (0 -400 336 ) (0 -416 336 ) (0 -416 768 ) (0 -400 768 ) 
4 157 170 (688 -416 768 ) (0 -416 768 ) (0 -416 336 ) (688 -416 336 ) 
4 158 161 (672 -384 192 ) (320 -384 192 ) (320 -32 192 ) (672 -32 192 ) 
4 158 160 (320 -64 192 ) (320 -384 192 ) (320 -384 320 ) (320 -64 320 ) 
4 159 202 (0 -32 192 ) (0 -64 192 ) (0 -64 320 ) (0 -32 320 ) 
4 159 163 (288 -32 192 ) (288 -48 192 ) (0 -48 192 ) (0 -32 192 ) 
4 159 165 (288 -48 192 ) (288 -64 192 ) (0 -64 192 ) (0 -48 192 ) 
4 159 160 (0 -64 192 ) (288 -64 192 ) (288 -64 320 ) (0 -64 320 ) 
4 160 203 (0 -64 192 ) (0 -384 192 ) (0 -384 320 ) (0 -64 320 ) 
4 160 165 (288 -384 192 ) (0 -384 192 ) (0 -64 192 ) (288 -64 192 ) 
4 160 162 (320 -64 192 ) (320 -384 192 ) (288 -384 192 ) (288 -64 192 ) 
4 161 166 (352 -384 0 ) (672 -384 0 ) (672 -384 176 ) (352 -384 176 ) 
4 161 162 (320 -64 0 ) (320 -384 0 ) (320 -384 192 ) (320 -64 192 ) 
4 162 169 (288 -384 0 ) (320 -384 0 ) (320 -384 48 ) (288 -384 48 ) 
4 162 167 (320 -384 48 ) (320 -384 192 ) (288 -384 192 ) (288 -384 48 ) 
4 162 165 (288 -64 0 ) (288 -384 0 ) (288 -384 192 ) (288 -64 192 ) 
4 163 207 (0 -48 176 ) (0 -48 192 ) (0 -32 192 ) (0 -32 176 ) 
4 163 165 (288 -48 176 ) (288 -48 192 ) (0 -48 192 ) (0 -48 176 ) 
4 164 208 (0 -32 0 ) (0 -48 0 ) (0 -48 144 ) (0 -32 144 ) 
4 164 165 (0 -48 0 ) (288 -48 0 ) (288 -48 144 ) (0 -48 144 ) 
4 165 209 (0 -48 0 ) (0 -384 0 ) (0 -384 192 ) (0 -48 192 ) 
4 165 169 (0 -384 0 ) (288 -384 0 ) (288 -384 48 ) (0 -384 48 ) 
4 165 167 (288 -384 48 ) (288 -384 192 ) (0 -384 192 ) (0 -384 48 ) 
4 166 170 (352 -416 0 ) (672 -416 0 ) (672 -416 176 ) (352 -416 176 ) 
4 167 217 (0 -400 192 ) (0 -384 192 ) (0 -384 48 ) (0 -400 48 ) 
4 167 169 (0 -384 48 ) (320 -384 48 ) (320 -400 48 ) (0 -400 48 ) 
4 167 168 (64 -400 48 ) (288 -400 48 ) (288 -400 144 ) (64 -400 144 ) 
4 168 170 (64 -416 144 ) (64 -416 48 ) (288 -416 48 ) (288 -416 144 ) 
4 169 217 (0 -384 0 ) (0 -400 0 ) (0 -400 48 ) (0 -384 48 ) 
4 170 221 (0 -416 0 ) (0 -1024 0 ) (0 -1024 768 ) (0 -416 768 ) 
4 170 181 (1024 -1024 0 ) (1024 -1024 768 ) (0 -1024 768 ) (0 -1024 0 ) 
4 171 189 (1024 -1232 128 ) (1024 -1440 128 ) (1024 -1440 448 ) (1024 -1232 448 ) 
4 171 188 (1024 -1440 448 ) (1024 -1440 768 ) (1024 -1232 768 ) (1024 -1232 448 ) 
4 171 185 (1024 -1168 128 ) (1024 -1232 128 ) (1024 -1232 384 ) (1024 -1168 384 ) 
4 171 184 (1024 -1232 384 ) (1024 -1232 448 ) (1024 -1168 448 ) (1024 -1168 384 ) 
4 171 182 (1024 -1232 448 ) (1024 -1232 768 ) (1024 -1168 768 ) (1024 -1168 448 ) 
4 171 181 (1024 -1024 768 ) (1024 -1024 128 ) (1024 -1168 128 ) (1024 -1168 768 ) 
4 171 177 (1456 -1424 128 ) (1024 -1424 128 ) (1024 -1040 128 ) (1456 -1040 128 ) 
4 171 175 (1024 -1024 128 ) (1136 -1024 128 ) (1136 -1040 128 ) (1024 -1040 128 ) 
4 171 174 (1136 -1024 128 ) (1168 -1024 128 ) (1168 -1040 128 ) (1136 -1040 128 ) 
4 171 172 (1168 -1024 128 ) (1456 -1024 128 ) (1456 -1040 128 ) (1168 -1040 128 ) 
4 172 177 (1456 -1040 32 ) (1456 -1040 128 ) (1168 -1040 128 ) (1168 -1040 32 ) 
4 172 174 (1168 -1040 80 ) (1168 -1040 128 ) (1168 -1024 128 ) (1168 -1024 80 ) 
4 172 173 (1264 -1024 32 ) (1408 -1024 32 ) (1408 -1040 32 ) (1264 -1040 32 ) 
4 173 178 (1264 -1040 0 ) (1408 -1040 0 ) (1408 -1040 32 ) (1264 -1040 32 ) 
4 174 177 (1168 -1040 80 ) (1168 -1040 128 ) (1136 -1040 128 ) (1136 -1040 80 ) 
4 174 175 (1136 -1040 80 ) (1136 -1040 128 ) (1136 -1024 128 ) (1136 -1024 80 ) 
4 175 181 (1024 -1024 128 ) (1024 -1024 32 ) (1024 -1040 32 ) (1024 -1040 128 ) 
4 175 177 (1136 -1040 32 ) (1136 -1040 128 ) (1024 -1040 128 ) (1024 -1040 32 ) 
4 175 176 (1024 -1024 32 ) (1040 -1024 32 ) (1040 -1040 32 ) (1024 -1040 32 ) 
4 176 181 (1024 -1024 32 ) (1024 -1024 0 ) (1024 -1040 0 ) (1024 -1040 32 ) 
4 176 180 (1024 -1040 0 ) (1040 -1040 0 ) (1040 -1040 32 ) (1024 -1040 32 ) 
4 177 191 (1024 -1424 32 ) (1024 -1424 128 ) (1024 -1232 128 ) (1024 -1232 32 ) 
4 177 185 (1024 -1232 128 ) (1024 -1168 128 ) (1024 -1168 32 ) (1024 -1232 32 ) 
4 177 181 (1024 -1168 128 ) (1024 -1040 128 ) (1024 -1040 32 ) (1024 -1168 32 ) 
4 177 179 (1216 -1056 32 ) (1216 -1376 32 ) (1088 -1376 32 ) (1088 -1056 32 ) 
4 177 178 (1216 -1040 32 ) (1408 -1040 32 ) (1408 -1376 32 ) (1216 -1376 32 ) 
4 177 180 (1024 -1040 32 ) (1088 -1040 32 ) (1088 -1376 32 ) (1024 -1376 32 ) 
4 178 179 (1216 -1376 0 ) (1216 -1376 32 ) (1216 -1056 32 ) (1216 -1056 0 ) 
4 179 180 (1088 -1376 0 ) (1088 -1376 32 ) (1088 -1056 32 ) (1088 -1056 0 ) 
4 180 193 (1024 -1232 0 ) (1024 -1376 0 ) (1024 -1376 32 ) (1024 -1232 32 ) 
4 180 187 (1024 -1168 0 ) (1024 -1232 0 ) (1024 -1232 32 ) (1024 -1168 32 ) 
4 180 181 (1024 -1040 0 ) (1024 -1168 0 ) (1024 -1168 32 ) (1024 -1040 32 ) 
4 181 238 (0 -1024 768 ) (0 -1024 0 ) (0 -1168 0 ) (0 -1168 768 ) 
4 181 187 (336 -1168 0 ) (1024 -1168 0 ) (1024 -1168 32 ) (336 -1168 32 ) 
4 181 185 (1024 -1168 32 ) (1024 -1168 384 ) (336 -1168 384 ) (336 -1168 32 ) 
4 181 186 (304 -1168 384 ) (0 -1168 384 ) (0 -1168 32 ) (304 -1168 32 ) 
4 181 184 (1024 -1168 384 ) (1024 -1168 448 ) (336 -1168 448 ) (336 -1168 384 ) 
4 181 183 (320 -1168 768 ) (0 -1168 768 ) (0 -1168 448 ) (320 -1168 448 ) 
4 181 182 (1024 -1168 448 ) (1024 -1168 768 ) (320 -1168 768 ) (320 -1168 448 ) 
4 182 188 (320 -1232 448 ) (1024 -1232 448 ) (1024 -1232 768 ) (320 -1232 768 ) 
4 182 184 (1024 -1232 448 ) (336 -1232 448 ) (336 -1168 448 ) (1024 -1168 448 ) 
4 182 183 (320 -1168 448 ) (320 -1184 448 ) (320 -1184 768 ) (320 -1168 768 ) 
4 183 239 (0 -1168 768 ) (0 -1168 448 ) (0 -1184 448 ) (0 -1184 768 ) 
4 184 189 (336 -1232 384 ) (1024 -1232 384 ) (1024 -1232 448 ) (336 -1232 448 ) 
4 184 185 (1024 -1232 384 ) (336 -1232 384 ) (336 -1168 384 ) (1024 -1168 384 ) 
4 185 191 (336 -1232 32 ) (1024 -1232 32 ) (1024 -1232 128 ) (336 -1232 128 ) 
4 185 189 (1024 -1232 128 ) (1024 -1232 384 ) (336 -1232 384 ) (336 -1232 128 ) 
4 185 187 (1024 -1232 32 ) (336 -1232 32 ) (336 -1168 32 ) (1024 -1168 32 ) 
4 186 242 (0 -1168 384 ) (0 -1168 32 ) (0 -1232 32 ) (0 -1232 384 ) 
4 186 192 (0 -1232 128 ) (0 -1232 32 ) (304 -1232 32 ) (304 -1232 128 ) 
4 186 190 (0 -1232 384 ) (0 -1232 128 ) (304 -1232 128 ) (304 -1232 384 ) 
4 187 197 (336 -1232 0 ) (464 -1232 0 ) (464 -1232 32 ) (336 -1232 32 ) 
4 187 196 (464 -1232 0 ) (560 -1232 0 ) (560 -1232 32 ) (464 -1232 32 ) 
4 187 195 (560 -1232 0 ) (720 -1232 0 ) (720 -1232 32 ) (560 -1232 32 ) 
4 187 194 (720 -1232 0 ) (816 -1232 0 ) (816 -1232 32 ) (720 -1232 32 ) 
4 187 193 (816 -1232 0 ) (1024 -1232 0 ) (1024 -1232 32 ) (816 -1232 32 ) 
4 188 189 (1024 -1440 448 ) (320 -1440 448 ) (320 -1232 448 ) (1024 -1232 448 ) 
4 189 191 (336 -1424 128 ) (336 -1232 128 ) (1024 -1232 128 ) (1024 -1424 128 ) 
4 190 246 (0 -1232 448 ) (0 -1232 128 ) (0 -1440 128 ) (0 -1440 448 ) 
4 190 192 (304 -1440 128 ) (0 -1440 128 ) (0 -1232 128 ) (304 -1232 128 ) 
4 191 197 (336 -1376 32 ) (336 -1232 32 ) (464 -1232 32 ) (464 -1376 32 ) 
4 191 196 (464 -1232 32 ) (560 -1232 32 ) (560 -1328 32 ) (464 -1328 32 ) 
4 191 195 (560 -1232 32 ) (720 -1232 32 ) (720 -1376 32 ) (560 -1376 32 ) 
4 191 194 (720 -1232 32 ) (816 -1232 32 ) (816 -1328 32 ) (720 -1328 32 ) 
4 191 193 (816 -1232 32 ) (1024 -1232 32 ) (1024 -1376 32 ) (816 -1376 32 ) 
4 192 248 (0 -1232 128 ) (0 -1232 32 ) (0 -1440 32 ) (0 -1440 128 ) 
4 192 198 (304 -1440 32 ) (0 -1440 32 ) (0 -1232 32 ) (304 -1232 32 ) 
4 193 194 (816 -1328 32 ) (816 -1232 32 ) (816 -1232 0 ) (816 -1328 0 ) 
4 194 195 (720 -1328 32 ) (720 -1232 32 ) (720 -1232 0 ) (720 -1328 0 ) 
4 195 196 (560 -1328 32 ) (560 -1232 32 ) (560 -1232 0 ) (560 -1328 0 ) 
4 196 197 (464 -1328 32 ) (464 -1232 32 ) (464 -1232 0 ) (464 -1328 0 ) 
4 198 248 (0 -1232 32 ) (0 -1232 0 ) (0 -1440 0 ) (0 -1440 32 ) 
4 199 221 (-688 -416 336 ) (0 -416 336 ) (0 -416 768 ) (-688 -416 768 ) 
4 199 200 (-688 -400 336 ) (-688 -416 336 ) (-688 -416 768 ) (-688 -400 768 ) 
4 200 223 (-1024 0 768 ) (-1024 0 336 ) (-1024 -416 336 ) (-1024 -416 768 ) 
4 200 221 (-1024 -416 768 ) (-1024 -416 336 ) (-688 -416 336 ) (-688 -416 768 ) 
4 200 201 (-704 -416 336 ) (-1024 -416 336 ) (-1024 0 336 ) (-704 0 336 ) 
4 201 223 (-1024 0 336 ) (-1024 0 320 ) (-1024 -416 320 ) (-1024 -416 336 ) 
4 201 221 (-1024 -416 336 ) (-1024 -416 320 ) (-704 -416 320 ) (-704 -416 336 ) 
4 201 206 (-704 -416 320 ) (-1024 -416 320 ) (-1024 -384 320 ) (-704 -384 320 ) 
4 201 205 (-1024 -384 320 ) (-1024 0 320 ) (-704 0 320 ) (-704 -384 320 ) 
4 202 207 (0 -32 192 ) (0 -48 192 ) (-288 -48 192 ) (-288 -32 192 ) 
4 202 209 (0 -48 192 ) (0 -64 192 ) (-288 -64 192 ) (-288 -48 192 ) 
4 202 203 (-288 -64 192 ) (0 -64 192 ) (0 -64 320 ) (-288 -64 320 ) 
4 203 210 (-288 -384 192 ) (-320 -384 192 ) (-320 -64 192 ) (-288 -64 192 ) 
4 203 209 (0 -64 192 ) (0 -384 192 ) (-288 -384 192 ) (-288 -64 192 ) 
4 203 204 (-320 -64 192 ) (-320 -384 192 ) (-320 -384 320 ) (-320 -64 320 ) 
4 204 211 (-320 -32 192 ) (-320 -384 192 ) (-672 -384 192 ) (-672 -32 192 ) 
4 205 223 (-1024 0 320 ) (-1024 0 192 ) (-1024 -384 192 ) (-1024 -384 320 ) 
4 205 213 (-1024 -384 192 ) (-1024 0 192 ) (-768 0 192 ) (-768 -384 192 ) 
4 205 212 (-704 -16 192 ) (-704 -384 192 ) (-768 -384 192 ) (-768 -16 192 ) 
4 205 206 (-1024 -384 192 ) (-704 -384 192 ) (-704 -384 320 ) (-1024 -384 320 ) 
4 206 223 (-1024 -384 192 ) (-1024 -416 192 ) (-1024 -416 320 ) (-1024 -384 320 ) 
4 206 221 (-1024 -416 320 ) (-1024 -416 192 ) (-704 -416 192 ) (-704 -416 320 ) 
4 206 220 (-704 -416 192 ) (-1024 -416 192 ) (-1024 -384 192 ) (-704 -384 192 ) 
4 207 209 (-288 -48 192 ) (-288 -48 176 ) (0 -48 176 ) (0 -48 192 ) 
4 208 209 (-288 -48 144 ) (-288 -48 0 ) (0 -48 0 ) (0 -48 144 ) 
4 209 217 (-288 -384 0 ) (0 -384 0 ) (0 -384 192 ) (-288 -384 192 ) 
4 209 210 (-288 -64 0 ) (-288 -384 0 ) (-288 -384 192 ) (-288 -64 192 ) 
4 210 217 (-320 -384 0 ) (-288 -384 0 ) (-288 -384 192 ) (-320 -384 192 ) 
4 210 211 (-320 -64 0 ) (-320 -384 0 ) (-320 -384 192 ) (-320 -64 192 ) 
4 211 219 (-672 -384 0 ) (-352 -384 0 ) (-352 -384 176 ) (-672 -384 176 ) 
4 212 220 (-704 -384 192 ) (-768 -384 192 ) (-768 -384 48 ) (-704 -384 48 ) 
4 212 216 (-704 -384 48 ) (-768 -384 48 ) (-768 -16 48 ) (-704 -16 48 ) 
4 212 215 (-768 -16 48 ) (-768 -384 48 ) (-768 -384 184 ) (-768 -16 184 ) 
4 212 213 (-768 -384 184 ) (-768 -384 192 ) (-768 -16 192 ) (-768 -16 184 ) 
4 213 232 (-1024 -352 184 ) (-1024 -384 184 ) (-1024 -384 192 ) (-1024 -352 192 ) 
4 213 231 (-1024 -304 184 ) (-1024 -352 184 ) (-1024 -352 192 ) (-1024 -304 192 ) 
4 213 229 (-1024 -144 184 ) (-1024 -304 184 ) (-1024 -304 192 ) (-1024 -144 192 ) 
4 213 228 (-1024 -96 184 ) (-1024 -144 184 ) (-1024 -144 192 ) (-1024 -96 192 ) 
4 213 227 (-1024 -16 184 ) (-1024 -96 184 ) (-1024 -96 192 ) (-1024 -16 192 ) 
4 213 224 (-1024 0 192 ) (-1024 0 184 ) (-1024 -16 184 ) (-1024 -16 192 ) 
4 213 220 (-768 -384 192 ) (-1024 -384 192 ) (-1024 -384 184 ) (-768 -384 184 ) 
4 213 215 (-768 -4 184 ) (-768 -384 184 ) (-1024 -384 184 ) (-1024 -4 184 ) 
4 213 214 (-768 0 184 ) (-768 -4 184 ) (-1024 -4 184 ) (-1024 0 184 ) 
4 214 225 (-1024 0 184 ) (-1024 0 48 ) (-1024 -4 48 ) (-1024 -4 184 ) 
4 214 215 (-1024 -4 48 ) (-768 -4 48 ) (-768 -4 184 ) (-1024 -4 184 ) 
4 215 232 (-1024 -352 48 ) (-1024 -384 48 ) (-1024 -384 184 ) (-1024 -352 184 ) 
4 215 231 (-1024 -304 48 ) (-1024 -352 48 ) (-1024 -352 184 ) (-1024 -304 184 ) 
4 215 229 (-1024 -144 48 ) (-1024 -304 48 ) (-1024 -304 184 ) (-1024 -144 184 ) 
4 215 228 (-1024 -96 48 ) (-1024 -144 48 ) (-1024 -144 184 ) (-1024 -96 184 ) 
4 215 227 (-1024 -16 48 ) (-1024 -96 48 ) (-1024 -96 184 ) (-1024 -16 184 ) 
4 215 226 (-1024 -4 48 ) (-1024 -16 48 ) (-1024 -16 184 ) (-1024 -4 184 ) 
4 215 220 (-1024 -384 184 ) (-1024 -384 48 ) (-768 -384 48 ) (-768 -384 184 ) 
4 215 216 (-768 -384 48 ) (-1024 -384 48 ) (-1024 -16 48 ) (-768 -16 48 ) 
4 216 232 (-1024 -352 0 ) (-1024 -384 0 ) (-1024 -384 48 ) (-1024 -352 48 ) 
4 216 231 (-1024 -304 0 ) (-1024 -352 0 ) (-1024 -352 48 ) (-1024 -304 48 ) 
4 216 229 (-1024 -144 0 ) (-1024 -304 0 ) (-1024 -304 48 ) (-1024 -144 48 ) 
4 216 228 (-1024 -96 0 ) (-1024 -144 0 ) (-1024 -144 48 ) (-1024 -96 48 ) 
4 216 227 (-1024 -16 0 ) (-1024 -96 0 ) (-1024 -96 48 ) (-1024 -16 48 ) 
4 216 222 (-1024 -288 0 ) (-1024 -160 0 ) (-768 -160 0 ) (-768 -288 0 ) 
4 216 220 (-1024 -384 0 ) (-704 -384 0 ) (-704 -384 48 ) (-1024 -384 48 ) 
4 217 218 (-288 -400 48 ) (-64 -400 48 ) (-64 -400 144 ) (-288 -400 144 ) 
4 218 221 (-288 -416 144 ) (-288 -416 48 ) (-64 -416 48 ) (-64 -416 144 ) 
4 219 221 (-672 -416 0 ) (-352 -416 0 ) (-352 -416 176 ) (-672 -416 176 ) 
4 220 232 (-1024 -384 0 ) (-1024 -416 0 ) (-1024 -416 192 ) (-1024 -384 192 ) 
4 220 221 (-1024 -416 192 ) (-1024 -416 0 ) (-704 -416 0 ) (-704 -416 192 ) 
4 221 238 (0 -1024 0 ) (0 -1024 768 ) (-1024 -1024 768 ) (-1024 -1024 0 ) 
4 221 233 (-1024 -416 0 ) (-1024 -1024 0 ) (-1024 -1024 192 ) (-1024 -416 192 ) 
4 221 223 (-1024 -1024 192 ) (-1024 -1024 768 ) (-1024 -416 768 ) (-1024 -416 192 ) 
4 222 237 (-1024 -288 -48 ) (-1024 -288 0 ) (-1024 -160 0 ) (-1024 -160 -48 ) 
4 223 251 (-1024 -1024 192 ) (-1024 -1024 768 ) (-1472 -1024 768 ) (-1472 -1024 192 ) 
4 223 235 (-1456 -1024 192 ) (-1472 -1024 192 ) (-1472 -416 192 ) (-1456 -416 192 ) 
4 223 234 (-1408 -1024 192 ) (-1456 -1024 192 ) (-1456 -416 192 ) (-1408 -416 192 ) 
4 223 233 (-1024 -1024 192 ) (-1408 -1024 192 ) (-1408 -416 192 ) (-1024 -416 192 ) 
4 223 232 (-1408 -352 192 ) (-1024 -352 192 ) (-1024 -416 192 ) (-1408 -416 192 ) 
4 223 231 (-1456 -304 192 ) (-1024 -304 192 ) (-1024 -352 192 ) (-1456 -352 192 ) 
4 223 229 (-1456 -144 192 ) (-1024 -144 192 ) (-1024 -304 192 ) (-1456 -304 192 ) 
4 223 228 (-1456 -96 192 ) (-1024 -96 192 ) (-1024 -144 192 ) (-1456 -144 192 ) 
4 223 227 (-1408 -16 192 ) (-1024 -16 192 ) (-1024 -96 192 ) (-1408 -96 192 ) 
4 223 224 (-1344 0 192 ) (-1024 0 192 ) (-1024 -16 192 ) (-1344 -16 192 ) 
4 224 227 (-1024 -16 192 ) (-1344 -16 192 ) (-1344 -16 184 ) (-1024 -16 184 ) 
4 224 226 (-1024 -16 184 ) (-1344 -16 184 ) (-1344 -4 184 ) (-1024 -4 184 ) 
4 224 225 (-1344 -4 184 ) (-1344 0 184 ) (-1024 0 184 ) (-1024 -4 184 ) 
4 225 226 (-1344 -4 48 ) (-1024 -4 48 ) (-1024 -4 184 ) (-1344 -4 184 ) 
4 226 227 (-1344 -16 184 ) (-1344 -16 48 ) (-1024 -16 48 ) (-1024 -16 184 ) 
4 227 228 (-1024 -96 192 ) (-1408 -96 192 ) (-1408 -96 0 ) (-1024 -96 0 ) 
4 228 229 (-1024 -144 192 ) (-1456 -144 192 ) (-1456 -144 0 ) (-1024 -144 0 ) 
4 229 237 (-1024 -160 0 ) (-1024 -288 0 ) (-1408 -288 0 ) (-1408 -160 0 ) 
4 229 231 (-1024 -304 192 ) (-1456 -304 192 ) (-1456 -304 0 ) (-1024 -304 0 ) 
4 229 230 (-1456 -144 168 ) (-1456 -144 0 ) (-1456 -304 0 ) (-1456 -304 168 ) 
4 230 236 (-1472 -144 0 ) (-1472 -304 0 ) (-1472 -304 128 ) (-1472 -144 128 ) 
4 231 232 (-1024 -352 192 ) (-1408 -352 192 ) (-1408 -352 0 ) (-1024 -352 0 ) 
4 232 233 (-1024 -416 192 ) (-1408 -416 192 ) (-1408 -416 0 ) (-1024 -416 0 ) 
4 233 252 (-1024 -1024 0 ) (-1024 -1024 128 ) (-1408 -1024 128 ) (-1408 -1024 0 ) 
4 233 251 (-1024 -1024 128 ) (-1024 -1024 192 ) (-1408 -1024 192 ) (-1408 -1024 128 ) 
4 233 234 (-1408 -416 192 ) (-1408 -416 32 ) (-1408 -1024 32 ) (-1408 -1024 192 ) 
4 234 253 (-1456 -1024 128 ) (-1456 -1024 32 ) (-1408 -1024 32 ) (-1408 -1024 128 ) 
4 234 251 (-1408 -1024 192 ) (-1456 -1024 192 ) (-1456 -1024 128 ) (-1408 -1024 128 ) 
4 234 235 (-1456 -416 192 ) (-1456 -416 128 ) (-1456 -1024 128 ) (-1456 -1024 192 ) 
4 235 251 (-1456 -1024 192 ) (-1472 -1024 192 ) (-1472 -1024 128 ) (-1456 -1024 128 ) 
4 238 252 (-1024 -1024 128 ) (-1024 -1024 0 ) (-1024 -1168 0 ) (-1024 -1168 128 ) 
4 238 251 (-1024 -1024 768 ) (-1024 -1024 128 ) (-1024 -1168 128 ) (-1024 -1168 768 ) 
4 238 244 (-1024 -1168 32 ) (-1024 -1168 0 ) (-336 -1168 0 ) (-336 -1168 32 ) 
4 238 242 (-304 -1168 32 ) (0 -1168 32 ) (0 -1168 384 ) (-304 -1168 384 ) 
4 238 243 (-1024 -1168 384 ) (-1024 -1168 32 ) (-336 -1168 32 ) (-336 -1168 384 ) 
4 238 241 (-1024 -1168 448 ) (-1024 -1168 384 ) (-336 -1168 384 ) (-336 -1168 448 ) 
4 238 239 (-320 -1168 448 ) (0 -1168 448 ) (0 -1168 768 ) (-320 -1168 768 ) 
4 238 240 (-1024 -1168 768 ) (-1024 -1168 448 ) (-320 -1168 448 ) (-320 -1168 768 ) 
4 239 240 (-320 -1168 448 ) (-320 -1184 448 ) (-320 -1184 768 ) (-320 -1168 768 ) 
4 240 251 (-1024 -1232 448 ) (-1024 -1232 768 ) (-1024 -1168 768 ) (-1024 -1168 448 ) 
4 240 245 (-320 -1232 768 ) (-1024 -1232 768 ) (-1024 -1232 448 ) (-320 -1232 448 ) 
4 240 241 (-336 -1232 448 ) (-1024 -1232 448 ) (-1024 -1168 448 ) (-336 -1168 448 ) 
4 241 251 (-1024 -1232 384 ) (-1024 -1232 448 ) (-1024 -1168 448 ) (-1024 -1168 384 ) 
4 241 247 (-336 -1232 448 ) (-1024 -1232 448 ) (-1024 -1232 384 ) (-336 -1232 384 ) 
4 241 243 (-336 -1232 384 ) (-1024 -1232 384 ) (-1024 -1168 384 ) (-336 -1168 384 ) 
4 242 248 (0 -1232 32 ) (0 -1232 128 ) (-304 -1232 128 ) (-304 -1232 32 ) 
4 242 246 (0 -1232 128 ) (0 -1232 384 ) (-304 -1232 384 ) (-304 -1232 128 ) 
4 243 252 (-1024 -1232 32 ) (-1024 -1232 128 ) (-1024 -1168 128 ) (-1024 -1168 32 ) 
4 243 251 (-1024 -1232 128 ) (-1024 -1232 384 ) (-1024 -1168 384 ) (-1024 -1168 128 ) 
4 243 249 (-1024 -1232 128 ) (-1024 -1232 32 ) (-336 -1232 32 ) (-336 -1232 128 ) 
4 243 247 (-336 -1232 384 ) (-1024 -1232 384 ) (-1024 -1232 128 ) (-336 -1232 128 ) 
4 243 244 (-336 -1232 32 ) (-1024 -1232 32 ) (-1024 -1168 32 ) (-336 -1168 32 ) 
4 244 252 (-1024 -1168 0 ) (-1024 -1232 0 ) (-1024 -1232 32 ) (-1024 -1168 32 ) 
4 244 249 (-1024 -1232 0 ) (-336 -1232 0 ) (-336 -1232 32 ) (-1024 -1232 32 ) 
4 245 251 (-1024 -1440 448 ) (-1024 -1440 768 ) (-1024 -1232 768 ) (-1024 -1232 448 ) 
4 245 247 (-320 -1440 448 ) (-1024 -1440 448 ) (-1024 -1232 448 ) (-320 -1232 448 ) 
4 246 248 (0 -1440 128 ) (-304 -1440 128 ) (-304 -1232 128 ) (0 -1232 128 ) 
4 247 251 (-1024 -1440 128 ) (-1024 -1440 448 ) (-1024 -1232 448 ) (-1024 -1232 128 ) 
4 247 250 (-1024 -1424 128 ) (-1024 -1376 128 ) (-336 -1376 128 ) (-336 -1424 128 ) 
4 247 249 (-1024 -1376 128 ) (-1024 -1232 128 ) (-336 -1232 128 ) (-336 -1376 128 ) 
4 249 252 (-1024 -1232 0 ) (-1024 -1376 0 ) (-1024 -1376 128 ) (-1024 -1232 128 ) 
4 249 250 (-336 -1376 32 ) (-336 -1376 128 ) (-1024 -1376 128 ) (-1024 -1376 32 ) 
4 250 254 (-1024 -1424 32 ) (-1024 -1424 128 ) (-1024 -1376 128 ) (-1024 -1376 32 ) 
4 251 254 (-1024 -1376 128 ) (-1024 -1424 128 ) (-1456 -1424 128 ) (-1456 -1376 128 ) 
4 251 253 (-1456 -1024 128 ) (-1408 -1024 128 ) (-1408 -1376 128 ) (-1456 -1376 128 ) 
4 251 252 (-1408 -1024 128 ) (-1024 -1024 128 ) (-1024 -1376 128 ) (-1408 -1376 128 ) 
4 252 254 (-1024 -1376 32 ) (-1024 -1376 128 ) (-1408 -1376 128 ) (-1408 -1376 32 ) 
4 252 253 (-1408 -1376 32 ) (-1408 -1376 128 ) (-1408 -1024 128 ) (-1408 -1024 32 ) 
4 253 254 (-1456 -1376 128 ) (-1456 -1376 32 ) (-1408 -1376 32 ) (-1408 -1376 128 ) 
