


materialPath: D:\SteamLibrary\steamapps\common\Team Fortress 2\tf\materials
Loading E:\Mod\TeamFortress2\mapsrc\_CONTESTS\april_fools\2022\af_hells_kitchen_a4.vmf
ConVarRef mat_reduceparticles doesn't point to an existing ConVar
fixing up env_cubemap materials on brush sides...
0...1...2...3...4...5...6...7...8...9...10**** leaked ****
Entity info_observer_point (-1408.00 0.00 640.00) leaked!
Processing areas...done (0)
Building Faces...done (0)
Chop Details...done (0)
Find Visible Detail Sides...done (0)
Merging details...done (0)
FixTjuncs...
PruneNodes...
WriteBSP...
done (0)
*** Error: Skybox vtf files for skybox/sky_tf2_04 weren't compiled with the same size texture and/or same flags!
Can't load skybox file skybox/sky_tf2_04 to build the default cubemap!
*** Error: Skybox vtf files for skybox/sky_tf2_04 weren't compiled with the same size texture and/or same flags!
Can't load skybox file skybox/sky_tf2_04 to build the default cubemap!
Finding displacement neighbors...
Finding lightmap sample positions...
Displacement Alpha : 0...1...2...3...4...5...6...7...8...9...10
Building Physics collision data...
done (0) (69155 bytes)
Placing detail props : 0...1...2...3...4...5...6...7...8...9...10
Compacting texture/material tables...
Reduced 273 texinfos to 166
Reduced 58 texdatas to 51 (1701 bytes to 1530)
Writing E:\Mod\TeamFortress2\mapsrc\_CONTESTS\april_fools\2022\af_hells_kitchen_a4.bsp
MSG_FILEWRITE - Filesystem was asked to write to 'E:\Mod\TeamFortress2\mapsrc\_CONTESTS\april_fools\2022\af_hells_kitchen_a4.bsp', but we don't own that location. Allowing.
Wrote ZIP buffer, estimated size 5943, actual size 4389
1 second elapsed



8 threads
reading e:\mod\teamfortress2\mapsrc\_contests\april_fools\2022\af_hells_kitchen_a4.bsp
reading e:\mod\teamfortress2\mapsrc\_contests\april_fools\2022\af_hells_kitchen_a4.prt
LoadPortals: couldn't read e:\mod\teamfortress2\mapsrc\_contests\april_fools\2022\af_hells_kitchen_a4.prt



materialPath: D:\SteamLibrary\steamapps\common\Team Fortress 2\tf\materials
Loading E:\Mod\TeamFortress2\mapsrc\_CONTESTS\april_fools\2022\af_hells_kitchen_a4.vmf
ConVarRef mat_reduceparticles doesn't point to an existing ConVar
fixing up env_cubemap materials on brush sides...
0...1...2...3...4...5...6...7...8...9...10**** leaked ****
Entity info_observer_point (-1408.00 0.00 640.00) leaked!
Processing areas...done (0)
Building Faces...done (0)
Chop Details...done (0)
Find Visible Detail Sides...done (0)
Merging details...done (0)
FixTjuncs...
PruneNodes...
WriteBSP...
done (0)
*** Error: Skybox vtf files for skybox/sky_tf2_04 weren't compiled with the same size texture and/or same flags!
Can't load skybox file skybox/sky_tf2_04 to build the default cubemap!
*** Error: Skybox vtf files for skybox/sky_tf2_04 weren't compiled with the same size texture and/or same flags!
Can't load skybox file skybox/sky_tf2_04 to build the default cubemap!
Finding displacement neighbors...
Finding lightmap sample positions...
Displacement Alpha : 0...1...2...3...4...5...6...7...8...9...10
Building Physics collision data...
done (0) (69155 bytes)
Placing detail props : 0...1...2...3...4...5...6...7...8...9...10
Compacting texture/material tables...
Reduced 273 texinfos to 166
Reduced 58 texdatas to 51 (1701 bytes to 1530)
Writing E:\Mod\TeamFortress2\mapsrc\_CONTESTS\april_fools\2022\af_hells_kitchen_a4.bsp
MSG_FILEWRITE - Filesystem was asked to write to 'E:\Mod\TeamFortress2\mapsrc\_CONTESTS\april_fools\2022\af_hells_kitchen_a4.bsp', but we don't own that location. Allowing.
Wrote ZIP buffer, estimated size 5943, actual size 4389
0 seconds elapsed



8 threads
reading e:\mod\teamfortress2\mapsrc\_contests\april_fools\2022\af_hells_kitchen_a4.bsp
reading e:\mod\teamfortress2\mapsrc\_contests\april_fools\2022\af_hells_kitchen_a4.prt
LoadPortals: couldn't read e:\mod\teamfortress2\mapsrc\_contests\april_fools\2022\af_hells_kitchen_a4.prt



materialPath: D:\SteamLibrary\steamapps\common\Team Fortress 2\tf\materials
Loading E:\Mod\TeamFortress2\mapsrc\_CONTESTS\april_fools\2022\af_hells_kitchen_a4.vmf
ConVarRef mat_reduceparticles doesn't point to an existing ConVar
fixing up env_cubemap materials on brush sides...
0...1...2...3...4...5...6...7...8...9...10**** leaked ****
Entity trigger_multiple (-768.00 1456.00 36.00) leaked!
Processing areas...done (0)
Building Faces...done (0)
Chop Details...done (0)
Find Visible Detail Sides...done (0)
Merging details...done (0)
FixTjuncs...
PruneNodes...
WriteBSP...
done (0)
*** Error: Skybox vtf files for skybox/sky_tf2_04 weren't compiled with the same size texture and/or same flags!
Can't load skybox file skybox/sky_tf2_04 to build the default cubemap!
*** Error: Skybox vtf files for skybox/sky_tf2_04 weren't compiled with the same size texture and/or same flags!
Can't load skybox file skybox/sky_tf2_04 to build the default cubemap!
Finding displacement neighbors...
Finding lightmap sample positions...
Displacement Alpha : 0...1...2...3...4...5...6...7...8...9...10
Building Physics collision data...
done (0) (69155 bytes)
Placing detail props : 0...1...2...3...4...5...6...7...8...9...10
Compacting texture/material tables...
Reduced 273 texinfos to 166
Reduced 58 texdatas to 51 (1701 bytes to 1530)
Writing E:\Mod\TeamFortress2\mapsrc\_CONTESTS\april_fools\2022\af_hells_kitchen_a4.bsp
MSG_FILEWRITE - Filesystem was asked to write to 'E:\Mod\TeamFortress2\mapsrc\_CONTESTS\april_fools\2022\af_hells_kitchen_a4.bsp', but we don't own that location. Allowing.
Wrote ZIP buffer, estimated size 5943, actual size 4389
0 seconds elapsed



8 threads
reading e:\mod\teamfortress2\mapsrc\_contests\april_fools\2022\af_hells_kitchen_a4.bsp
reading e:\mod\teamfortress2\mapsrc\_contests\april_fools\2022\af_hells_kitchen_a4.prt
LoadPortals: couldn't read e:\mod\teamfortress2\mapsrc\_contests\april_fools\2022\af_hells_kitchen_a4.prt



materialPath: D:\SteamLibrary\steamapps\common\Team Fortress 2\tf\materials
Loading E:\Mod\TeamFortress2\mapsrc\_CONTESTS\april_fools\2022\af_hells_kitchen_a4.vmf
ConVarRef mat_reduceparticles doesn't point to an existing ConVar
fixing up env_cubemap materials on brush sides...
0...1...2...3...4...5...6...7...8...9...100...1...2...3...4...5...6...7...8...9...10Processing areas...done (0)
Building Faces...done (0)
Chop Details...done (0)
Find Visible Detail Sides...done (0)
Merging details...done (0)
FixTjuncs...
PruneNodes...
WriteBSP...
done (0)
writing E:\Mod\TeamFortress2\mapsrc\_CONTESTS\april_fools\2022\af_hells_kitchen_a4.prt...Building visibility clusters...
done (0)
*** Error: Skybox vtf files for skybox/sky_tf2_04 weren't compiled with the same size texture and/or same flags!
Can't load skybox file skybox/sky_tf2_04 to build the default cubemap!
*** Error: Skybox vtf files for skybox/sky_tf2_04 weren't compiled with the same size texture and/or same flags!
Can't load skybox file skybox/sky_tf2_04 to build the default cubemap!
Finding displacement neighbors...
Finding lightmap sample positions...
Displacement Alpha : 0...1...2...3...4...5...6...7...8...9...10
Building Physics collision data...
done (0) (69155 bytes)
Placing detail props : 0...1...2...3...4...5...6...7...8...9...10
Compacting texture/material tables...
Reduced 275 texinfos to 168
Reduced 58 texdatas to 51 (1701 bytes to 1530)
Writing E:\Mod\TeamFortress2\mapsrc\_CONTESTS\april_fools\2022\af_hells_kitchen_a4.bsp
MSG_FILEWRITE - Filesystem was asked to write to 'E:\Mod\TeamFortress2\mapsrc\_CONTESTS\april_fools\2022\af_hells_kitchen_a4.bsp', but we don't own that location. Allowing.
Wrote ZIP buffer, estimated size 5943, actual size 4389
0 seconds elapsed



8 threads
reading e:\mod\teamfortress2\mapsrc\_contests\april_fools\2022\af_hells_kitchen_a4.bsp
reading e:\mod\teamfortress2\mapsrc\_contests\april_fools\2022\af_hells_kitchen_a4.prt
 100 portalclusters
 213 numportals
0...1...2...3...4...5...6...7...8...9...10Optimized: 4 visible clusters (0.08%)
Total clusters visible: 4754
Average clusters visible: 47
Building PAS...
Average clusters audible: 50
visdatasize:3102  compressed from 3200
writing e:\mod\teamfortress2\mapsrc\_contests\april_fools\2022\af_hells_kitchen_a4.bsp
MSG_FILEWRITE - Filesystem was asked to write to 'e:\mod\teamfortress2\mapsrc\_contests\april_fools\2022\af_hells_kitchen_a4.bsp', but we don't own that location. Allowing.
0 seconds elapsed



[Reading texlights from 'lights.rad']
[56 texlights parsed from 'lights.rad']

Loading e:\mod\teamfortress2\mapsrc\_contests\april_fools\2022\af_hells_kitchen_a4.bsp
745 faces
147827 square feet [21287092.00 square inches]
0 Displacements
0 Square Feet [0.00 Square Inches]
745 patches before subdivision
745 patches after subdivision
38 direct lights
0...1...2...3...4...5...6...7...8...9...100...1...2...3...4...5...6...7...8...9...10transfers 46310, max 135
transfer lists:   0.4 megs
0...1...2...3...4...5...6...7...8...9...10	Bounce #1 added RGB(2329, 2575, 2435)
0...1...2...3...4...5...6...7...8...9...10	Bounce #2 added RGB(339, 372, 353)
0...1...2...3...4...5...6...7...8...9...10	Bounce #3 added RGB(78, 83, 76)
0...1...2...3...4...5...6...7...8...9...10	Bounce #4 added RGB(17, 17, 15)
0...1...2...3...4...5...6...7...8...9...10	Bounce #5 added RGB(4, 4, 3)
0...1...2...3...4...5...6...7...8...9...10	Bounce #6 added RGB(1, 1, 1)
Build Patch/Sample Hash Table(s).....Done<0.0024 sec>
0...1...2...3...4...5...6...7...8...9...10FinalLightFace Done
0 of 0 (0% of) surface lights went in leaf ambient cubes.
0...1...2...3...4...5...6...7...8...9...10Writing leaf ambient...done
Ready to Finish

Object names       Objects/Maxobjs  Memory / Maxmem  Fullness 
------------       ---------------  ---------------  -------- 
models                  12/1024          576/49152    ( 1.2%) 
brushes                204/8192         2448/98304    ( 2.5%) 
brushsides            1269/65536       10152/524288   ( 1.9%) 
planes                 440/65536        8800/1310720  ( 0.7%) 
vertexes              1220/65536       14640/786432   ( 1.9%) 
nodes                  336/65536       10752/2097152  ( 0.5%) 
texinfos               168/12288       12096/884736   ( 1.4%) 
texdata                 51/2048         1632/65536    ( 2.5%) 
dispinfos                0/0               0/0        ( 0.0%) 
disp_verts               0/0               0/0        ( 0.0%) 
disp_tris                0/0               0/0        ( 0.0%) 
disp_lmsamples           0/0               0/0        ( 0.0%) 
faces                  745/65536       41720/3670016  ( 1.1%) 
hdr faces                0/65536           0/3670016  ( 0.0%) 
origfaces              465/65536       26040/3670016  ( 0.7%) 
leaves                 349/65536       11168/2097152  ( 0.5%) 
leaffaces              891/65536        1782/131072   ( 1.4%) 
leafbrushes            389/65536         778/131072   ( 0.6%) 
areas                    3/256            24/2048     ( 1.2%) 
surfedges             5566/512000      22264/2048000  ( 1.1%) 
edges                 3429/256000      13716/1024000  ( 1.3%) 
LDR worldlights         38/8192         3344/720896   ( 0.5%) 
HDR worldlights          0/8192            0/720896   ( 0.0%) 
leafwaterdata            0/32768           0/393216   ( 0.0%) 
waterstrips             94/32768         940/327680   ( 0.3%) 
waterverts               0/65536           0/786432   ( 0.0%) 
waterindices          1788/65536        3576/131072   ( 2.7%) 
cubemapsamples          10/1024          160/16384    ( 1.0%) 
overlays                19/512          6688/180224   ( 3.7%) 
LDR lightdata         [variable]      631116/0        ( 0.0%) 
HDR lightdata         [variable]           0/0        ( 0.0%) 
visdata               [variable]        3102/16777216 ( 0.0%) 
entdata               [variable]       43715/393216   (11.1%) 
LDR ambient table      349/65536        1396/262144   ( 0.5%) 
HDR ambient table      349/65536        1396/262144   ( 0.5%) 
LDR leaf ambient      1874/65536       52472/1835008  ( 2.9%) 
HDR leaf ambient       349/65536        9772/1835008  ( 0.5%) 
occluders                0/0               0/0        ( 0.0%) 
occluder polygons        0/0               0/0        ( 0.0%) 
occluder vert ind        0/0               0/0        ( 0.0%) 
detail props          [variable]           1/12       ( 8.3%) 
static props          [variable]           1/12650    ( 0.0%) 
pakfile               [variable]        4389/0        ( 0.0%) 
physics               [variable]       69155/4194304  ( 1.6%) 
physics terrain       [variable]           2/1048576  ( 0.0%) 

Level flags = 0

Total triangle count: 2200
Writing e:\mod\teamfortress2\mapsrc\_contests\april_fools\2022\af_hells_kitchen_a4.bsp
0 seconds elapsed



[Reading texlights from 'lights.rad']
[56 texlights parsed from 'lights.rad']

Loading e:\mod\teamfortress2\mapsrc\_contests\april_fools\2022\af_hells_kitchen_a4.bsp
745 faces
147827 square feet [21287092.00 square inches]
0 Displacements
0 Square Feet [0.00 Square Inches]
745 patches before subdivision
745 patches after subdivision
38 direct lights
0...1...2...3...4...5...6...7...8...9...100...1...2...3...4...5...6...7...8...9...10transfers 46310, max 135
transfer lists:   0.4 megs
0...1...2...3...4...5...6...7...8...9...10	Bounce #1 added RGB(2329, 2575, 2435)
0...1...2...3...4...5...6...7...8...9...10	Bounce #2 added RGB(339, 372, 353)
0...1...2...3...4...5...6...7...8...9...10	Bounce #3 added RGB(78, 83, 76)
0...1...2...3...4...5...6...7...8...9...10	Bounce #4 added RGB(17, 17, 15)
0...1...2...3...4...5...6...7...8...9...10	Bounce #5 added RGB(4, 4, 3)
0...1...2...3...4...5...6...7...8...9...10	Bounce #6 added RGB(1, 1, 1)
Build Patch/Sample Hash Table(s).....Done<0.0026 sec>
0...1...2...3...4...5...6...7...8...9...10FinalLightFace Done
0 of 0 (0% of) surface lights went in leaf ambient cubes.
0...1...2...3...4...5...6...7...8...9...10Writing leaf ambient...done
Ready to Finish

Object names       Objects/Maxobjs  Memory / Maxmem  Fullness 
------------       ---------------  ---------------  -------- 
models                  12/1024          576/49152    ( 1.2%) 
brushes                204/8192         2448/98304    ( 2.5%) 
brushsides            1269/65536       10152/524288   ( 1.9%) 
planes                 440/65536        8800/1310720  ( 0.7%) 
vertexes              1220/65536       14640/786432   ( 1.9%) 
nodes                  336/65536       10752/2097152  ( 0.5%) 
texinfos               168/12288       12096/884736   ( 1.4%) 
texdata                 51/2048         1632/65536    ( 2.5%) 
dispinfos                0/0               0/0        ( 0.0%) 
disp_verts               0/0               0/0        ( 0.0%) 
disp_tris                0/0               0/0        ( 0.0%) 
disp_lmsamples           0/0               0/0        ( 0.0%) 
faces                  745/65536       41720/3670016  ( 1.1%) 
hdr faces              745/65536       41720/3670016  ( 1.1%) 
origfaces              465/65536       26040/3670016  ( 0.7%) 
leaves                 349/65536       11168/2097152  ( 0.5%) 
leaffaces              891/65536        1782/131072   ( 1.4%) 
leafbrushes            389/65536         778/131072   ( 0.6%) 
areas                    3/256            24/2048     ( 1.2%) 
surfedges             5566/512000      22264/2048000  ( 1.1%) 
edges                 3429/256000      13716/1024000  ( 1.3%) 
LDR worldlights         38/8192         3344/720896   ( 0.5%) 
HDR worldlights         38/8192         3344/720896   ( 0.5%) 
leafwaterdata            0/32768           0/393216   ( 0.0%) 
waterstrips             94/32768         940/327680   ( 0.3%) 
waterverts               0/65536           0/786432   ( 0.0%) 
waterindices          1788/65536        3576/131072   ( 2.7%) 
cubemapsamples          10/1024          160/16384    ( 1.0%) 
overlays                19/512          6688/180224   ( 3.7%) 
LDR lightdata         [variable]      631116/0        ( 0.0%) 
HDR lightdata         [variable]      631116/0        ( 0.0%) 
visdata               [variable]        3102/16777216 ( 0.0%) 
entdata               [variable]       43715/393216   (11.1%) 
LDR ambient table      349/65536        1396/262144   ( 0.5%) 
HDR ambient table      349/65536        1396/262144   ( 0.5%) 
LDR leaf ambient      1874/65536       52472/1835008  ( 2.9%) 
HDR leaf ambient      1874/65536       52472/1835008  ( 2.9%) 
occluders                0/0               0/0        ( 0.0%) 
occluder polygons        0/0               0/0        ( 0.0%) 
occluder vert ind        0/0               0/0        ( 0.0%) 
detail props          [variable]           1/12       ( 8.3%) 
static props          [variable]           1/12650    ( 0.0%) 
pakfile               [variable]        4389/0        ( 0.0%) 
physics               [variable]       69155/4194304  ( 1.6%) 
physics terrain       [variable]           2/1048576  ( 0.0%) 

Level flags = 0

Total triangle count: 2200
Writing e:\mod\teamfortress2\mapsrc\_contests\april_fools\2022\af_hells_kitchen_a4.bsp
0 seconds elapsed



materialPath: D:\SteamLibrary\steamapps\common\Team Fortress 2\tf\materials
Loading E:\Mod\TeamFortress2\mapsrc\_CONTESTS\april_fools\2022\af_hells_kitchen_a4.vmf
ConVarRef mat_reduceparticles doesn't point to an existing ConVar
fixing up env_cubemap materials on brush sides...
0...1...2...3...4...5...6...7...8...9...100...1...2...3...4...5...6...7...8...9...10Processing areas...done (0)
Building Faces...done (0)
Chop Details...done (0)
Find Visible Detail Sides...done (0)
Merging details...done (0)
FixTjuncs...
PruneNodes...
WriteBSP...
done (0)
writing E:\Mod\TeamFortress2\mapsrc\_CONTESTS\april_fools\2022\af_hells_kitchen_a4.prt...Building visibility clusters...
done (0)
*** Error: Skybox vtf files for skybox/sky_tf2_04 weren't compiled with the same size texture and/or same flags!
Can't load skybox file skybox/sky_tf2_04 to build the default cubemap!
*** Error: Skybox vtf files for skybox/sky_tf2_04 weren't compiled with the same size texture and/or same flags!
Can't load skybox file skybox/sky_tf2_04 to build the default cubemap!
Finding displacement neighbors...
Finding lightmap sample positions...
Displacement Alpha : 0...1...2...3...4...5...6...7...8...9...10
Building Physics collision data...
done (0) (69155 bytes)
Placing detail props : 0...1...2...3...4...5...6...7...8...9...10
Compacting texture/material tables...
Reduced 276 texinfos to 168
Reduced 58 texdatas to 51 (1701 bytes to 1530)
Writing E:\Mod\TeamFortress2\mapsrc\_CONTESTS\april_fools\2022\af_hells_kitchen_a4.bsp
MSG_FILEWRITE - Filesystem was asked to write to 'E:\Mod\TeamFortress2\mapsrc\_CONTESTS\april_fools\2022\af_hells_kitchen_a4.bsp', but we don't own that location. Allowing.
Wrote ZIP buffer, estimated size 5943, actual size 4389
0 seconds elapsed



8 threads
reading e:\mod\teamfortress2\mapsrc\_contests\april_fools\2022\af_hells_kitchen_a4.bsp
reading e:\mod\teamfortress2\mapsrc\_contests\april_fools\2022\af_hells_kitchen_a4.prt
 100 portalclusters
 213 numportals
0...1...2...3...4...5...6...7...8...9...10Optimized: 4 visible clusters (0.08%)
Total clusters visible: 4754
Average clusters visible: 47
Building PAS...
Average clusters audible: 50
visdatasize:3102  compressed from 3200
writing e:\mod\teamfortress2\mapsrc\_contests\april_fools\2022\af_hells_kitchen_a4.bsp
MSG_FILEWRITE - Filesystem was asked to write to 'e:\mod\teamfortress2\mapsrc\_contests\april_fools\2022\af_hells_kitchen_a4.bsp', but we don't own that location. Allowing.
0 seconds elapsed



[Reading texlights from 'lights.rad']
[56 texlights parsed from 'lights.rad']

Loading e:\mod\teamfortress2\mapsrc\_contests\april_fools\2022\af_hells_kitchen_a4.bsp
745 faces
147827 square feet [21287092.00 square inches]
0 Displacements
0 Square Feet [0.00 Square Inches]
745 patches before subdivision
745 patches after subdivision
38 direct lights
0...1...2...3...4...5...6...7...8...9...100...1...2...3...4...5...6...7...8...9...10transfers 46310, max 135
transfer lists:   0.4 megs
0...1...2...3...4...5...6...7...8...9...10	Bounce #1 added RGB(2329, 2575, 2435)
0...1...2...3...4...5...6...7...8...9...10	Bounce #2 added RGB(339, 372, 353)
0...1...2...3...4...5...6...7...8...9...10	Bounce #3 added RGB(78, 83, 76)
0...1...2...3...4...5...6...7...8...9...10	Bounce #4 added RGB(17, 17, 15)
0...1...2...3...4...5...6...7...8...9...10	Bounce #5 added RGB(4, 4, 3)
0...1...2...3...4...5...6...7...8...9...10	Bounce #6 added RGB(1, 1, 1)
Build Patch/Sample Hash Table(s).....Done<0.0024 sec>
0...1...2...3...4...5...6...7...8...9...10FinalLightFace Done
0 of 0 (0% of) surface lights went in leaf ambient cubes.
0...1...2...3...4...5...6...7...8...9...10Writing leaf ambient...done
Ready to Finish

Object names       Objects/Maxobjs  Memory / Maxmem  Fullness 
------------       ---------------  ---------------  -------- 
models                  12/1024          576/49152    ( 1.2%) 
brushes                204/8192         2448/98304    ( 2.5%) 
brushsides            1269/65536       10152/524288   ( 1.9%) 
planes                 444/65536        8880/1310720  ( 0.7%) 
vertexes              1220/65536       14640/786432   ( 1.9%) 
nodes                  336/65536       10752/2097152  ( 0.5%) 
texinfos               168/12288       12096/884736   ( 1.4%) 
texdata                 51/2048         1632/65536    ( 2.5%) 
dispinfos                0/0               0/0        ( 0.0%) 
disp_verts               0/0               0/0        ( 0.0%) 
disp_tris                0/0               0/0        ( 0.0%) 
disp_lmsamples           0/0               0/0        ( 0.0%) 
faces                  745/65536       41720/3670016  ( 1.1%) 
hdr faces                0/65536           0/3670016  ( 0.0%) 
origfaces              465/65536       26040/3670016  ( 0.7%) 
leaves                 349/65536       11168/2097152  ( 0.5%) 
leaffaces              891/65536        1782/131072   ( 1.4%) 
leafbrushes            389/65536         778/131072   ( 0.6%) 
areas                    3/256            24/2048     ( 1.2%) 
surfedges             5566/512000      22264/2048000  ( 1.1%) 
edges                 3429/256000      13716/1024000  ( 1.3%) 
LDR worldlights         38/8192         3344/720896   ( 0.5%) 
HDR worldlights          0/8192            0/720896   ( 0.0%) 
leafwaterdata            0/32768           0/393216   ( 0.0%) 
waterstrips             94/32768         940/327680   ( 0.3%) 
waterverts               0/65536           0/786432   ( 0.0%) 
waterindices          1788/65536        3576/131072   ( 2.7%) 
cubemapsamples          10/1024          160/16384    ( 1.0%) 
overlays                19/512          6688/180224   ( 3.7%) 
LDR lightdata         [variable]      631116/0        ( 0.0%) 
HDR lightdata         [variable]           0/0        ( 0.0%) 
visdata               [variable]        3102/16777216 ( 0.0%) 
entdata               [variable]       43715/393216   (11.1%) 
LDR ambient table      349/65536        1396/262144   ( 0.5%) 
HDR ambient table      349/65536        1396/262144   ( 0.5%) 
LDR leaf ambient      1874/65536       52472/1835008  ( 2.9%) 
HDR leaf ambient       349/65536        9772/1835008  ( 0.5%) 
occluders                0/0               0/0        ( 0.0%) 
occluder polygons        0/0               0/0        ( 0.0%) 
occluder vert ind        0/0               0/0        ( 0.0%) 
detail props          [variable]           1/12       ( 8.3%) 
static props          [variable]           1/12650    ( 0.0%) 
pakfile               [variable]        4389/0        ( 0.0%) 
physics               [variable]       69155/4194304  ( 1.6%) 
physics terrain       [variable]           2/1048576  ( 0.0%) 

Level flags = 0

Total triangle count: 2200
Writing e:\mod\teamfortress2\mapsrc\_contests\april_fools\2022\af_hells_kitchen_a4.bsp
0 seconds elapsed



[Reading texlights from 'lights.rad']
[56 texlights parsed from 'lights.rad']

Loading e:\mod\teamfortress2\mapsrc\_contests\april_fools\2022\af_hells_kitchen_a4.bsp
745 faces
147827 square feet [21287092.00 square inches]
0 Displacements
0 Square Feet [0.00 Square Inches]
745 patches before subdivision
745 patches after subdivision
38 direct lights
0...1...2...3...4...5...6...7...8...9...100...1...2...3...4...5...6...7...8...9...10transfers 46310, max 135
transfer lists:   0.4 megs
0...1...2...3...4...5...6...7...8...9...10	Bounce #1 added RGB(2329, 2575, 2435)
0...1...2...3...4...5...6...7...8...9...10	Bounce #2 added RGB(339, 372, 353)
0...1...2...3...4...5...6...7...8...9...10	Bounce #3 added RGB(78, 83, 76)
0...1...2...3...4...5...6...7...8...9...10	Bounce #4 added RGB(17, 17, 15)
0...1...2...3...4...5...6...7...8...9...10	Bounce #5 added RGB(4, 4, 3)
0...1...2...3...4...5...6...7...8...9...10	Bounce #6 added RGB(1, 1, 1)
Build Patch/Sample Hash Table(s).....Done<0.0026 sec>
0...1...2...3...4...5...6...7...8...9...10FinalLightFace Done
0 of 0 (0% of) surface lights went in leaf ambient cubes.
0...1...2...3...4...5...6...7...8...9...10Writing leaf ambient...done
Ready to Finish

Object names       Objects/Maxobjs  Memory / Maxmem  Fullness 
------------       ---------------  ---------------  -------- 
models                  12/1024          576/49152    ( 1.2%) 
brushes                204/8192         2448/98304    ( 2.5%) 
brushsides            1269/65536       10152/524288   ( 1.9%) 
planes                 444/65536        8880/1310720  ( 0.7%) 
vertexes              1220/65536       14640/786432   ( 1.9%) 
nodes                  336/65536       10752/2097152  ( 0.5%) 
texinfos               168/12288       12096/884736   ( 1.4%) 
texdata                 51/2048         1632/65536    ( 2.5%) 
dispinfos                0/0               0/0        ( 0.0%) 
disp_verts               0/0               0/0        ( 0.0%) 
disp_tris                0/0               0/0        ( 0.0%) 
disp_lmsamples           0/0               0/0        ( 0.0%) 
faces                  745/65536       41720/3670016  ( 1.1%) 
hdr faces              745/65536       41720/3670016  ( 1.1%) 
origfaces              465/65536       26040/3670016  ( 0.7%) 
leaves                 349/65536       11168/2097152  ( 0.5%) 
leaffaces              891/65536        1782/131072   ( 1.4%) 
leafbrushes            389/65536         778/131072   ( 0.6%) 
areas                    3/256            24/2048     ( 1.2%) 
surfedges             5566/512000      22264/2048000  ( 1.1%) 
edges                 3429/256000      13716/1024000  ( 1.3%) 
LDR worldlights         38/8192         3344/720896   ( 0.5%) 
HDR worldlights         38/8192         3344/720896   ( 0.5%) 
leafwaterdata            0/32768           0/393216   ( 0.0%) 
waterstrips             94/32768         940/327680   ( 0.3%) 
waterverts               0/65536           0/786432   ( 0.0%) 
waterindices          1788/65536        3576/131072   ( 2.7%) 
cubemapsamples          10/1024          160/16384    ( 1.0%) 
overlays                19/512          6688/180224   ( 3.7%) 
LDR lightdata         [variable]      631116/0        ( 0.0%) 
HDR lightdata         [variable]      631116/0        ( 0.0%) 
visdata               [variable]        3102/16777216 ( 0.0%) 
entdata               [variable]       43715/393216   (11.1%) 
LDR ambient table      349/65536        1396/262144   ( 0.5%) 
HDR ambient table      349/65536        1396/262144   ( 0.5%) 
LDR leaf ambient      1874/65536       52472/1835008  ( 2.9%) 
HDR leaf ambient      1874/65536       52472/1835008  ( 2.9%) 
occluders                0/0               0/0        ( 0.0%) 
occluder polygons        0/0               0/0        ( 0.0%) 
occluder vert ind        0/0               0/0        ( 0.0%) 
detail props          [variable]           1/12       ( 8.3%) 
static props          [variable]           1/12650    ( 0.0%) 
pakfile               [variable]        4389/0        ( 0.0%) 
physics               [variable]       69155/4194304  ( 1.6%) 
physics terrain       [variable]           2/1048576  ( 0.0%) 

Level flags = 0

Total triangle count: 2200
Writing e:\mod\teamfortress2\mapsrc\_contests\april_fools\2022\af_hells_kitchen_a4.bsp
0 seconds elapsed
