PRT1
100
213
4 0 10 (336 1024 768 ) (336 1024 128 ) (704 1024 128 ) (704 1024 768 ) 
4 0 4 (336 1264 128 ) (336 1024 128 ) (336 1024 768 ) (336 1264 768 ) 
4 0 1 (336 1024 128 ) (336 1520 128 ) (688 1520 128 ) (688 1024 128 ) 
4 1 11 (336 1024 128 ) (336 1024 0 ) (688 1024 0 ) (688 1024 128 ) 
4 1 4 (336 1264 0 ) (336 1024 0 ) (336 1024 128 ) (336 1264 128 ) 
4 2 5 (0 1536 352 ) (0 1536 0 ) (0 1328 0 ) (0 1328 352 ) 
4 2 3 (304 1328 32 ) (304 1328 288 ) (0 1328 288 ) (0 1328 32 ) 
4 3 6 (0 1328 288 ) (0 1328 32 ) (0 1264 32 ) (0 1264 288 ) 
4 3 4 (0 1264 288 ) (0 1264 32 ) (304 1264 32 ) (304 1264 288 ) 
4 4 11 (0 1024 128 ) (0 1024 0 ) (336 1024 0 ) (336 1024 128 ) 
4 4 10 (0 1024 768 ) (0 1024 128 ) (336 1024 128 ) (336 1024 768 ) 
4 4 7 (0 1024 0 ) (0 1024 768 ) (0 1264 768 ) (0 1264 0 ) 
4 5 6 (0 1328 32 ) (0 1328 288 ) (-304 1328 288 ) (-304 1328 32 ) 
4 6 7 (-304 1264 32 ) (0 1264 32 ) (0 1264 288 ) (-304 1264 288 ) 
4 7 42 (0 1024 0 ) (0 1024 128 ) (-336 1024 128 ) (-336 1024 0 ) 
4 7 41 (0 1024 128 ) (0 1024 768 ) (-336 1024 768 ) (-336 1024 128 ) 
4 7 9 (-336 1264 0 ) (-336 1024 0 ) (-336 1024 128 ) (-336 1264 128 ) 
4 7 8 (-336 1024 128 ) (-336 1024 768 ) (-336 1264 768 ) (-336 1264 128 ) 
4 8 41 (-704 1024 768 ) (-704 1024 128 ) (-336 1024 128 ) (-336 1024 768 ) 
4 8 9 (-688 1520 128 ) (-336 1520 128 ) (-336 1024 128 ) (-688 1024 128 ) 
4 9 42 (-688 1024 0 ) (-336 1024 0 ) (-336 1024 128 ) (-688 1024 128 ) 
4 10 41 (0 1024 768 ) (0 1024 128 ) (0 512 128 ) (0 512 768 ) 
4 10 20 (64 512 128 ) (288 512 128 ) (288 512 144 ) (64 512 144 ) 
4 10 15 (352 512 128 ) (672 512 128 ) (672 512 176 ) (352 512 176 ) 
4 10 11 (688 512 128 ) (0 512 128 ) (0 1024 128 ) (688 1024 128 ) 
4 11 42 (0 1024 128 ) (0 1024 0 ) (0 512 0 ) (0 512 128 ) 
4 11 20 (64 512 48 ) (288 512 48 ) (288 512 128 ) (64 512 128 ) 
4 11 15 (352 512 0 ) (672 512 0 ) (672 512 128 ) (352 512 128 ) 
4 12 17 (672 320 192 ) (672 224 192 ) (608 224 192 ) (608 320 192 ) 
4 12 16 (608 480 192 ) (672 480 192 ) (672 320 192 ) (608 320 192 ) 
4 12 18 (672 224 192 ) (672 32 192 ) (608 32 192 ) (608 224 192 ) 
4 12 19 (320 480 192 ) (608 480 192 ) (608 32 192 ) (320 32 192 ) 
4 12 13 (320 480 320 ) (320 480 192 ) (320 64 192 ) (320 64 320 ) 
4 13 43 (0 64 320 ) (0 480 320 ) (0 480 192 ) (0 64 192 ) 
4 13 22 (0 64 192 ) (0 480 192 ) (288 480 192 ) (288 64 192 ) 
4 13 21 (288 480 192 ) (320 480 192 ) (320 64 192 ) (288 64 192 ) 
4 13 14 (0 64 192 ) (288 64 192 ) (288 64 320 ) (0 64 320 ) 
4 14 44 (0 32 320 ) (0 64 320 ) (0 64 192 ) (0 32 192 ) 
4 14 23 (0 32 192 ) (0 48 192 ) (288 48 192 ) (288 32 192 ) 
4 14 22 (0 48 192 ) (0 64 192 ) (288 64 192 ) (288 48 192 ) 
4 15 16 (608 480 0 ) (672 480 0 ) (672 480 176 ) (608 480 176 ) 
4 15 19 (352 480 0 ) (608 480 0 ) (608 480 176 ) (352 480 176 ) 
4 16 17 (608 320 192 ) (608 320 32 ) (688 320 32 ) (688 320 192 ) 
4 16 19 (608 480 192 ) (608 480 0 ) (608 320 0 ) (608 320 192 ) 
4 17 19 (608 224 32 ) (608 224 192 ) (608 320 192 ) (608 320 32 ) 
4 17 18 (608 224 192 ) (608 224 32 ) (688 224 32 ) (688 224 192 ) 
4 18 19 (608 224 0 ) (608 32 0 ) (608 32 192 ) (608 224 192 ) 
4 19 21 (320 64 192 ) (320 480 192 ) (320 480 0 ) (320 64 0 ) 
4 20 22 (64 496 144 ) (64 496 48 ) (288 496 48 ) (288 496 144 ) 
4 21 25 (288 496 32 ) (288 496 0 ) (288 64 0 ) (288 64 32 ) 
4 21 22 (288 496 192 ) (288 496 32 ) (288 64 32 ) (288 64 192 ) 
4 22 47 (0 48 192 ) (0 496 192 ) (0 496 32 ) (0 48 32 ) 
4 22 28 (0 496 32 ) (48 496 32 ) (48 112 32 ) (0 112 32 ) 
4 22 27 (48 496 32 ) (128 496 32 ) (128 48 32 ) (48 48 32 ) 
4 22 26 (224 416 32 ) (224 48 32 ) (128 48 32 ) (128 416 32 ) 
4 22 25 (224 496 32 ) (288 496 32 ) (288 48 32 ) (224 48 32 ) 
4 22 23 (288 48 176 ) (288 48 192 ) (0 48 192 ) (0 48 176 ) 
4 22 24 (0 48 32 ) (288 48 32 ) (288 48 144 ) (0 48 144 ) 
4 23 48 (0 32 192 ) (0 48 192 ) (0 48 176 ) (0 32 176 ) 
4 24 49 (0 48 144 ) (0 48 32 ) (0 32 32 ) (0 32 144 ) 
4 24 27 (128 32 32 ) (48 32 32 ) (48 48 32 ) (128 48 32 ) 
4 24 26 (224 32 32 ) (128 32 32 ) (128 48 32 ) (224 48 32 ) 
4 24 25 (288 48 32 ) (288 32 32 ) (224 32 32 ) (224 48 32 ) 
4 25 26 (224 32 0 ) (224 32 32 ) (224 416 32 ) (224 416 0 ) 
4 26 27 (128 32 0 ) (128 32 32 ) (128 416 32 ) (128 416 0 ) 
4 27 28 (48 112 32 ) (48 496 32 ) (48 496 0 ) (48 112 0 ) 
4 28 50 (0 496 32 ) (0 496 0 ) (0 112 0 ) (0 112 32 ) 
4 29 30 (672 -32 192 ) (672 -32 0 ) (672 -480 0 ) (672 -480 192 ) 
4 30 35 (352 -480 0 ) (672 -480 0 ) (672 -480 176 ) (352 -480 176 ) 
4 30 31 (320 -64 0 ) (320 -480 0 ) (320 -480 320 ) (320 -64 320 ) 
4 31 38 (288 -480 0 ) (320 -480 0 ) (320 -480 48 ) (288 -480 48 ) 
4 31 36 (320 -480 48 ) (320 -480 192 ) (288 -480 192 ) (288 -480 48 ) 
4 31 34 (288 -64 0 ) (288 -480 0 ) (288 -480 320 ) (288 -64 320 ) 
4 32 64 (0 -48 176 ) (0 -48 320 ) (0 -32 320 ) (0 -32 176 ) 
4 32 34 (288 -48 176 ) (288 -48 320 ) (0 -48 320 ) (0 -48 176 ) 
4 33 65 (0 -32 0 ) (0 -48 0 ) (0 -48 144 ) (0 -32 144 ) 
4 33 34 (0 -48 0 ) (288 -48 0 ) (288 -48 144 ) (0 -48 144 ) 
4 34 66 (0 -48 0 ) (0 -480 0 ) (0 -480 320 ) (0 -48 320 ) 
4 34 38 (0 -480 48 ) (0 -480 0 ) (288 -480 0 ) (288 -480 48 ) 
4 34 36 (0 -480 192 ) (0 -480 48 ) (288 -480 48 ) (288 -480 192 ) 
4 35 40 (352 -512 0 ) (672 -512 0 ) (672 -512 176 ) (352 -512 176 ) 
4 36 70 (0 -480 192 ) (0 -480 48 ) (0 -496 48 ) (0 -496 192 ) 
4 36 38 (0 -480 48 ) (320 -480 48 ) (320 -496 48 ) (0 -496 48 ) 
4 36 37 (64 -496 48 ) (288 -496 48 ) (288 -496 144 ) (64 -496 144 ) 
4 37 40 (64 -512 48 ) (288 -512 48 ) (288 -512 144 ) (64 -512 144 ) 
4 38 72 (0 -480 48 ) (0 -480 0 ) (0 -496 0 ) (0 -496 48 ) 
4 39 76 (704 -1024 128 ) (704 -1024 768 ) (688 -1024 768 ) (688 -1024 128 ) 
4 39 40 (688 -1024 768 ) (688 -512 768 ) (688 -512 128 ) (688 -1024 128 ) 
4 40 77 (0 -1024 128 ) (0 -1024 0 ) (688 -1024 0 ) (688 -1024 128 ) 
4 40 76 (0 -1024 768 ) (0 -1024 128 ) (688 -1024 128 ) (688 -1024 768 ) 
4 40 75 (0 -1024 0 ) (0 -1024 128 ) (0 -512 128 ) (0 -512 0 ) 
4 40 74 (0 -1024 128 ) (0 -1024 768 ) (0 -512 768 ) (0 -512 128 ) 
4 41 55 (-672 512 176 ) (-672 512 128 ) (-352 512 128 ) (-352 512 176 ) 
4 41 46 (-288 512 144 ) (-288 512 128 ) (-64 512 128 ) (-64 512 144 ) 
4 41 42 (0 512 128 ) (-688 512 128 ) (-688 1024 128 ) (0 1024 128 ) 
4 42 55 (-672 512 0 ) (-352 512 0 ) (-352 512 128 ) (-672 512 128 ) 
4 42 46 (-64 512 128 ) (-288 512 128 ) (-288 512 48 ) (-64 512 48 ) 
4 43 54 (-320 480 192 ) (-288 480 192 ) (-288 64 192 ) (-320 64 192 ) 
4 43 47 (-288 480 192 ) (0 480 192 ) (0 64 192 ) (-288 64 192 ) 
4 43 45 (-320 480 320 ) (-320 480 192 ) (-320 64 192 ) (-320 64 320 ) 
4 43 44 (-288 64 192 ) (0 64 192 ) (0 64 320 ) (-288 64 320 ) 
4 44 48 (0 48 192 ) (0 32 192 ) (-288 32 192 ) (-288 48 192 ) 
4 44 47 (0 64 192 ) (0 48 192 ) (-288 48 192 ) (-288 64 192 ) 
4 45 58 (-632 296 192 ) (-632 248 192 ) (-664 248 192 ) (-664 296 192 ) 
4 45 57 (-664 480 192 ) (-632 480 192 ) (-632 296 192 ) (-664 296 192 ) 
4 45 59 (-632 248 192 ) (-632 32 192 ) (-664 32 192 ) (-664 248 192 ) 
4 45 56 (-632 480 192 ) (-320 480 192 ) (-320 32 192 ) (-632 32 192 ) 
4 45 60 (-672 480 192 ) (-664 480 192 ) (-664 32 192 ) (-672 32 192 ) 
4 46 47 (-288 496 48 ) (-64 496 48 ) (-64 496 144 ) (-288 496 144 ) 
4 47 54 (-288 496 192 ) (-288 496 32 ) (-288 64 32 ) (-288 64 192 ) 
4 47 52 (-128 416 32 ) (-128 48 32 ) (-224 48 32 ) (-224 416 32 ) 
4 47 53 (-288 48 32 ) (-288 496 32 ) (-224 496 32 ) (-224 48 32 ) 
4 47 50 (-48 496 32 ) (0 496 32 ) (0 112 32 ) (-48 112 32 ) 
4 47 51 (-128 496 32 ) (-48 496 32 ) (-48 48 32 ) (-128 48 32 ) 
4 47 48 (-288 48 192 ) (-288 48 176 ) (0 48 176 ) (0 48 192 ) 
4 47 49 (-288 48 144 ) (-288 48 32 ) (0 48 32 ) (0 48 144 ) 
4 49 52 (-128 32 32 ) (-224 32 32 ) (-224 48 32 ) (-128 48 32 ) 
4 49 53 (-224 32 32 ) (-288 32 32 ) (-288 48 32 ) (-224 48 32 ) 
4 49 51 (-48 32 32 ) (-128 32 32 ) (-128 48 32 ) (-48 48 32 ) 
4 50 51 (-48 112 32 ) (-48 496 32 ) (-48 496 0 ) (-48 112 0 ) 
4 51 52 (-128 32 0 ) (-128 32 32 ) (-128 416 32 ) (-128 416 0 ) 
4 52 53 (-224 32 0 ) (-224 32 32 ) (-224 416 32 ) (-224 416 0 ) 
4 53 54 (-288 496 32 ) (-288 496 0 ) (-288 64 0 ) (-288 64 32 ) 
4 54 61 (-320 480 32 ) (-320 480 0 ) (-320 64 0 ) (-320 64 32 ) 
4 54 56 (-320 64 192 ) (-320 480 192 ) (-320 480 32 ) (-320 64 32 ) 
4 55 62 (-672 480 32 ) (-672 480 0 ) (-608 480 0 ) (-608 480 32 ) 
4 55 61 (-608 480 0 ) (-352 480 0 ) (-352 480 32 ) (-608 480 32 ) 
4 55 57 (-664 480 32 ) (-632 480 32 ) (-632 480 176 ) (-664 480 176 ) 
4 55 56 (-632 480 32 ) (-352 480 32 ) (-352 480 176 ) (-632 480 176 ) 
4 55 60 (-672 480 176 ) (-672 480 32 ) (-664 480 32 ) (-664 480 176 ) 
4 56 62 (-632 480 32 ) (-608 480 32 ) (-608 320 32 ) (-632 320 32 ) 
4 56 63 (-608 224 32 ) (-608 32 32 ) (-632 32 32 ) (-632 224 32 ) 
4 56 61 (-608 480 32 ) (-320 480 32 ) (-320 32 32 ) (-608 32 32 ) 
4 56 58 (-632 248 34 ) (-632 248 192 ) (-632 296 192 ) (-632 296 34 ) 
4 56 57 (-632 480 192 ) (-632 480 32 ) (-632 296 32 ) (-632 296 192 ) 
4 56 59 (-632 248 32 ) (-632 32 32 ) (-632 32 192 ) (-632 248 192 ) 
4 57 62 (-664 480 32 ) (-632 480 32 ) (-632 320 32 ) (-664 320 32 ) 
4 57 58 (-664 296 192 ) (-664 296 34 ) (-632 296 34 ) (-632 296 192 ) 
4 57 60 (-664 480 192 ) (-664 480 32 ) (-664 296 32 ) (-664 296 192 ) 
4 58 60 (-664 248 34 ) (-664 248 192 ) (-664 296 192 ) (-664 296 34 ) 
4 58 59 (-664 248 192 ) (-664 248 34 ) (-632 248 34 ) (-632 248 192 ) 
4 59 63 (-632 224 32 ) (-632 32 32 ) (-664 32 32 ) (-664 224 32 ) 
4 59 60 (-664 248 32 ) (-664 32 32 ) (-664 32 192 ) (-664 248 192 ) 
4 60 62 (-688 320 32 ) (-688 480 32 ) (-664 480 32 ) (-664 320 32 ) 
4 60 63 (-688 32 32 ) (-688 224 32 ) (-664 224 32 ) (-664 32 32 ) 
4 61 62 (-608 320 32 ) (-608 480 32 ) (-608 480 0 ) (-608 320 0 ) 
4 61 63 (-608 32 0 ) (-608 32 32 ) (-608 224 32 ) (-608 224 0 ) 
4 64 66 (-288 -48 320 ) (-288 -48 176 ) (0 -48 176 ) (0 -48 320 ) 
4 65 66 (-288 -48 144 ) (-288 -48 0 ) (0 -48 0 ) (0 -48 144 ) 
4 66 72 (-288 -480 0 ) (0 -480 0 ) (0 -480 48 ) (-288 -480 48 ) 
4 66 70 (0 -480 48 ) (0 -480 192 ) (-288 -480 192 ) (-288 -480 48 ) 
4 66 67 (-288 -64 0 ) (-288 -480 0 ) (-288 -480 320 ) (-288 -64 320 ) 
4 67 72 (-320 -480 0 ) (-288 -480 0 ) (-288 -480 48 ) (-320 -480 48 ) 
4 67 70 (-288 -480 48 ) (-288 -480 192 ) (-320 -480 192 ) (-320 -480 48 ) 
4 67 68 (-320 -64 0 ) (-320 -480 0 ) (-320 -480 320 ) (-320 -64 320 ) 
4 68 73 (-672 -480 0 ) (-352 -480 0 ) (-352 -480 176 ) (-672 -480 176 ) 
4 68 69 (-672 -32 192 ) (-672 -32 0 ) (-672 -480 0 ) (-672 -480 192 ) 
4 70 72 (-320 -496 48 ) (-320 -480 48 ) (0 -480 48 ) (0 -496 48 ) 
4 70 71 (-288 -496 48 ) (-64 -496 48 ) (-64 -496 144 ) (-288 -496 144 ) 
4 71 75 (-288 -512 128 ) (-288 -512 48 ) (-64 -512 48 ) (-64 -512 128 ) 
4 71 74 (-288 -512 144 ) (-288 -512 128 ) (-64 -512 128 ) (-64 -512 144 ) 
4 73 75 (-672 -512 0 ) (-352 -512 0 ) (-352 -512 128 ) (-672 -512 128 ) 
4 73 74 (-352 -512 128 ) (-352 -512 176 ) (-672 -512 176 ) (-672 -512 128 ) 
4 74 89 (-688 -1024 768 ) (-704 -1024 768 ) (-704 -1024 128 ) (-688 -1024 128 ) 
4 74 88 (0 -1024 128 ) (0 -1024 768 ) (-688 -1024 768 ) (-688 -1024 128 ) 
4 74 75 (0 -1024 128 ) (-688 -1024 128 ) (-688 -512 128 ) (0 -512 128 ) 
4 75 88 (0 -1024 0 ) (0 -1024 128 ) (-688 -1024 128 ) (-688 -1024 0 ) 
4 76 88 (0 -1024 768 ) (0 -1024 128 ) (0 -1072 128 ) (0 -1072 768 ) 
4 76 82 (0 -1072 288 ) (0 -1072 128 ) (304 -1072 128 ) (304 -1072 288 ) 
4 76 81 (0 -1072 768 ) (0 -1072 352 ) (320 -1072 352 ) (320 -1072 768 ) 
4 76 80 (320 -1072 352 ) (336 -1072 352 ) (336 -1072 768 ) (320 -1072 768 ) 
4 76 78 (336 -1072 128 ) (704 -1072 128 ) (704 -1072 768 ) (336 -1072 768 ) 
4 76 77 (688 -1072 128 ) (0 -1072 128 ) (0 -1024 128 ) (688 -1024 128 ) 
4 77 88 (0 -1024 128 ) (0 -1024 0 ) (0 -1072 0 ) (0 -1072 128 ) 
4 77 83 (336 -1072 0 ) (688 -1072 0 ) (688 -1072 32 ) (336 -1072 32 ) 
4 77 82 (0 -1072 128 ) (0 -1072 32 ) (304 -1072 32 ) (304 -1072 128 ) 
4 77 79 (336 -1072 32 ) (688 -1072 32 ) (688 -1072 128 ) (336 -1072 128 ) 
4 78 84 (704 -1136 768 ) (336 -1136 768 ) (336 -1136 128 ) (704 -1136 128 ) 
4 78 80 (336 -1136 352 ) (336 -1136 768 ) (336 -1072 768 ) (336 -1072 352 ) 
4 78 79 (688 -1136 128 ) (336 -1136 128 ) (336 -1072 128 ) (688 -1072 128 ) 
4 79 86 (688 -1136 128 ) (336 -1136 128 ) (336 -1136 32 ) (688 -1136 32 ) 
4 79 83 (688 -1136 32 ) (336 -1136 32 ) (336 -1072 32 ) (688 -1072 32 ) 
4 80 84 (336 -1136 768 ) (320 -1136 768 ) (320 -1136 352 ) (336 -1136 352 ) 
4 80 81 (320 -1072 352 ) (320 -1088 352 ) (320 -1088 768 ) (320 -1072 768 ) 
4 81 90 (0 -1088 768 ) (0 -1072 768 ) (0 -1072 352 ) (0 -1088 352 ) 
4 82 92 (0 -1136 32 ) (0 -1136 288 ) (0 -1072 288 ) (0 -1072 32 ) 
4 82 87 (0 -1136 128 ) (0 -1136 32 ) (304 -1136 32 ) (304 -1136 128 ) 
4 82 85 (0 -1136 288 ) (0 -1136 128 ) (304 -1136 128 ) (304 -1136 288 ) 
4 83 86 (336 -1136 0 ) (688 -1136 0 ) (688 -1136 32 ) (336 -1136 32 ) 
4 84 86 (336 -1328 128 ) (336 -1136 128 ) (688 -1136 128 ) (688 -1328 128 ) 
4 85 96 (0 -1344 128 ) (0 -1344 352 ) (0 -1136 352 ) (0 -1136 128 ) 
4 85 87 (304 -1344 128 ) (0 -1344 128 ) (0 -1136 128 ) (304 -1136 128 ) 
4 87 98 (0 -1136 0 ) (0 -1344 0 ) (0 -1344 128 ) (0 -1136 128 ) 
4 88 95 (-688 -1072 0 ) (-336 -1072 0 ) (-336 -1072 32 ) (-688 -1072 32 ) 
4 88 93 (-336 -1072 768 ) (-688 -1072 768 ) (-688 -1072 32 ) (-336 -1072 32 ) 
4 88 92 (0 -1072 32 ) (0 -1072 288 ) (-304 -1072 288 ) (-304 -1072 32 ) 
4 88 90 (0 -1072 352 ) (0 -1072 768 ) (-320 -1072 768 ) (-320 -1072 352 ) 
4 88 91 (-320 -1072 768 ) (-336 -1072 768 ) (-336 -1072 352 ) (-320 -1072 352 ) 
4 88 89 (-688 -1072 128 ) (-688 -1072 768 ) (-688 -1024 768 ) (-688 -1024 128 ) 
4 89 94 (-688 -1072 128 ) (-688 -1072 768 ) (-704 -1072 768 ) (-704 -1072 128 ) 
4 90 91 (-320 -1072 352 ) (-320 -1088 352 ) (-320 -1088 768 ) (-320 -1072 768 ) 
4 91 97 (-320 -1136 768 ) (-336 -1136 768 ) (-336 -1136 352 ) (-320 -1136 352 ) 
4 91 93 (-336 -1136 352 ) (-336 -1136 768 ) (-336 -1072 768 ) (-336 -1072 352 ) 
4 92 98 (0 -1136 32 ) (0 -1136 128 ) (-304 -1136 128 ) (-304 -1136 32 ) 
4 92 96 (0 -1136 128 ) (0 -1136 288 ) (-304 -1136 288 ) (-304 -1136 128 ) 
4 93 99 (-688 -1136 128 ) (-688 -1136 32 ) (-336 -1136 32 ) (-336 -1136 128 ) 
4 93 97 (-336 -1136 768 ) (-688 -1136 768 ) (-688 -1136 128 ) (-336 -1136 128 ) 
4 93 95 (-336 -1136 32 ) (-688 -1136 32 ) (-688 -1072 32 ) (-336 -1072 32 ) 
4 93 94 (-688 -1136 128 ) (-688 -1136 768 ) (-688 -1072 768 ) (-688 -1072 128 ) 
4 94 97 (-688 -1136 768 ) (-704 -1136 768 ) (-704 -1136 128 ) (-688 -1136 128 ) 
4 95 99 (-688 -1136 0 ) (-336 -1136 0 ) (-336 -1136 32 ) (-688 -1136 32 ) 
4 96 98 (0 -1344 128 ) (-304 -1344 128 ) (-304 -1136 128 ) (0 -1136 128 ) 
4 97 99 (-688 -1136 128 ) (-336 -1136 128 ) (-336 -1328 128 ) (-688 -1328 128 ) 
