PRT1
194
524
4 0 28 (1408 1024 128 ) (1456 1024 128 ) (1456 1024 192 ) (1408 1024 192 ) 
4 0 29 (1024 1024 192 ) (1024 1024 128 ) (1408 1024 128 ) (1408 1024 192 ) 
4 0 27 (1456 1024 128 ) (1472 1024 128 ) (1472 1024 192 ) (1456 1024 192 ) 
4 0 26 (1024 1024 768 ) (1024 1024 192 ) (1472 1024 192 ) (1472 1024 768 ) 
4 0 24 (1024 1024 128 ) (1024 1024 768 ) (1024 1168 768 ) (1024 1168 128 ) 
4 0 21 (1024 1232 288 ) (1024 1232 128 ) (1024 1168 128 ) (1024 1168 288 ) 
4 0 20 (1024 1232 352 ) (1024 1232 288 ) (1024 1168 288 ) (1024 1168 352 ) 
4 0 18 (1024 1168 768 ) (1024 1232 768 ) (1024 1232 352 ) (1024 1168 352 ) 
4 0 13 (1024 1440 352 ) (1024 1440 128 ) (1024 1232 128 ) (1024 1232 352 ) 
4 0 12 (1024 1232 768 ) (1024 1440 768 ) (1024 1440 352 ) (1024 1232 352 ) 
4 0 1 (1024 1024 128 ) (1024 1424 128 ) (1456 1424 128 ) (1456 1024 128 ) 
4 1 28 (1408 1024 32 ) (1456 1024 32 ) (1456 1024 128 ) (1408 1024 128 ) 
4 1 29 (1024 1024 128 ) (1024 1024 32 ) (1408 1024 32 ) (1408 1024 128 ) 
4 1 24 (1024 1024 32 ) (1024 1024 128 ) (1024 1168 128 ) (1024 1168 32 ) 
4 1 21 (1024 1168 128 ) (1024 1232 128 ) (1024 1232 32 ) (1024 1168 32 ) 
4 1 15 (1024 1376 128 ) (1024 1424 128 ) (1024 1424 32 ) (1024 1376 32 ) 
4 1 16 (1024 1232 128 ) (1024 1376 128 ) (1024 1376 32 ) (1024 1232 32 ) 
4 1 6 (1024 1024 32 ) (1024 1184 32 ) (1408 1184 32 ) (1408 1024 32 ) 
4 1 5 (1024 1184 32 ) (1024 1192 32 ) (1360 1192 32 ) (1360 1184 32 ) 
4 1 4 (1024 1192 32 ) (1024 1272 32 ) (1360 1272 32 ) (1360 1192 32 ) 
4 1 3 (1368 1272 32 ) (1432 1272 32 ) (1432 1192 32 ) (1368 1192 32 ) 
4 1 2 (1024 1272 32 ) (1024 1376 32 ) (1360 1376 32 ) (1360 1272 32 ) 
4 2 16 (1024 1272 32 ) (1024 1376 32 ) (1024 1376 24 ) (1024 1272 24 ) 
4 2 7 (1024 1272 24 ) (1024 1376 24 ) (1360 1376 24 ) (1360 1272 24 ) 
4 2 4 (1024 1272 24 ) (1360 1272 24 ) (1360 1272 32 ) (1024 1272 32 ) 
4 3 8 (1368 1272 24 ) (1432 1272 24 ) (1432 1192 24 ) (1368 1192 24 ) 
4 4 23 (1024 1192 32 ) (1024 1232 32 ) (1024 1232 24 ) (1024 1192 24 ) 
4 4 16 (1024 1232 32 ) (1024 1272 32 ) (1024 1272 24 ) (1024 1232 24 ) 
4 4 9 (1024 1192 24 ) (1024 1272 24 ) (1360 1272 24 ) (1360 1192 24 ) 
4 4 5 (1024 1192 24 ) (1360 1192 24 ) (1360 1192 32 ) (1024 1192 32 ) 
4 5 23 (1024 1184 32 ) (1024 1192 32 ) (1024 1192 24 ) (1024 1184 24 ) 
4 5 10 (1024 1184 24 ) (1024 1192 24 ) (1360 1192 24 ) (1360 1184 24 ) 
4 5 6 (1024 1184 24 ) (1360 1184 24 ) (1360 1184 32 ) (1024 1184 32 ) 
4 6 29 (1408 1024 32 ) (1024 1024 32 ) (1024 1024 24 ) (1408 1024 24 ) 
4 6 24 (1024 1024 24 ) (1024 1024 32 ) (1024 1168 32 ) (1024 1168 24 ) 
4 6 23 (1024 1168 32 ) (1024 1184 32 ) (1024 1184 24 ) (1024 1168 24 ) 
4 6 11 (1408 1024 24 ) (1024 1024 24 ) (1024 1184 24 ) (1408 1184 24 ) 
4 7 16 (1024 1272 24 ) (1024 1376 24 ) (1024 1376 0 ) (1024 1272 0 ) 
4 7 9 (1024 1272 0 ) (1360 1272 0 ) (1360 1272 24 ) (1024 1272 24 ) 
4 9 23 (1024 1192 24 ) (1024 1232 24 ) (1024 1232 0 ) (1024 1192 0 ) 
4 9 16 (1024 1232 24 ) (1024 1272 24 ) (1024 1272 0 ) (1024 1232 0 ) 
4 9 10 (1024 1192 0 ) (1360 1192 0 ) (1360 1192 24 ) (1024 1192 24 ) 
4 10 23 (1024 1184 24 ) (1024 1192 24 ) (1024 1192 0 ) (1024 1184 0 ) 
4 10 11 (1024 1184 0 ) (1360 1184 0 ) (1360 1184 24 ) (1024 1184 24 ) 
4 11 29 (1408 1024 24 ) (1024 1024 24 ) (1024 1024 0 ) (1408 1024 0 ) 
4 11 24 (1024 1024 0 ) (1024 1024 24 ) (1024 1168 24 ) (1024 1168 0 ) 
4 11 23 (1024 1168 24 ) (1024 1184 24 ) (1024 1184 0 ) (1024 1168 0 ) 
4 12 18 (320 1232 352 ) (1024 1232 352 ) (1024 1232 768 ) (320 1232 768 ) 
4 12 13 (1024 1232 352 ) (320 1232 352 ) (320 1440 352 ) (1024 1440 352 ) 
4 13 21 (336 1232 128 ) (1024 1232 128 ) (1024 1232 288 ) (336 1232 288 ) 
4 13 20 (1024 1232 288 ) (1024 1232 352 ) (336 1232 352 ) (336 1232 288 ) 
4 13 15 (336 1376 128 ) (336 1424 128 ) (1024 1424 128 ) (1024 1376 128 ) 
4 13 16 (1024 1232 128 ) (336 1232 128 ) (336 1376 128 ) (1024 1376 128 ) 
4 14 66 (0 1440 352 ) (0 1440 128 ) (0 1232 128 ) (0 1232 352 ) 
4 14 22 (0 1232 288 ) (0 1232 128 ) (304 1232 128 ) (304 1232 288 ) 
4 14 17 (304 1232 128 ) (0 1232 128 ) (0 1440 128 ) (304 1440 128 ) 
4 15 16 (336 1376 128 ) (336 1376 32 ) (1024 1376 32 ) (1024 1376 128 ) 
4 16 23 (336 1232 0 ) (1024 1232 0 ) (1024 1232 32 ) (336 1232 32 ) 
4 16 21 (1024 1232 32 ) (1024 1232 128 ) (336 1232 128 ) (336 1232 32 ) 
4 17 70 (0 1440 32 ) (0 1440 0 ) (0 1232 0 ) (0 1232 32 ) 
4 17 68 (0 1440 128 ) (0 1440 32 ) (0 1232 32 ) (0 1232 128 ) 
4 17 22 (0 1232 128 ) (0 1232 32 ) (304 1232 32 ) (304 1232 128 ) 
4 18 24 (1024 1168 352 ) (1024 1168 768 ) (320 1168 768 ) (320 1168 352 ) 
4 18 20 (1024 1168 352 ) (336 1168 352 ) (336 1232 352 ) (1024 1232 352 ) 
4 18 19 (320 1184 352 ) (320 1168 352 ) (320 1168 768 ) (320 1184 768 ) 
4 19 76 (0 1184 352 ) (0 1168 352 ) (0 1168 768 ) (0 1184 768 ) 
4 19 24 (320 1168 768 ) (0 1168 768 ) (0 1168 352 ) (320 1168 352 ) 
4 20 24 (1024 1168 288 ) (1024 1168 352 ) (336 1168 352 ) (336 1168 288 ) 
4 20 21 (1024 1168 288 ) (336 1168 288 ) (336 1232 288 ) (1024 1232 288 ) 
4 21 24 (1024 1168 32 ) (1024 1168 288 ) (336 1168 288 ) (336 1168 32 ) 
4 21 23 (1024 1168 32 ) (336 1168 32 ) (336 1232 32 ) (1024 1232 32 ) 
4 22 79 (0 1232 288 ) (0 1232 32 ) (0 1168 32 ) (0 1168 288 ) 
4 22 24 (304 1168 288 ) (0 1168 288 ) (0 1168 32 ) (304 1168 32 ) 
4 23 24 (336 1168 0 ) (1024 1168 0 ) (1024 1168 32 ) (336 1168 32 ) 
4 24 82 (0 1024 0 ) (0 1024 768 ) (0 1168 768 ) (0 1168 0 ) 
4 24 49 (704 1024 768 ) (0 1024 768 ) (0 1024 0 ) (704 1024 0 ) 
4 24 48 (1024 1024 0 ) (1024 1024 48 ) (704 1024 48 ) (704 1024 0 ) 
4 24 46 (768 1024 768 ) (704 1024 768 ) (704 1024 48 ) (768 1024 48 ) 
4 24 44 (1024 1024 48 ) (1024 1024 184 ) (768 1024 184 ) (768 1024 48 ) 
4 24 43 (1024 1024 184 ) (1024 1024 768 ) (768 1024 768 ) (768 1024 184 ) 
4 25 33 (1472 304 0 ) (1472 144 0 ) (1472 144 128 ) (1472 304 128 ) 
4 26 138 (1024 0 768 ) (1024 0 192 ) (1344 0 192 ) (1344 0 768 ) 
4 26 135 (1344 0 192 ) (1472 0 192 ) (1472 0 768 ) (1344 0 768 ) 
4 26 43 (1024 1024 768 ) (1024 1024 192 ) (1024 0 192 ) (1024 0 768 ) 
4 26 38 (1344 0 192 ) (1024 0 192 ) (1024 144 192 ) (1344 144 192 ) 
4 26 37 (1408 16 192 ) (1344 16 192 ) (1344 96 192 ) (1408 96 192 ) 
4 26 36 (1456 96 192 ) (1344 96 192 ) (1344 144 192 ) (1456 144 192 ) 
4 26 32 (1456 144 192 ) (1024 144 192 ) (1024 304 192 ) (1456 304 192 ) 
4 26 31 (1456 304 192 ) (1024 304 192 ) (1024 352 192 ) (1456 352 192 ) 
4 26 30 (1408 352 192 ) (1024 352 192 ) (1024 416 192 ) (1408 416 192 ) 
4 26 28 (1408 1024 192 ) (1456 1024 192 ) (1456 416 192 ) (1408 416 192 ) 
4 26 29 (1024 1024 192 ) (1408 1024 192 ) (1408 416 192 ) (1024 416 192 ) 
4 26 27 (1456 1024 192 ) (1472 1024 192 ) (1472 416 192 ) (1456 416 192 ) 
4 27 28 (1456 416 128 ) (1456 416 192 ) (1456 1024 192 ) (1456 1024 128 ) 
4 28 29 (1408 416 32 ) (1408 416 192 ) (1408 1024 192 ) (1408 1024 32 ) 
4 29 48 (1024 1024 48 ) (1024 1024 0 ) (1024 416 0 ) (1024 416 48 ) 
4 29 44 (1024 1024 184 ) (1024 1024 48 ) (1024 416 48 ) (1024 416 184 ) 
4 29 43 (1024 1024 192 ) (1024 1024 184 ) (1024 416 184 ) (1024 416 192 ) 
4 29 30 (1024 416 0 ) (1408 416 0 ) (1408 416 192 ) (1024 416 192 ) 
4 30 48 (1024 416 0 ) (1024 352 0 ) (1024 352 48 ) (1024 416 48 ) 
4 30 44 (1024 352 48 ) (1024 352 184 ) (1024 416 184 ) (1024 416 48 ) 
4 30 43 (1024 352 184 ) (1024 352 192 ) (1024 416 192 ) (1024 416 184 ) 
4 30 31 (1024 352 0 ) (1408 352 0 ) (1408 352 192 ) (1024 352 192 ) 
4 31 48 (1024 352 0 ) (1024 304 0 ) (1024 304 48 ) (1024 352 48 ) 
4 31 44 (1024 304 48 ) (1024 304 184 ) (1024 352 184 ) (1024 352 48 ) 
4 31 43 (1024 304 184 ) (1024 304 192 ) (1024 352 192 ) (1024 352 184 ) 
4 31 35 (1024 304 0 ) (1456 304 0 ) (1456 304 168 ) (1024 304 168 ) 
4 31 32 (1456 304 168 ) (1456 304 192 ) (1024 304 192 ) (1024 304 168 ) 
4 32 44 (1024 144 168 ) (1024 144 184 ) (1024 304 184 ) (1024 304 168 ) 
4 32 43 (1024 144 184 ) (1024 144 192 ) (1024 304 192 ) (1024 304 184 ) 
4 32 39 (1024 144 184 ) (1024 144 168 ) (1344 144 168 ) (1344 144 184 ) 
4 32 38 (1344 144 192 ) (1024 144 192 ) (1024 144 184 ) (1344 144 184 ) 
4 32 36 (1456 144 192 ) (1344 144 192 ) (1344 144 168 ) (1456 144 168 ) 
4 32 35 (1456 144 168 ) (1024 144 168 ) (1024 304 168 ) (1456 304 168 ) 
4 33 34 (1466 144 0 ) (1466 144 116 ) (1466 304 116 ) (1466 304 0 ) 
4 34 35 (1462 144 0 ) (1462 144 116 ) (1462 304 116 ) (1462 304 0 ) 
4 35 48 (1024 304 0 ) (1024 144 0 ) (1024 144 48 ) (1024 304 48 ) 
4 35 44 (1024 144 48 ) (1024 144 168 ) (1024 304 168 ) (1024 304 48 ) 
4 35 42 (1024 160 0 ) (1024 288 0 ) (1408 288 0 ) (1408 160 0 ) 
4 35 41 (1024 144 0 ) (1344 144 0 ) (1344 144 48 ) (1024 144 48 ) 
4 35 39 (1344 144 48 ) (1344 144 168 ) (1024 144 168 ) (1024 144 48 ) 
4 35 36 (1344 144 0 ) (1456 144 0 ) (1456 144 168 ) (1344 144 168 ) 
4 36 41 (1344 144 48 ) (1344 144 0 ) (1344 96 0 ) (1344 96 48 ) 
4 36 39 (1344 144 184 ) (1344 144 48 ) (1344 96 48 ) (1344 96 184 ) 
4 36 38 (1344 144 192 ) (1344 144 184 ) (1344 96 184 ) (1344 96 192 ) 
4 36 37 (1344 96 192 ) (1344 96 0 ) (1408 96 0 ) (1408 96 192 ) 
4 37 41 (1344 96 0 ) (1344 16 0 ) (1344 16 48 ) (1344 96 48 ) 
4 37 39 (1344 16 48 ) (1344 16 184 ) (1344 96 184 ) (1344 96 48 ) 
4 37 38 (1344 16 184 ) (1344 16 192 ) (1344 96 192 ) (1344 96 184 ) 
4 38 138 (1024 0 192 ) (1024 0 184 ) (1344 0 184 ) (1344 0 192 ) 
4 38 43 (1024 0 184 ) (1024 0 192 ) (1024 144 192 ) (1024 144 184 ) 
4 38 40 (1344 4 184 ) (1344 0 184 ) (1024 0 184 ) (1024 4 184 ) 
4 38 39 (1024 144 184 ) (1344 144 184 ) (1344 4 184 ) (1024 4 184 ) 
4 39 44 (1024 4 184 ) (1024 144 184 ) (1024 144 48 ) (1024 4 48 ) 
4 39 41 (1024 16 48 ) (1024 144 48 ) (1344 144 48 ) (1344 16 48 ) 
4 39 40 (1024 4 48 ) (1344 4 48 ) (1344 4 184 ) (1024 4 184 ) 
4 40 139 (1024 0 184 ) (1024 0 48 ) (1344 0 48 ) (1344 0 184 ) 
4 40 45 (1024 0 48 ) (1024 0 184 ) (1024 4 184 ) (1024 4 48 ) 
4 41 48 (1024 144 0 ) (1024 16 0 ) (1024 16 48 ) (1024 144 48 ) 
4 42 64 (1024 160 -48 ) (1024 160 0 ) (1024 288 0 ) (1024 288 -48 ) 
4 43 142 (1024 0 184 ) (1024 0 768 ) (768 0 768 ) (768 0 184 ) 
4 43 47 (768 0 192 ) (768 0 768 ) (768 16 768 ) (768 16 192 ) 
4 43 46 (768 1024 768 ) (768 1024 184 ) (768 16 184 ) (768 16 768 ) 
4 43 45 (1024 0 184 ) (768 0 184 ) (768 4 184 ) (1024 4 184 ) 
4 43 44 (768 4 184 ) (768 1024 184 ) (1024 1024 184 ) (1024 4 184 ) 
4 44 48 (768 1024 48 ) (1024 1024 48 ) (1024 16 48 ) (768 16 48 ) 
4 44 46 (768 1024 184 ) (768 1024 48 ) (768 16 48 ) (768 16 184 ) 
4 44 45 (1024 4 184 ) (768 4 184 ) (768 4 48 ) (1024 4 48 ) 
4 45 143 (1024 0 48 ) (1024 0 184 ) (768 0 184 ) (768 0 48 ) 
4 46 62 (704 16 336 ) (704 16 768 ) (704 32 768 ) (704 32 336 ) 
4 46 50 (704 32 336 ) (704 32 768 ) (704 416 768 ) (704 416 336 ) 
4 46 49 (704 1024 768 ) (704 1024 48 ) (704 416 48 ) (704 416 768 ) 
4 46 48 (704 16 48 ) (704 1024 48 ) (768 1024 48 ) (768 16 48 ) 
4 46 47 (768 16 192 ) (768 16 768 ) (704 16 768 ) (704 16 192 ) 
4 47 145 (704 0 768 ) (704 0 192 ) (768 0 192 ) (768 0 768 ) 
4 47 62 (704 0 336 ) (704 0 768 ) (704 16 768 ) (704 16 336 ) 
4 48 64 (1024 288 0 ) (1024 160 0 ) (768 160 0 ) (768 288 0 ) 
4 48 49 (704 1024 48 ) (704 1024 0 ) (704 416 0 ) (704 416 48 ) 
4 49 83 (0 1024 768 ) (0 1024 0 ) (0 416 0 ) (0 416 768 ) 
4 49 56 (64 416 48 ) (288 416 48 ) (288 416 144 ) (64 416 144 ) 
4 49 55 (352 416 0 ) (672 416 0 ) (672 416 176 ) (352 416 176 ) 
4 49 51 (0 416 768 ) (0 416 336 ) (688 416 336 ) (688 416 768 ) 
4 49 50 (688 416 336 ) (704 416 336 ) (704 416 768 ) (688 416 768 ) 
4 50 62 (704 32 336 ) (704 32 768 ) (688 32 768 ) (688 32 336 ) 
4 50 51 (688 416 336 ) (688 400 336 ) (688 400 768 ) (688 416 768 ) 
4 51 84 (0 416 768 ) (0 416 336 ) (0 400 336 ) (0 400 768 ) 
4 52 58 (672 32 192 ) (320 32 192 ) (320 384 192 ) (672 384 192 ) 
4 52 53 (320 384 320 ) (320 384 192 ) (320 64 192 ) (320 64 320 ) 
4 53 59 (288 64 192 ) (288 384 192 ) (320 384 192 ) (320 64 192 ) 
4 53 54 (288 384 320 ) (288 384 192 ) (288 64 192 ) (288 64 320 ) 
4 54 86 (0 384 192 ) (0 48 192 ) (0 48 320 ) (0 384 320 ) 
4 54 60 (0 48 192 ) (0 384 192 ) (288 384 192 ) (288 48 192 ) 
4 55 58 (352 384 0 ) (672 384 0 ) (672 384 176 ) (352 384 176 ) 
4 56 57 (64 400 144 ) (64 400 48 ) (288 400 48 ) (288 400 144 ) 
4 57 90 (0 400 0 ) (0 384 0 ) (0 384 192 ) (0 400 192 ) 
4 57 60 (0 384 0 ) (288 384 0 ) (288 384 192 ) (0 384 192 ) 
4 57 59 (288 384 0 ) (320 384 0 ) (320 384 192 ) (288 384 192 ) 
4 58 59 (320 384 192 ) (320 384 0 ) (320 64 0 ) (320 64 192 ) 
4 59 60 (288 384 192 ) (288 384 0 ) (288 64 0 ) (288 64 192 ) 
4 60 92 (0 384 0 ) (0 48 0 ) (0 48 192 ) (0 384 192 ) 
4 60 61 (0 48 0 ) (288 48 0 ) (288 48 144 ) (0 48 144 ) 
4 61 93 (0 48 0 ) (0 32 0 ) (0 32 144 ) (0 48 144 ) 
4 62 147 (688 0 336 ) (704 0 336 ) (704 0 768 ) (688 0 768 ) 
4 63 148 (288 0 144 ) (320 0 144 ) (320 0 320 ) (288 0 320 ) 
4 65 104 (-1024 1440 768 ) (-1024 1440 352 ) (-1024 1232 352 ) (-1024 1232 768 ) 
4 65 77 (-320 1232 768 ) (-1024 1232 768 ) (-1024 1232 352 ) (-320 1232 352 ) 
4 65 67 (-320 1232 352 ) (-1024 1232 352 ) (-1024 1440 352 ) (-320 1440 352 ) 
4 66 79 (0 1232 128 ) (0 1232 288 ) (-304 1232 288 ) (-304 1232 128 ) 
4 66 68 (0 1232 128 ) (-304 1232 128 ) (-304 1440 128 ) (0 1440 128 ) 
4 67 104 (-1024 1440 352 ) (-1024 1440 128 ) (-1024 1232 128 ) (-1024 1232 352 ) 
4 67 80 (-1024 1232 288 ) (-1024 1232 128 ) (-336 1232 128 ) (-336 1232 288 ) 
4 67 78 (-336 1232 352 ) (-1024 1232 352 ) (-1024 1232 288 ) (-336 1232 288 ) 
4 67 69 (-336 1232 128 ) (-1024 1232 128 ) (-1024 1424 128 ) (-336 1424 128 ) 
4 68 79 (0 1232 32 ) (0 1232 128 ) (-304 1232 128 ) (-304 1232 32 ) 
4 68 70 (0 1232 32 ) (-304 1232 32 ) (-304 1440 32 ) (0 1440 32 ) 
4 69 105 (-1024 1424 32 ) (-1024 1232 32 ) (-1024 1232 128 ) (-1024 1424 128 ) 
4 69 80 (-336 1232 128 ) (-1024 1232 128 ) (-1024 1232 32 ) (-336 1232 32 ) 
4 69 75 (-816 1232 32 ) (-1024 1232 32 ) (-1024 1376 32 ) (-816 1376 32 ) 
4 69 74 (-720 1232 32 ) (-816 1232 32 ) (-816 1328 32 ) (-720 1328 32 ) 
4 69 73 (-560 1232 32 ) (-720 1232 32 ) (-720 1376 32 ) (-560 1376 32 ) 
4 69 72 (-464 1232 32 ) (-560 1232 32 ) (-560 1328 32 ) (-464 1328 32 ) 
4 69 71 (-336 1232 32 ) (-464 1232 32 ) (-464 1376 32 ) (-336 1376 32 ) 
4 71 81 (-464 1232 0 ) (-336 1232 0 ) (-336 1232 32 ) (-464 1232 32 ) 
4 71 72 (-464 1328 0 ) (-464 1232 0 ) (-464 1232 32 ) (-464 1328 32 ) 
4 72 81 (-560 1232 0 ) (-464 1232 0 ) (-464 1232 32 ) (-560 1232 32 ) 
4 72 73 (-560 1328 0 ) (-560 1232 0 ) (-560 1232 32 ) (-560 1328 32 ) 
4 73 81 (-720 1232 0 ) (-560 1232 0 ) (-560 1232 32 ) (-720 1232 32 ) 
4 73 74 (-720 1328 0 ) (-720 1232 0 ) (-720 1232 32 ) (-720 1328 32 ) 
4 74 81 (-816 1232 0 ) (-720 1232 0 ) (-720 1232 32 ) (-816 1232 32 ) 
4 74 75 (-816 1328 0 ) (-816 1232 0 ) (-816 1232 32 ) (-816 1328 32 ) 
4 75 106 (-1024 1376 0 ) (-1024 1232 0 ) (-1024 1232 32 ) (-1024 1376 32 ) 
4 75 81 (-1024 1232 0 ) (-816 1232 0 ) (-816 1232 32 ) (-1024 1232 32 ) 
4 76 82 (-320 1168 352 ) (0 1168 352 ) (0 1168 768 ) (-320 1168 768 ) 
4 76 77 (-320 1184 352 ) (-320 1168 352 ) (-320 1168 768 ) (-320 1184 768 ) 
4 77 104 (-1024 1232 768 ) (-1024 1232 352 ) (-1024 1168 352 ) (-1024 1168 768 ) 
4 77 82 (-1024 1168 768 ) (-1024 1168 352 ) (-320 1168 352 ) (-320 1168 768 ) 
4 77 78 (-336 1168 352 ) (-1024 1168 352 ) (-1024 1232 352 ) (-336 1232 352 ) 
4 78 104 (-1024 1232 352 ) (-1024 1232 288 ) (-1024 1168 288 ) (-1024 1168 352 ) 
4 78 82 (-1024 1168 352 ) (-1024 1168 288 ) (-336 1168 288 ) (-336 1168 352 ) 
4 78 80 (-336 1168 288 ) (-1024 1168 288 ) (-1024 1232 288 ) (-336 1232 288 ) 
4 79 82 (-304 1168 32 ) (0 1168 32 ) (0 1168 288 ) (-304 1168 288 ) 
4 80 105 (-1024 1232 128 ) (-1024 1232 32 ) (-1024 1168 32 ) (-1024 1168 128 ) 
4 80 104 (-1024 1232 288 ) (-1024 1232 128 ) (-1024 1168 128 ) (-1024 1168 288 ) 
4 80 82 (-1024 1168 288 ) (-1024 1168 32 ) (-336 1168 32 ) (-336 1168 288 ) 
4 80 81 (-336 1168 32 ) (-1024 1168 32 ) (-1024 1232 32 ) (-336 1232 32 ) 
4 81 106 (-1024 1232 32 ) (-1024 1232 0 ) (-1024 1168 0 ) (-1024 1168 32 ) 
4 81 82 (-1024 1168 32 ) (-1024 1168 0 ) (-336 1168 0 ) (-336 1168 32 ) 
4 82 110 (-1024 1024 0 ) (-1024 1024 32 ) (-1024 1040 32 ) (-1024 1040 0 ) 
4 82 109 (-1024 1024 32 ) (-1024 1024 128 ) (-1024 1040 128 ) (-1024 1040 32 ) 
4 82 106 (-1024 1168 32 ) (-1024 1168 0 ) (-1024 1040 0 ) (-1024 1040 32 ) 
4 82 105 (-1024 1040 128 ) (-1024 1168 128 ) (-1024 1168 32 ) (-1024 1040 32 ) 
4 82 104 (-1024 1024 128 ) (-1024 1024 768 ) (-1024 1168 768 ) (-1024 1168 128 ) 
4 82 103 (-1024 1024 48 ) (-1024 1024 0 ) (-704 1024 0 ) (-704 1024 48 ) 
4 82 101 (-1024 1024 120 ) (-1024 1024 48 ) (-768 1024 48 ) (-768 1024 120 ) 
4 82 100 (-768 1024 768 ) (-1024 1024 768 ) (-1024 1024 120 ) (-768 1024 120 ) 
4 82 99 (-768 1024 128 ) (-768 1024 48 ) (-704 1024 48 ) (-704 1024 128 ) 
4 82 98 (-704 1024 768 ) (-768 1024 768 ) (-768 1024 128 ) (-704 1024 128 ) 
4 82 83 (0 1024 0 ) (0 1024 768 ) (-704 1024 768 ) (-704 1024 0 ) 
4 83 103 (-704 1024 0 ) (-704 416 0 ) (-704 416 48 ) (-704 1024 48 ) 
4 83 99 (-704 416 48 ) (-704 416 128 ) (-704 1024 128 ) (-704 1024 48 ) 
4 83 98 (-704 416 128 ) (-704 416 768 ) (-704 1024 768 ) (-704 1024 128 ) 
4 83 91 (-672 416 0 ) (-352 416 0 ) (-352 416 176 ) (-672 416 176 ) 
4 83 89 (-288 416 144 ) (-288 416 48 ) (-64 416 48 ) (-64 416 144 ) 
4 83 84 (-688 416 336 ) (0 416 336 ) (0 416 768 ) (-688 416 768 ) 
4 83 85 (-704 416 768 ) (-704 416 336 ) (-688 416 336 ) (-688 416 768 ) 
4 84 85 (-688 416 336 ) (-688 400 336 ) (-688 400 768 ) (-688 416 768 ) 
4 85 98 (-704 32 336 ) (-704 32 768 ) (-704 416 768 ) (-704 416 336 ) 
4 85 96 (-704 32 768 ) (-704 32 336 ) (-688 32 336 ) (-688 32 768 ) 
4 86 92 (-288 48 192 ) (-288 384 192 ) (0 384 192 ) (0 48 192 ) 
4 86 87 (-288 384 320 ) (-288 384 192 ) (-288 64 192 ) (-288 64 320 ) 
4 87 94 (-320 64 192 ) (-320 384 192 ) (-288 384 192 ) (-288 64 192 ) 
4 87 88 (-320 384 320 ) (-320 384 192 ) (-320 64 192 ) (-320 64 320 ) 
4 88 95 (-320 32 192 ) (-672 32 192 ) (-672 384 192 ) (-320 384 192 ) 
4 89 90 (-288 400 48 ) (-64 400 48 ) (-64 400 144 ) (-288 400 144 ) 
4 90 94 (-288 384 192 ) (-320 384 192 ) (-320 384 0 ) (-288 384 0 ) 
4 90 92 (0 384 192 ) (-288 384 192 ) (-288 384 0 ) (0 384 0 ) 
4 91 95 (-672 384 176 ) (-672 384 0 ) (-352 384 0 ) (-352 384 176 ) 
4 92 94 (-288 384 192 ) (-288 384 0 ) (-288 64 0 ) (-288 64 192 ) 
4 92 93 (-288 48 144 ) (-288 48 0 ) (0 48 0 ) (0 48 144 ) 
4 94 95 (-320 384 192 ) (-320 384 0 ) (-320 64 0 ) (-320 64 192 ) 
4 96 165 (-688 0 768 ) (-704 0 768 ) (-704 0 336 ) (-688 0 336 ) 
4 96 98 (-704 0 336 ) (-704 0 768 ) (-704 32 768 ) (-704 32 336 ) 
4 97 166 (-288 0 320 ) (-320 0 320 ) (-320 0 144 ) (-288 0 144 ) 
4 98 167 (-768 0 768 ) (-768 0 128 ) (-704 0 128 ) (-704 0 768 ) 
4 98 100 (-768 0 128 ) (-768 0 768 ) (-768 1024 768 ) (-768 1024 128 ) 
4 98 99 (-768 16 128 ) (-768 1024 128 ) (-704 1024 128 ) (-704 16 128 ) 
4 99 103 (-768 1024 48 ) (-704 1024 48 ) (-704 16 48 ) (-768 16 48 ) 
4 99 101 (-768 1024 48 ) (-768 16 48 ) (-768 16 120 ) (-768 1024 120 ) 
4 99 100 (-768 16 120 ) (-768 16 128 ) (-768 1024 128 ) (-768 1024 120 ) 
4 100 169 (-1024 0 768 ) (-1024 0 120 ) (-768 0 120 ) (-768 0 768 ) 
4 100 123 (-1024 0 120 ) (-1024 0 768 ) (-1024 16 768 ) (-1024 16 120 ) 
4 100 115 (-1024 1024 128 ) (-1024 1024 120 ) (-1024 16 120 ) (-1024 16 128 ) 
4 100 114 (-1024 16 768 ) (-1024 1024 768 ) (-1024 1024 128 ) (-1024 16 128 ) 
4 100 102 (-768 4 120 ) (-768 0 120 ) (-1024 0 120 ) (-1024 4 120 ) 
4 100 101 (-768 1024 120 ) (-768 4 120 ) (-1024 4 120 ) (-1024 1024 120 ) 
4 101 124 (-1024 4 120 ) (-1024 16 120 ) (-1024 16 48 ) (-1024 4 48 ) 
4 101 115 (-1024 16 120 ) (-1024 1024 120 ) (-1024 1024 48 ) (-1024 16 48 ) 
4 101 103 (-1024 16 48 ) (-1024 1024 48 ) (-768 1024 48 ) (-768 16 48 ) 
4 101 102 (-1024 4 48 ) (-768 4 48 ) (-768 4 120 ) (-1024 4 120 ) 
4 102 170 (-1024 0 120 ) (-1024 0 48 ) (-768 0 48 ) (-768 0 120 ) 
4 102 125 (-1024 0 48 ) (-1024 0 120 ) (-1024 4 120 ) (-1024 4 48 ) 
4 103 132 (-1024 688 0 ) (-1024 16 0 ) (-1024 16 32 ) (-1024 688 32 ) 
4 103 129 (-1024 784 0 ) (-1024 688 0 ) (-1024 688 32 ) (-1024 784 32 ) 
4 103 128 (-1024 944 0 ) (-1024 784 0 ) (-1024 784 32 ) (-1024 944 32 ) 
4 103 127 (-1024 1024 32 ) (-1024 1024 0 ) (-1024 944 0 ) (-1024 944 32 ) 
4 103 115 (-1024 16 48 ) (-1024 1024 48 ) (-1024 1024 32 ) (-1024 16 32 ) 
4 104 114 (-1024 1024 128 ) (-1024 1024 768 ) (-1472 1024 768 ) (-1472 1024 128 ) 
4 104 112 (-1168 1024 128 ) (-1456 1024 128 ) (-1456 1040 128 ) (-1168 1040 128 ) 
4 104 111 (-1136 1024 128 ) (-1168 1024 128 ) (-1168 1040 128 ) (-1136 1040 128 ) 
4 104 109 (-1024 1024 128 ) (-1136 1024 128 ) (-1136 1040 128 ) (-1024 1040 128 ) 
4 104 105 (-1456 1424 128 ) (-1024 1424 128 ) (-1024 1040 128 ) (-1456 1040 128 ) 
4 105 112 (-1168 1040 128 ) (-1456 1040 128 ) (-1456 1040 32 ) (-1168 1040 32 ) 
4 105 111 (-1136 1040 128 ) (-1168 1040 128 ) (-1168 1040 80 ) (-1136 1040 80 ) 
4 105 109 (-1024 1040 128 ) (-1136 1040 128 ) (-1136 1040 32 ) (-1024 1040 32 ) 
4 105 107 (-1216 1056 32 ) (-1216 1376 32 ) (-1088 1376 32 ) (-1088 1056 32 ) 
4 105 106 (-1024 1040 32 ) (-1088 1040 32 ) (-1088 1376 32 ) (-1024 1376 32 ) 
4 105 108 (-1216 1040 32 ) (-1408 1040 32 ) (-1408 1376 32 ) (-1216 1376 32 ) 
4 106 110 (-1040 1040 0 ) (-1024 1040 0 ) (-1024 1040 32 ) (-1040 1040 32 ) 
4 106 107 (-1088 1376 32 ) (-1088 1376 0 ) (-1088 1056 0 ) (-1088 1056 32 ) 
4 107 108 (-1216 1376 32 ) (-1216 1376 0 ) (-1216 1056 0 ) (-1216 1056 32 ) 
4 108 113 (-1408 1040 0 ) (-1264 1040 0 ) (-1264 1040 32 ) (-1408 1040 32 ) 
4 109 119 (-1096 1024 128 ) (-1136 1024 128 ) (-1136 1024 32 ) (-1096 1024 32 ) 
4 109 116 (-1064 1024 128 ) (-1096 1024 128 ) (-1096 1024 32 ) (-1064 1024 32 ) 
4 109 115 (-1024 1024 32 ) (-1024 1024 128 ) (-1064 1024 128 ) (-1064 1024 32 ) 
4 109 111 (-1136 1040 128 ) (-1136 1040 80 ) (-1136 1024 80 ) (-1136 1024 128 ) 
4 109 110 (-1024 1024 32 ) (-1040 1024 32 ) (-1040 1040 32 ) (-1024 1040 32 ) 
4 110 127 (-1024 1024 0 ) (-1024 1024 32 ) (-1040 1024 32 ) (-1040 1024 0 ) 
4 111 120 (-1136 1024 128 ) (-1168 1024 128 ) (-1168 1024 80 ) (-1136 1024 80 ) 
4 111 112 (-1168 1040 128 ) (-1168 1040 80 ) (-1168 1024 80 ) (-1168 1024 128 ) 
4 112 122 (-1168 1024 128 ) (-1456 1024 128 ) (-1456 1024 32 ) (-1168 1024 32 ) 
4 112 113 (-1408 1040 32 ) (-1264 1040 32 ) (-1264 1024 32 ) (-1408 1024 32 ) 
4 113 131 (-1408 1024 0 ) (-1264 1024 0 ) (-1264 1024 32 ) (-1408 1024 32 ) 
4 114 126 (-1472 16 768 ) (-1472 16 128 ) (-1344 16 128 ) (-1344 16 768 ) 
4 114 123 (-1344 16 128 ) (-1024 16 128 ) (-1024 16 768 ) (-1344 16 768 ) 
4 114 122 (-1168 16 128 ) (-1456 16 128 ) (-1456 1024 128 ) (-1168 1024 128 ) 
4 114 120 (-1168 688 128 ) (-1168 1024 128 ) (-1136 1024 128 ) (-1136 688 128 ) 
4 114 121 (-1136 16 128 ) (-1168 16 128 ) (-1168 688 128 ) (-1136 688 128 ) 
4 114 119 (-1096 16 128 ) (-1136 16 128 ) (-1136 1024 128 ) (-1096 1024 128 ) 
4 114 117 (-1096 712 128 ) (-1096 760 128 ) (-1064 760 128 ) (-1064 712 128 ) 
4 114 116 (-1096 760 128 ) (-1096 1024 128 ) (-1064 1024 128 ) (-1064 760 128 ) 
4 114 118 (-1064 16 128 ) (-1096 16 128 ) (-1096 712 128 ) (-1064 712 128 ) 
4 114 115 (-1024 16 128 ) (-1064 16 128 ) (-1064 1024 128 ) (-1024 1024 128 ) 
4 115 132 (-1024 688 32 ) (-1024 16 32 ) (-1064 16 32 ) (-1064 688 32 ) 
4 115 129 (-1024 784 32 ) (-1024 688 32 ) (-1040 688 32 ) (-1040 784 32 ) 
4 115 128 (-1024 944 32 ) (-1024 784 32 ) (-1064 784 32 ) (-1064 944 32 ) 
4 115 127 (-1040 1024 32 ) (-1024 1024 32 ) (-1024 944 32 ) (-1040 944 32 ) 
4 115 124 (-1024 16 48 ) (-1024 16 120 ) (-1064 16 120 ) (-1064 16 48 ) 
4 115 123 (-1024 16 120 ) (-1024 16 128 ) (-1064 16 128 ) (-1064 16 120 ) 
4 115 117 (-1064 712 34 ) (-1064 712 128 ) (-1064 760 128 ) (-1064 760 34 ) 
4 115 116 (-1064 1024 32 ) (-1064 760 32 ) (-1064 760 128 ) (-1064 1024 128 ) 
4 115 118 (-1064 712 32 ) (-1064 16 32 ) (-1064 16 128 ) (-1064 712 128 ) 
4 116 128 (-1064 944 32 ) (-1064 784 32 ) (-1088 784 32 ) (-1088 944 32 ) 
4 116 119 (-1096 1024 32 ) (-1096 760 32 ) (-1096 760 128 ) (-1096 1024 128 ) 
4 116 117 (-1096 760 128 ) (-1096 760 34 ) (-1064 760 34 ) (-1064 760 128 ) 
4 117 119 (-1096 712 34 ) (-1096 712 128 ) (-1096 760 128 ) (-1096 760 34 ) 
4 117 118 (-1096 712 128 ) (-1096 712 34 ) (-1064 712 34 ) (-1064 712 128 ) 
4 118 133 (-1088 16 32 ) (-1096 16 32 ) (-1096 672 32 ) (-1088 672 32 ) 
4 118 132 (-1064 688 32 ) (-1064 16 32 ) (-1088 16 32 ) (-1088 688 32 ) 
4 118 124 (-1064 16 48 ) (-1064 16 120 ) (-1096 16 120 ) (-1096 16 48 ) 
4 118 123 (-1064 16 120 ) (-1064 16 128 ) (-1096 16 128 ) (-1096 16 120 ) 
4 118 119 (-1096 712 32 ) (-1096 16 32 ) (-1096 16 128 ) (-1096 712 128 ) 
4 119 133 (-1096 672 32 ) (-1096 16 32 ) (-1136 16 32 ) (-1136 672 32 ) 
4 119 124 (-1096 16 48 ) (-1096 16 120 ) (-1136 16 120 ) (-1136 16 48 ) 
4 119 123 (-1096 16 120 ) (-1096 16 128 ) (-1136 16 128 ) (-1136 16 120 ) 
4 119 120 (-1136 688 80 ) (-1136 688 128 ) (-1136 1024 128 ) (-1136 1024 80 ) 
4 119 121 (-1136 688 32 ) (-1136 16 32 ) (-1136 16 128 ) (-1136 688 128 ) 
4 120 122 (-1168 688 80 ) (-1168 688 128 ) (-1168 1024 128 ) (-1168 1024 80 ) 
4 120 121 (-1168 688 128 ) (-1168 688 80 ) (-1136 688 80 ) (-1136 688 128 ) 
4 121 133 (-1136 672 32 ) (-1136 16 32 ) (-1168 16 32 ) (-1168 672 32 ) 
4 121 124 (-1136 16 48 ) (-1136 16 120 ) (-1168 16 120 ) (-1168 16 48 ) 
4 121 123 (-1136 16 120 ) (-1136 16 128 ) (-1168 16 128 ) (-1168 16 120 ) 
4 121 122 (-1168 688 32 ) (-1168 16 32 ) (-1168 16 128 ) (-1168 688 128 ) 
4 122 134 (-1216 16 32 ) (-1408 16 32 ) (-1408 688 32 ) (-1216 688 32 ) 
4 122 133 (-1168 672 32 ) (-1168 16 32 ) (-1216 16 32 ) (-1216 672 32 ) 
4 122 131 (-1408 1024 32 ) (-1264 1024 32 ) (-1264 688 32 ) (-1408 688 32 ) 
4 122 130 (-1216 784 32 ) (-1264 784 32 ) (-1264 944 32 ) (-1216 944 32 ) 
4 122 124 (-1168 16 48 ) (-1168 16 120 ) (-1344 16 120 ) (-1344 16 48 ) 
4 122 123 (-1168 16 120 ) (-1168 16 128 ) (-1344 16 128 ) (-1344 16 120 ) 
4 123 174 (-1024 0 120 ) (-1024 0 768 ) (-1344 0 768 ) (-1344 0 120 ) 
4 123 126 (-1344 16 768 ) (-1344 16 128 ) (-1344 0 128 ) (-1344 0 768 ) 
4 123 125 (-1024 0 120 ) (-1344 0 120 ) (-1344 4 120 ) (-1024 4 120 ) 
4 123 124 (-1344 4 120 ) (-1344 16 120 ) (-1024 16 120 ) (-1024 4 120 ) 
4 124 125 (-1344 4 48 ) (-1024 4 48 ) (-1024 4 120 ) (-1344 4 120 ) 
4 125 175 (-1024 0 48 ) (-1024 0 120 ) (-1344 0 120 ) (-1344 0 48 ) 
4 126 178 (-1472 0 768 ) (-1472 0 128 ) (-1344 0 128 ) (-1344 0 768 ) 
4 127 128 (-1040 944 0 ) (-1024 944 0 ) (-1024 944 32 ) (-1040 944 32 ) 
4 128 129 (-1040 784 0 ) (-1024 784 0 ) (-1024 784 32 ) (-1040 784 32 ) 
4 129 132 (-1040 688 0 ) (-1024 688 0 ) (-1024 688 32 ) (-1040 688 32 ) 
4 130 131 (-1264 944 0 ) (-1264 784 0 ) (-1264 784 32 ) (-1264 944 32 ) 
4 131 134 (-1408 688 0 ) (-1264 688 0 ) (-1264 688 32 ) (-1408 688 32 ) 
4 132 133 (-1088 672 0 ) (-1088 16 0 ) (-1088 16 32 ) (-1088 672 32 ) 
4 133 134 (-1216 672 0 ) (-1216 16 0 ) (-1216 16 32 ) (-1216 672 32 ) 
4 135 138 (1344 0 768 ) (1344 0 192 ) (1344 -16 192 ) (1344 -16 768 ) 
4 135 136 (1456 -16 192 ) (1472 -16 192 ) (1472 -16 768 ) (1456 -16 768 ) 
4 135 137 (1344 -16 768 ) (1344 -16 192 ) (1456 -16 192 ) (1456 -16 768 ) 
4 136 151 (1472 -1024 128 ) (1472 -1024 768 ) (1456 -1024 768 ) (1456 -1024 128 ) 
4 136 137 (1456 -1024 768 ) (1456 -16 768 ) (1456 -16 128 ) (1456 -1024 128 ) 
4 137 152 (1344 -1024 128 ) (1344 -1024 0 ) (1456 -1024 0 ) (1456 -1024 128 ) 
4 137 151 (1344 -1024 768 ) (1344 -1024 128 ) (1456 -1024 128 ) (1456 -1024 768 ) 
4 137 141 (1344 -16 0 ) (1344 -1024 0 ) (1344 -1024 48 ) (1344 -16 48 ) 
4 137 140 (1344 -1024 48 ) (1344 -1024 184 ) (1344 -16 184 ) (1344 -16 48 ) 
4 137 138 (1344 -1024 184 ) (1344 -1024 768 ) (1344 -16 768 ) (1344 -16 184 ) 
4 138 151 (1024 -1024 768 ) (1024 -1024 184 ) (1344 -1024 184 ) (1344 -1024 768 ) 
4 138 150 (1024 -1024 184 ) (1024 -1024 768 ) (1024 -32 768 ) (1024 -32 184 ) 
4 138 142 (1024 -32 768 ) (1024 0 768 ) (1024 0 184 ) (1024 -32 184 ) 
4 138 140 (1344 -4 184 ) (1344 -1024 184 ) (1024 -1024 184 ) (1024 -4 184 ) 
4 138 139 (1024 0 184 ) (1344 0 184 ) (1344 -4 184 ) (1024 -4 184 ) 
4 139 143 (1024 -4 184 ) (1024 0 184 ) (1024 0 48 ) (1024 -4 48 ) 
4 139 140 (1024 -4 48 ) (1344 -4 48 ) (1344 -4 184 ) (1024 -4 184 ) 
4 140 152 (1024 -1024 128 ) (1024 -1024 48 ) (1344 -1024 48 ) (1344 -1024 128 ) 
4 140 151 (1024 -1024 184 ) (1024 -1024 128 ) (1344 -1024 128 ) (1344 -1024 184 ) 
4 140 150 (1024 -1024 48 ) (1024 -1024 184 ) (1024 -32 184 ) (1024 -32 48 ) 
4 140 144 (1024 -32 184 ) (1024 -4 184 ) (1024 -4 48 ) (1024 -32 48 ) 
4 140 141 (1024 -1024 48 ) (1024 -16 48 ) (1344 -16 48 ) (1344 -1024 48 ) 
4 141 152 (1024 -1024 48 ) (1024 -1024 0 ) (1344 -1024 0 ) (1344 -1024 48 ) 
4 141 150 (1024 -1024 0 ) (1024 -1024 48 ) (1024 -32 48 ) (1024 -32 0 ) 
4 141 149 (1024 -32 48 ) (1024 -16 48 ) (1024 -16 0 ) (1024 -32 0 ) 
4 142 150 (1024 -32 184 ) (1024 -32 768 ) (768 -32 768 ) (768 -32 184 ) 
4 142 145 (768 -16 768 ) (768 0 768 ) (768 0 192 ) (768 -16 192 ) 
4 142 146 (768 -32 184 ) (768 -32 768 ) (768 -16 768 ) (768 -16 184 ) 
4 142 144 (1024 -32 184 ) (768 -32 184 ) (768 -4 184 ) (1024 -4 184 ) 
4 142 143 (768 -4 184 ) (768 0 184 ) (1024 0 184 ) (1024 -4 184 ) 
4 143 144 (1024 -4 184 ) (768 -4 184 ) (768 -4 48 ) (1024 -4 48 ) 
4 144 150 (768 -32 48 ) (1024 -32 48 ) (1024 -32 184 ) (768 -32 184 ) 
4 144 149 (1024 -32 48 ) (768 -32 48 ) (768 -16 48 ) (1024 -16 48 ) 
4 144 146 (768 -16 48 ) (768 -32 48 ) (768 -32 184 ) (768 -16 184 ) 
4 145 147 (704 0 768 ) (704 0 336 ) (704 -16 336 ) (704 -16 768 ) 
4 145 146 (768 -16 192 ) (768 -16 768 ) (704 -16 768 ) (704 -16 192 ) 
4 146 150 (704 -32 48 ) (768 -32 48 ) (768 -32 768 ) (704 -32 768 ) 
4 146 149 (768 -32 48 ) (704 -32 48 ) (704 -16 48 ) (768 -16 48 ) 
4 146 147 (704 -32 336 ) (704 -32 768 ) (704 -16 768 ) (704 -16 336 ) 
4 147 165 (0 0 768 ) (0 0 336 ) (0 -32 336 ) (0 -32 768 ) 
4 147 150 (0 -32 768 ) (0 -32 336 ) (704 -32 336 ) (704 -32 768 ) 
4 148 150 (288 -32 144 ) (320 -32 144 ) (320 -32 320 ) (288 -32 320 ) 
4 149 150 (704 -32 0 ) (1024 -32 0 ) (1024 -32 48 ) (704 -32 48 ) 
4 150 173 (0 -1024 0 ) (0 -1024 768 ) (0 -32 768 ) (0 -32 0 ) 
4 150 153 (1024 -1024 0 ) (1024 -1024 768 ) (0 -1024 768 ) (0 -1024 0 ) 
4 151 161 (1024 -1232 128 ) (1024 -1440 128 ) (1024 -1440 448 ) (1024 -1232 448 ) 
4 151 160 (1024 -1440 448 ) (1024 -1440 768 ) (1024 -1232 768 ) (1024 -1232 448 ) 
4 151 157 (1024 -1168 128 ) (1024 -1232 128 ) (1024 -1232 384 ) (1024 -1168 384 ) 
4 151 156 (1024 -1232 384 ) (1024 -1232 448 ) (1024 -1168 448 ) (1024 -1168 384 ) 
4 151 154 (1024 -1232 448 ) (1024 -1232 768 ) (1024 -1168 768 ) (1024 -1168 448 ) 
4 151 153 (1024 -1024 768 ) (1024 -1024 128 ) (1024 -1168 128 ) (1024 -1168 768 ) 
4 151 152 (1024 -1424 128 ) (1024 -1024 128 ) (1456 -1024 128 ) (1456 -1424 128 ) 
4 152 163 (1024 -1232 0 ) (1024 -1424 0 ) (1024 -1424 128 ) (1024 -1232 128 ) 
4 152 159 (1024 -1168 0 ) (1024 -1232 0 ) (1024 -1232 32 ) (1024 -1168 32 ) 
4 152 157 (1024 -1232 32 ) (1024 -1232 128 ) (1024 -1168 128 ) (1024 -1168 32 ) 
4 152 153 (1024 -1024 128 ) (1024 -1024 0 ) (1024 -1168 0 ) (1024 -1168 128 ) 
4 153 180 (0 -1024 768 ) (0 -1024 0 ) (0 -1168 0 ) (0 -1168 768 ) 
4 153 159 (336 -1168 0 ) (1024 -1168 0 ) (1024 -1168 32 ) (336 -1168 32 ) 
4 153 157 (1024 -1168 32 ) (1024 -1168 384 ) (336 -1168 384 ) (336 -1168 32 ) 
4 153 158 (304 -1168 384 ) (0 -1168 384 ) (0 -1168 32 ) (304 -1168 32 ) 
4 153 156 (1024 -1168 384 ) (1024 -1168 448 ) (336 -1168 448 ) (336 -1168 384 ) 
4 153 155 (320 -1168 768 ) (0 -1168 768 ) (0 -1168 448 ) (320 -1168 448 ) 
4 153 154 (1024 -1168 448 ) (1024 -1168 768 ) (320 -1168 768 ) (320 -1168 448 ) 
4 154 160 (320 -1232 448 ) (1024 -1232 448 ) (1024 -1232 768 ) (320 -1232 768 ) 
4 154 156 (1024 -1232 448 ) (336 -1232 448 ) (336 -1168 448 ) (1024 -1168 448 ) 
4 154 155 (320 -1168 448 ) (320 -1184 448 ) (320 -1184 768 ) (320 -1168 768 ) 
4 155 181 (0 -1168 768 ) (0 -1168 448 ) (0 -1184 448 ) (0 -1184 768 ) 
4 156 161 (336 -1232 384 ) (1024 -1232 384 ) (1024 -1232 448 ) (336 -1232 448 ) 
4 156 157 (1024 -1232 384 ) (336 -1232 384 ) (336 -1168 384 ) (1024 -1168 384 ) 
4 157 163 (336 -1232 32 ) (1024 -1232 32 ) (1024 -1232 128 ) (336 -1232 128 ) 
4 157 161 (1024 -1232 128 ) (1024 -1232 384 ) (336 -1232 384 ) (336 -1232 128 ) 
4 157 159 (1024 -1232 32 ) (336 -1232 32 ) (336 -1168 32 ) (1024 -1168 32 ) 
4 158 184 (0 -1168 384 ) (0 -1168 32 ) (0 -1232 32 ) (0 -1232 384 ) 
4 158 164 (0 -1232 128 ) (0 -1232 32 ) (304 -1232 32 ) (304 -1232 128 ) 
4 158 162 (0 -1232 384 ) (0 -1232 128 ) (304 -1232 128 ) (304 -1232 384 ) 
4 159 163 (336 -1232 0 ) (1024 -1232 0 ) (1024 -1232 32 ) (336 -1232 32 ) 
4 160 161 (1024 -1440 448 ) (320 -1440 448 ) (320 -1232 448 ) (1024 -1232 448 ) 
4 161 163 (336 -1424 128 ) (336 -1232 128 ) (1024 -1232 128 ) (1024 -1424 128 ) 
4 162 188 (0 -1232 448 ) (0 -1232 128 ) (0 -1440 128 ) (0 -1440 448 ) 
4 162 164 (304 -1440 128 ) (0 -1440 128 ) (0 -1232 128 ) (304 -1232 128 ) 
4 164 190 (0 -1232 128 ) (0 -1232 0 ) (0 -1440 0 ) (0 -1440 128 ) 
4 165 173 (0 -32 336 ) (0 -32 768 ) (-704 -32 768 ) (-704 -32 336 ) 
4 165 167 (-704 -32 336 ) (-704 -32 768 ) (-704 0 768 ) (-704 0 336 ) 
4 166 173 (-288 -32 320 ) (-320 -32 320 ) (-320 -32 144 ) (-288 -32 144 ) 
4 167 173 (-768 -32 768 ) (-768 -32 128 ) (-704 -32 128 ) (-704 -32 768 ) 
4 167 169 (-768 0 768 ) (-768 0 128 ) (-768 -32 128 ) (-768 -32 768 ) 
4 167 168 (-768 -32 128 ) (-768 -16 128 ) (-704 -16 128 ) (-704 -32 128 ) 
4 168 173 (-768 -32 128 ) (-768 -32 48 ) (-704 -32 48 ) (-704 -32 128 ) 
4 168 172 (-704 -32 48 ) (-768 -32 48 ) (-768 -16 48 ) (-704 -16 48 ) 
4 168 171 (-768 -16 48 ) (-768 -32 48 ) (-768 -32 120 ) (-768 -16 120 ) 
4 168 169 (-768 -32 120 ) (-768 -32 128 ) (-768 -16 128 ) (-768 -16 120 ) 
4 169 174 (-1024 0 768 ) (-1024 0 120 ) (-1024 -32 120 ) (-1024 -32 768 ) 
4 169 173 (-1024 -32 768 ) (-1024 -32 120 ) (-768 -32 120 ) (-768 -32 768 ) 
4 169 171 (-768 -4 120 ) (-768 -32 120 ) (-1024 -32 120 ) (-1024 -4 120 ) 
4 169 170 (-768 0 120 ) (-768 -4 120 ) (-1024 -4 120 ) (-1024 0 120 ) 
4 170 175 (-1024 0 120 ) (-1024 0 48 ) (-1024 -4 48 ) (-1024 -4 120 ) 
4 170 171 (-1024 -4 48 ) (-768 -4 48 ) (-768 -4 120 ) (-1024 -4 120 ) 
4 171 176 (-1024 -4 48 ) (-1024 -32 48 ) (-1024 -32 120 ) (-1024 -4 120 ) 
4 171 173 (-1024 -32 120 ) (-1024 -32 48 ) (-768 -32 48 ) (-768 -32 120 ) 
4 171 172 (-768 -32 48 ) (-1024 -32 48 ) (-1024 -16 48 ) (-768 -16 48 ) 
4 172 177 (-1024 -16 0 ) (-1024 -32 0 ) (-1024 -32 48 ) (-1024 -16 48 ) 
4 172 173 (-704 -32 48 ) (-1024 -32 48 ) (-1024 -32 0 ) (-704 -32 0 ) 
4 173 180 (0 -1024 0 ) (0 -1024 768 ) (-1024 -1024 768 ) (-1024 -1024 0 ) 
4 173 177 (-1024 -1024 0 ) (-1024 -1024 48 ) (-1024 -32 48 ) (-1024 -32 0 ) 
4 173 176 (-1024 -1024 48 ) (-1024 -1024 120 ) (-1024 -32 120 ) (-1024 -32 48 ) 
4 173 174 (-1024 -1024 120 ) (-1024 -1024 768 ) (-1024 -32 768 ) (-1024 -32 120 ) 
4 174 193 (-1024 -1024 120 ) (-1024 -1024 128 ) (-1344 -1024 128 ) (-1344 -1024 120 ) 
4 174 192 (-1024 -1024 128 ) (-1024 -1024 768 ) (-1344 -1024 768 ) (-1344 -1024 128 ) 
4 174 179 (-1344 -16 120 ) (-1344 -1024 120 ) (-1344 -1024 128 ) (-1344 -16 128 ) 
4 174 178 (-1344 0 768 ) (-1344 0 128 ) (-1344 -1024 128 ) (-1344 -1024 768 ) 
4 174 176 (-1344 -1024 120 ) (-1344 -4 120 ) (-1024 -4 120 ) (-1024 -1024 120 ) 
4 174 175 (-1344 -4 120 ) (-1344 0 120 ) (-1024 0 120 ) (-1024 -4 120 ) 
4 175 176 (-1344 -4 48 ) (-1024 -4 48 ) (-1024 -4 120 ) (-1344 -4 120 ) 
4 176 193 (-1024 -1024 48 ) (-1024 -1024 120 ) (-1344 -1024 120 ) (-1344 -1024 48 ) 
4 176 179 (-1344 -16 48 ) (-1344 -1024 48 ) (-1344 -1024 120 ) (-1344 -16 120 ) 
4 176 177 (-1344 -1024 48 ) (-1344 -16 48 ) (-1024 -16 48 ) (-1024 -1024 48 ) 
4 177 193 (-1024 -1024 0 ) (-1024 -1024 48 ) (-1344 -1024 48 ) (-1344 -1024 0 ) 
4 177 179 (-1344 -16 0 ) (-1344 -1024 0 ) (-1344 -1024 48 ) (-1344 -16 48 ) 
4 178 192 (-1472 -1024 768 ) (-1472 -1024 128 ) (-1344 -1024 128 ) (-1344 -1024 768 ) 
4 178 179 (-1456 -16 128 ) (-1344 -16 128 ) (-1344 -1024 128 ) (-1456 -1024 128 ) 
4 179 193 (-1456 -1024 0 ) (-1344 -1024 0 ) (-1344 -1024 128 ) (-1456 -1024 128 ) 
4 180 193 (-1024 -1024 128 ) (-1024 -1024 0 ) (-1024 -1168 0 ) (-1024 -1168 128 ) 
4 180 192 (-1024 -1024 768 ) (-1024 -1024 128 ) (-1024 -1168 128 ) (-1024 -1168 768 ) 
4 180 186 (-1024 -1168 32 ) (-1024 -1168 0 ) (-336 -1168 0 ) (-336 -1168 32 ) 
4 180 184 (-304 -1168 32 ) (0 -1168 32 ) (0 -1168 384 ) (-304 -1168 384 ) 
4 180 185 (-1024 -1168 384 ) (-1024 -1168 32 ) (-336 -1168 32 ) (-336 -1168 384 ) 
4 180 183 (-1024 -1168 448 ) (-1024 -1168 384 ) (-336 -1168 384 ) (-336 -1168 448 ) 
4 180 181 (-320 -1168 448 ) (0 -1168 448 ) (0 -1168 768 ) (-320 -1168 768 ) 
4 180 182 (-1024 -1168 768 ) (-1024 -1168 448 ) (-320 -1168 448 ) (-320 -1168 768 ) 
4 181 182 (-320 -1168 448 ) (-320 -1184 448 ) (-320 -1184 768 ) (-320 -1168 768 ) 
4 182 192 (-1024 -1232 448 ) (-1024 -1232 768 ) (-1024 -1168 768 ) (-1024 -1168 448 ) 
4 182 187 (-320 -1232 768 ) (-1024 -1232 768 ) (-1024 -1232 448 ) (-320 -1232 448 ) 
4 182 183 (-336 -1232 448 ) (-1024 -1232 448 ) (-1024 -1168 448 ) (-336 -1168 448 ) 
4 183 192 (-1024 -1232 384 ) (-1024 -1232 448 ) (-1024 -1168 448 ) (-1024 -1168 384 ) 
4 183 189 (-336 -1232 448 ) (-1024 -1232 448 ) (-1024 -1232 384 ) (-336 -1232 384 ) 
4 183 185 (-336 -1232 384 ) (-1024 -1232 384 ) (-1024 -1168 384 ) (-336 -1168 384 ) 
4 184 190 (0 -1232 32 ) (0 -1232 128 ) (-304 -1232 128 ) (-304 -1232 32 ) 
4 184 188 (0 -1232 128 ) (0 -1232 384 ) (-304 -1232 384 ) (-304 -1232 128 ) 
4 185 193 (-1024 -1232 32 ) (-1024 -1232 128 ) (-1024 -1168 128 ) (-1024 -1168 32 ) 
4 185 192 (-1024 -1232 128 ) (-1024 -1232 384 ) (-1024 -1168 384 ) (-1024 -1168 128 ) 
4 185 191 (-1024 -1232 128 ) (-1024 -1232 32 ) (-336 -1232 32 ) (-336 -1232 128 ) 
4 185 189 (-336 -1232 384 ) (-1024 -1232 384 ) (-1024 -1232 128 ) (-336 -1232 128 ) 
4 185 186 (-336 -1232 32 ) (-1024 -1232 32 ) (-1024 -1168 32 ) (-336 -1168 32 ) 
4 186 193 (-1024 -1168 0 ) (-1024 -1232 0 ) (-1024 -1232 32 ) (-1024 -1168 32 ) 
4 186 191 (-1024 -1232 0 ) (-336 -1232 0 ) (-336 -1232 32 ) (-1024 -1232 32 ) 
4 187 192 (-1024 -1440 448 ) (-1024 -1440 768 ) (-1024 -1232 768 ) (-1024 -1232 448 ) 
4 187 189 (-320 -1440 448 ) (-1024 -1440 448 ) (-1024 -1232 448 ) (-320 -1232 448 ) 
4 188 190 (0 -1440 128 ) (-304 -1440 128 ) (-304 -1232 128 ) (0 -1232 128 ) 
4 189 192 (-1024 -1440 128 ) (-1024 -1440 448 ) (-1024 -1232 448 ) (-1024 -1232 128 ) 
4 189 191 (-1024 -1424 128 ) (-1024 -1232 128 ) (-336 -1232 128 ) (-336 -1424 128 ) 
4 191 193 (-1024 -1232 0 ) (-1024 -1424 0 ) (-1024 -1424 128 ) (-1024 -1232 128 ) 
4 192 193 (-1456 -1024 128 ) (-1024 -1024 128 ) (-1024 -1424 128 ) (-1456 -1424 128 ) 
