PRT1
192
461
4 0 116 (256 0 0 ) (256 0 384 ) (64 0 384 ) (64 0 0 ) 
4 0 20 (64 640 32 ) (64 32 32 ) (64 32 112 ) (64 640 112 ) 
4 0 15 (64 640 168 ) (64 640 136 ) (64 636 136 ) (64 636 168 ) 
4 0 16 (64 636 128 ) (64 32 128 ) (64 32 168 ) (64 636 168 ) 
4 0 12 (64 640 184 ) (64 640 168 ) (64 32 168 ) (64 32 184 ) 
4 0 10 (64 32 192 ) (64 640 192 ) (64 640 184 ) (64 32 184 ) 
4 0 4 (64 32 320 ) (64 640 320 ) (64 640 192 ) (64 32 192 ) 
4 0 1 (64 32 384 ) (64 640 384 ) (64 640 320 ) (64 32 320 ) 
4 1 4 (64 640 320 ) (64 32 320 ) (36 32 320 ) (36 640 320 ) 
4 1 2 (36 640 384 ) (36 640 328 ) (36 32 328 ) (36 32 384 ) 
4 2 3 (28 640 384 ) (28 640 328 ) (28 32 328 ) (28 32 384 ) 
4 3 67 (0 32 384 ) (0 176 384 ) (0 176 320 ) (0 32 320 ) 
4 3 50 (0 176 384 ) (0 528 384 ) (0 528 320 ) (0 176 320 ) 
4 3 37 (0 528 384 ) (0 640 384 ) (0 640 320 ) (0 528 320 ) 
4 3 9 (28 32 320 ) (0 32 320 ) (0 640 320 ) (28 640 320 ) 
4 4 10 (64 640 192 ) (64 32 192 ) (36 32 192 ) (36 640 192 ) 
4 4 8 (36 64 192 ) (36 32 192 ) (36 32 320 ) (36 64 320 ) 
4 4 7 (36 264 192 ) (36 208 192 ) (36 208 320 ) (36 264 320 ) 
4 4 6 (36 464 192 ) (36 408 192 ) (36 408 320 ) (36 464 320 ) 
4 4 5 (36 640 192 ) (36 608 192 ) (36 608 320 ) (36 640 320 ) 
4 5 9 (28 640 192 ) (28 608 192 ) (28 608 320 ) (28 640 320 ) 
4 6 9 (28 464 192 ) (28 408 192 ) (28 408 320 ) (28 464 320 ) 
4 7 9 (28 264 192 ) (28 208 192 ) (28 208 320 ) (28 264 320 ) 
4 8 9 (28 64 192 ) (28 32 192 ) (28 32 320 ) (28 64 320 ) 
4 9 67 (0 32 320 ) (0 176 320 ) (0 176 192 ) (0 32 192 ) 
4 9 50 (0 176 320 ) (0 528 320 ) (0 528 192 ) (0 176 192 ) 
4 9 37 (0 528 320 ) (0 640 320 ) (0 640 192 ) (0 528 192 ) 
4 9 11 (0 32 192 ) (0 640 192 ) (28 640 192 ) (28 32 192 ) 
4 10 12 (64 32 184 ) (36 32 184 ) (36 640 184 ) (64 640 184 ) 
4 11 67 (0 32 192 ) (0 176 192 ) (0 176 184 ) (0 32 184 ) 
4 11 50 (0 176 192 ) (0 528 192 ) (0 528 184 ) (0 176 184 ) 
4 11 37 (0 528 192 ) (0 640 192 ) (0 640 184 ) (0 528 184 ) 
4 11 14 (28 32 184 ) (0 32 184 ) (0 640 184 ) (28 640 184 ) 
4 12 15 (36 636 168 ) (36 640 168 ) (64 640 168 ) (64 636 168 ) 
4 12 16 (64 32 168 ) (36 32 168 ) (36 636 168 ) (64 636 168 ) 
4 12 13 (36 32 176 ) (36 32 184 ) (36 640 184 ) (36 640 176 ) 
4 13 14 (28 32 176 ) (28 32 184 ) (28 640 184 ) (28 640 176 ) 
4 14 67 (0 176 168 ) (0 32 168 ) (0 32 184 ) (0 176 184 ) 
4 14 50 (0 528 168 ) (0 176 168 ) (0 176 184 ) (0 528 184 ) 
4 14 37 (0 640 184 ) (0 640 168 ) (0 528 168 ) (0 528 184 ) 
4 14 15 (0 636 168 ) (0 640 168 ) (28 640 168 ) (28 636 168 ) 
4 14 16 (28 32 168 ) (0 32 168 ) (0 636 168 ) (28 636 168 ) 
4 15 37 (0 640 168 ) (0 640 136 ) (0 636 136 ) (0 636 168 ) 
4 15 16 (64 636 136 ) (64 636 168 ) (0 636 168 ) (0 636 136 ) 
4 16 67 (0 176 128 ) (0 32 128 ) (0 32 168 ) (0 176 168 ) 
4 16 50 (0 528 128 ) (0 176 128 ) (0 176 168 ) (0 528 168 ) 
4 16 37 (0 636 128 ) (0 528 128 ) (0 528 168 ) (0 636 168 ) 
4 16 19 (8 40 128 ) (8 232 128 ) (56 232 128 ) (56 40 128 ) 
4 16 17 (8 440 128 ) (8 632 128 ) (56 632 128 ) (56 440 128 ) 
4 16 18 (8 240 128 ) (8 432 128 ) (56 432 128 ) (56 240 128 ) 
4 17 20 (8 440 112 ) (8 632 112 ) (56 632 112 ) (56 440 112 ) 
4 18 20 (8 240 112 ) (8 432 112 ) (56 432 112 ) (56 240 112 ) 
4 19 20 (8 40 112 ) (8 232 112 ) (56 232 112 ) (56 40 112 ) 
4 20 67 (0 176 32 ) (0 32 32 ) (0 32 112 ) (0 176 112 ) 
4 20 51 (0 528 32 ) (0 176 32 ) (0 176 80 ) (0 528 80 ) 
4 20 50 (0 176 80 ) (0 176 112 ) (0 528 112 ) (0 528 80 ) 
4 20 39 (0 640 32 ) (0 528 32 ) (0 528 112 ) (0 640 112 ) 
4 21 104 (-1024 1024 128 ) (-1024 1024 768 ) (-1024 1200 768 ) (-1024 1200 128 ) 
4 21 37 (0 1024 128 ) (0 1024 768 ) (-1024 1024 768 ) (-1024 1024 128 ) 
4 21 22 (-1024 1024 128 ) (-1024 1184 128 ) (-8 1184 128 ) (-8 1024 128 ) 
4 22 38 (-8 1024 128 ) (-1024 1024 128 ) (-1024 1024 32 ) (-8 1024 32 ) 
4 22 29 (-752 1024 32 ) (-1024 1024 32 ) (-1024 1136 32 ) (-752 1136 32 ) 
4 22 28 (-656 1024 32 ) (-752 1024 32 ) (-752 1088 32 ) (-656 1088 32 ) 
4 22 27 (-496 1024 32 ) (-656 1024 32 ) (-656 1136 32 ) (-496 1136 32 ) 
4 22 26 (-400 1024 32 ) (-496 1024 32 ) (-496 1088 32 ) (-400 1088 32 ) 
4 22 24 (-32 1024 32 ) (-96 1024 32 ) (-96 1032 32 ) (-32 1032 32 ) 
4 22 25 (-104 1024 32 ) (-400 1024 32 ) (-400 1032 32 ) (-104 1032 32 ) 
4 22 23 (-400 1032 32 ) (-400 1136 32 ) (-104 1136 32 ) (-104 1032 32 ) 
4 23 30 (-104 1032 24 ) (-400 1032 24 ) (-400 1136 24 ) (-104 1136 24 ) 
4 23 26 (-400 1088 24 ) (-400 1032 24 ) (-400 1032 32 ) (-400 1088 32 ) 
4 23 25 (-400 1032 32 ) (-400 1032 24 ) (-104 1032 24 ) (-104 1032 32 ) 
4 24 41 (-32 1024 32 ) (-96 1024 32 ) (-96 1024 24 ) (-32 1024 24 ) 
4 24 35 (-32 1024 24 ) (-96 1024 24 ) (-96 1032 24 ) (-32 1032 24 ) 
4 25 42 (-104 1024 32 ) (-400 1024 32 ) (-400 1024 24 ) (-104 1024 24 ) 
4 25 36 (-104 1024 24 ) (-400 1024 24 ) (-400 1032 24 ) (-104 1032 24 ) 
4 25 26 (-400 1032 24 ) (-400 1024 24 ) (-400 1024 32 ) (-400 1032 32 ) 
4 26 42 (-400 1024 32 ) (-496 1024 32 ) (-496 1024 24 ) (-400 1024 24 ) 
4 26 36 (-400 1032 24 ) (-400 1024 24 ) (-496 1024 24 ) (-496 1032 24 ) 
4 26 31 (-400 1088 24 ) (-400 1032 24 ) (-496 1032 24 ) (-496 1088 24 ) 
4 26 27 (-496 1088 24 ) (-496 1024 24 ) (-496 1024 32 ) (-496 1088 32 ) 
4 27 42 (-496 1024 32 ) (-656 1024 32 ) (-656 1024 24 ) (-496 1024 24 ) 
4 27 36 (-496 1032 24 ) (-496 1024 24 ) (-656 1024 24 ) (-656 1032 24 ) 
4 27 32 (-496 1136 24 ) (-496 1032 24 ) (-656 1032 24 ) (-656 1136 24 ) 
4 27 28 (-656 1088 24 ) (-656 1024 24 ) (-656 1024 32 ) (-656 1088 32 ) 
4 28 42 (-656 1024 32 ) (-752 1024 32 ) (-752 1024 24 ) (-656 1024 24 ) 
4 28 36 (-656 1032 24 ) (-656 1024 24 ) (-752 1024 24 ) (-752 1032 24 ) 
4 28 33 (-656 1088 24 ) (-656 1032 24 ) (-752 1032 24 ) (-752 1088 24 ) 
4 28 29 (-752 1088 24 ) (-752 1024 24 ) (-752 1024 32 ) (-752 1088 32 ) 
4 29 42 (-752 1024 32 ) (-1024 1024 32 ) (-1024 1024 24 ) (-752 1024 24 ) 
4 29 36 (-1024 1024 24 ) (-1024 1032 24 ) (-752 1032 24 ) (-752 1024 24 ) 
4 29 34 (-1024 1032 24 ) (-1024 1136 24 ) (-752 1136 24 ) (-752 1032 24 ) 
4 30 36 (-400 1032 0 ) (-104 1032 0 ) (-104 1032 24 ) (-400 1032 24 ) 
4 30 31 (-400 1088 0 ) (-400 1032 0 ) (-400 1032 24 ) (-400 1088 24 ) 
4 31 36 (-496 1032 0 ) (-400 1032 0 ) (-400 1032 24 ) (-496 1032 24 ) 
4 31 32 (-496 1088 0 ) (-496 1032 0 ) (-496 1032 24 ) (-496 1088 24 ) 
4 32 36 (-656 1032 0 ) (-496 1032 0 ) (-496 1032 24 ) (-656 1032 24 ) 
4 32 33 (-656 1088 0 ) (-656 1032 0 ) (-656 1032 24 ) (-656 1088 24 ) 
4 33 36 (-752 1032 0 ) (-656 1032 0 ) (-656 1032 24 ) (-752 1032 24 ) 
4 33 34 (-752 1088 0 ) (-752 1032 0 ) (-752 1032 24 ) (-752 1088 24 ) 
4 34 36 (-1024 1032 0 ) (-752 1032 0 ) (-752 1032 24 ) (-1024 1032 24 ) 
4 35 82 (-32 1024 24 ) (-96 1024 24 ) (-96 1024 16 ) (-32 1024 16 ) 
4 36 83 (-104 1024 24 ) (-1024 1024 24 ) (-1024 1024 0 ) (-104 1024 0 ) 
4 37 106 (-1024 1024 768 ) (-1024 1024 128 ) (-1024 528 128 ) (-1024 528 768 ) 
4 37 50 (0 528 128 ) (0 528 768 ) (-1024 528 768 ) (-1024 528 128 ) 
4 37 39 (0 528 128 ) (-192 528 128 ) (-192 640 128 ) (0 640 128 ) 
4 37 40 (-192 528 128 ) (-1024 528 128 ) (-1024 672 128 ) (-192 672 128 ) 
4 37 38 (-1024 672 128 ) (-1024 1024 128 ) (-8 1024 128 ) (-8 672 128 ) 
4 38 113 (-1024 680 32 ) (-1024 672 32 ) (-1024 672 128 ) (-1024 680 128 ) 
4 38 110 (-1024 792 32 ) (-1024 680 32 ) (-1024 680 128 ) (-1024 792 128 ) 
4 38 108 (-1024 816 32 ) (-1024 792 32 ) (-1024 792 128 ) (-1024 816 128 ) 
4 38 44 (-1024 672 32 ) (-1024 944 32 ) (-64 944 32 ) (-64 672 32 ) 
4 38 43 (-1024 944 32 ) (-1024 952 32 ) (-104 952 32 ) (-104 944 32 ) 
4 38 41 (-96 1024 32 ) (-32 1024 32 ) (-32 952 32 ) (-96 952 32 ) 
4 38 42 (-1024 952 32 ) (-1024 1024 32 ) (-104 1024 32 ) (-104 952 32 ) 
4 38 40 (-1024 672 32 ) (-192 672 32 ) (-192 672 128 ) (-1024 672 128 ) 
4 39 51 (0 528 32 ) (0 528 80 ) (-192 528 80 ) (-192 528 32 ) 
4 39 50 (0 528 80 ) (0 528 128 ) (-192 528 128 ) (-192 528 80 ) 
4 39 47 (0 528 32 ) (-192 528 32 ) (-192 544 32 ) (0 544 32 ) 
4 39 45 (-192 544 32 ) (-192 640 32 ) (0 640 32 ) (0 544 32 ) 
4 39 40 (-192 640 32 ) (-192 528 32 ) (-192 528 128 ) (-192 640 128 ) 
4 40 113 (-1024 672 32 ) (-1024 656 32 ) (-1024 656 128 ) (-1024 672 128 ) 
4 40 56 (-816 528 32 ) (-536 528 32 ) (-536 528 80 ) (-816 528 80 ) 
4 40 57 (-1024 528 80 ) (-1024 528 32 ) (-848 528 32 ) (-848 528 80 ) 
4 40 53 (-536 528 32 ) (-504 528 32 ) (-504 528 80 ) (-536 528 80 ) 
4 40 52 (-504 528 32 ) (-464 528 32 ) (-464 528 80 ) (-504 528 80 ) 
4 40 51 (-432 528 32 ) (-192 528 32 ) (-192 528 80 ) (-432 528 80 ) 
4 40 50 (-192 528 128 ) (-1024 528 128 ) (-1024 528 80 ) (-192 528 80 ) 
4 40 48 (-512 528 32 ) (-768 528 32 ) (-768 544 32 ) (-512 544 32 ) 
4 40 49 (-896 528 32 ) (-1024 528 32 ) (-1024 544 32 ) (-896 544 32 ) 
4 40 47 (-192 528 32 ) (-384 528 32 ) (-384 544 32 ) (-192 544 32 ) 
4 40 46 (-1024 544 32 ) (-1024 672 32 ) (-192 672 32 ) (-192 544 32 ) 
4 41 82 (-96 1024 24 ) (-32 1024 24 ) (-32 952 24 ) (-96 952 24 ) 
4 42 83 (-1024 952 24 ) (-1024 1024 24 ) (-104 1024 24 ) (-104 952 24 ) 
4 42 43 (-1024 952 24 ) (-104 952 24 ) (-104 952 32 ) (-1024 952 32 ) 
4 43 84 (-1024 944 24 ) (-1024 952 24 ) (-104 952 24 ) (-104 944 24 ) 
4 43 44 (-1024 944 24 ) (-104 944 24 ) (-104 944 32 ) (-1024 944 32 ) 
4 44 113 (-1024 680 24 ) (-1024 672 24 ) (-1024 672 32 ) (-1024 680 32 ) 
4 44 110 (-1024 792 24 ) (-1024 680 24 ) (-1024 680 32 ) (-1024 792 32 ) 
4 44 108 (-1024 816 24 ) (-1024 792 24 ) (-1024 792 32 ) (-1024 816 32 ) 
4 44 85 (-1024 672 24 ) (-1024 944 24 ) (-64 944 24 ) (-64 672 24 ) 
4 44 46 (-1024 672 24 ) (-192 672 24 ) (-192 672 32 ) (-1024 672 32 ) 
4 45 86 (0 640 24 ) (0 544 24 ) (-192 544 24 ) (-192 640 24 ) 
4 45 47 (-192 544 24 ) (0 544 24 ) (0 544 32 ) (-192 544 32 ) 
4 45 46 (-192 640 24 ) (-192 544 24 ) (-192 544 32 ) (-192 640 32 ) 
4 46 113 (-1024 672 24 ) (-1024 656 24 ) (-1024 656 32 ) (-1024 672 32 ) 
4 46 87 (-1024 544 24 ) (-1024 672 24 ) (-192 672 24 ) (-192 544 24 ) 
4 46 48 (-768 544 24 ) (-512 544 24 ) (-512 544 32 ) (-768 544 32 ) 
4 46 49 (-1024 544 24 ) (-896 544 24 ) (-896 544 32 ) (-1024 544 32 ) 
4 46 47 (-384 544 24 ) (-192 544 24 ) (-192 544 32 ) (-384 544 32 ) 
4 47 88 (-384 544 24 ) (0 544 24 ) (0 528 24 ) (-384 528 24 ) 
4 47 58 (-336 528 24 ) (0 528 24 ) (0 528 32 ) (-336 528 32 ) 
4 48 89 (-768 544 24 ) (-512 544 24 ) (-512 528 24 ) (-768 528 24 ) 
4 48 59 (-720 528 24 ) (-560 528 24 ) (-560 528 32 ) (-720 528 32 ) 
4 49 90 (-1024 528 24 ) (-1024 544 24 ) (-896 544 24 ) (-896 528 24 ) 
4 49 60 (-1024 528 24 ) (-944 528 24 ) (-944 528 32 ) (-1024 528 32 ) 
4 50 106 (-1024 528 768 ) (-1024 528 128 ) (-1024 176 128 ) (-1024 176 768 ) 
4 50 67 (-1024 176 768 ) (-1024 176 80 ) (0 176 80 ) (0 176 768 ) 
4 50 56 (-536 176 80 ) (-816 176 80 ) (-816 528 80 ) (-536 528 80 ) 
4 50 57 (-848 176 80 ) (-1024 176 80 ) (-1024 528 80 ) (-848 528 80 ) 
4 50 54 (-536 456 80 ) (-536 504 80 ) (-504 504 80 ) (-504 456 80 ) 
4 50 53 (-536 504 80 ) (-536 528 80 ) (-504 528 80 ) (-504 504 80 ) 
4 50 55 (-504 176 80 ) (-536 176 80 ) (-536 456 80 ) (-504 456 80 ) 
4 50 52 (-464 176 80 ) (-504 176 80 ) (-504 528 80 ) (-464 528 80 ) 
4 50 51 (0 176 80 ) (-432 176 80 ) (-432 528 80 ) (0 528 80 ) 
4 51 67 (-432 176 32 ) (0 176 32 ) (0 176 80 ) (-432 176 80 ) 
4 51 64 (0 176 32 ) (-336 176 32 ) (-336 272 32 ) (0 272 32 ) 
4 51 61 (-384 432 32 ) (0 432 32 ) (0 272 32 ) (-384 272 32 ) 
4 51 58 (-336 528 32 ) (0 528 32 ) (0 432 32 ) (-336 432 32 ) 
4 52 67 (-504 176 32 ) (-464 176 32 ) (-464 176 80 ) (-504 176 80 ) 
4 52 54 (-504 456 34 ) (-504 456 80 ) (-504 504 80 ) (-504 504 34 ) 
4 52 53 (-504 528 32 ) (-504 504 32 ) (-504 504 80 ) (-504 528 80 ) 
4 52 55 (-504 456 32 ) (-504 176 32 ) (-504 176 80 ) (-504 456 80 ) 
4 53 56 (-536 528 32 ) (-536 504 32 ) (-536 504 80 ) (-536 528 80 ) 
4 53 54 (-536 504 80 ) (-536 504 34 ) (-504 504 34 ) (-504 504 80 ) 
4 54 56 (-536 456 34 ) (-536 456 80 ) (-536 504 80 ) (-536 504 34 ) 
4 54 55 (-536 456 80 ) (-536 456 34 ) (-504 456 34 ) (-504 456 80 ) 
4 55 67 (-536 176 32 ) (-504 176 32 ) (-504 176 80 ) (-536 176 80 ) 
4 55 62 (-536 272 32 ) (-536 432 32 ) (-512 432 32 ) (-512 272 32 ) 
4 55 56 (-536 456 32 ) (-536 176 32 ) (-536 176 80 ) (-536 456 80 ) 
4 56 67 (-816 176 32 ) (-536 176 32 ) (-536 176 80 ) (-816 176 80 ) 
4 56 65 (-560 176 32 ) (-720 176 32 ) (-720 272 32 ) (-560 272 32 ) 
4 56 62 (-768 432 32 ) (-536 432 32 ) (-536 272 32 ) (-768 272 32 ) 
4 56 59 (-720 528 32 ) (-560 528 32 ) (-560 432 32 ) (-720 432 32 ) 
4 57 67 (-1024 176 80 ) (-1024 176 32 ) (-848 176 32 ) (-848 176 80 ) 
4 57 66 (-944 176 32 ) (-1024 176 32 ) (-1024 272 32 ) (-944 272 32 ) 
4 57 63 (-1024 272 32 ) (-1024 432 32 ) (-896 432 32 ) (-896 272 32 ) 
4 57 60 (-1024 432 32 ) (-1024 528 32 ) (-944 528 32 ) (-944 432 32 ) 
4 58 91 (-336 528 24 ) (0 528 24 ) (0 432 24 ) (-336 432 24 ) 
4 58 61 (-336 432 24 ) (0 432 24 ) (0 432 32 ) (-336 432 32 ) 
4 59 92 (-720 528 24 ) (-560 528 24 ) (-560 432 24 ) (-720 432 24 ) 
4 59 62 (-720 432 24 ) (-560 432 24 ) (-560 432 32 ) (-720 432 32 ) 
4 60 93 (-1024 432 24 ) (-1024 528 24 ) (-944 528 24 ) (-944 432 24 ) 
4 60 63 (-1024 432 24 ) (-944 432 24 ) (-944 432 32 ) (-1024 432 32 ) 
4 61 94 (-384 432 24 ) (0 432 24 ) (0 272 24 ) (-384 272 24 ) 
4 61 64 (-336 272 24 ) (0 272 24 ) (0 272 32 ) (-336 272 32 ) 
4 62 95 (-768 432 24 ) (-512 432 24 ) (-512 272 24 ) (-768 272 24 ) 
4 62 65 (-720 272 24 ) (-560 272 24 ) (-560 272 32 ) (-720 272 32 ) 
4 63 96 (-1024 272 24 ) (-1024 432 24 ) (-896 432 24 ) (-896 272 24 ) 
4 63 66 (-1024 272 24 ) (-944 272 24 ) (-944 272 32 ) (-1024 272 32 ) 
4 64 97 (-336 272 24 ) (0 272 24 ) (0 176 24 ) (-336 176 24 ) 
4 64 68 (-336 176 24 ) (0 176 24 ) (0 176 32 ) (-336 176 32 ) 
4 65 98 (-720 272 24 ) (-560 272 24 ) (-560 176 24 ) (-720 176 24 ) 
4 65 69 (-720 176 24 ) (-560 176 24 ) (-560 176 32 ) (-720 176 32 ) 
4 66 99 (-1024 176 24 ) (-1024 272 24 ) (-944 272 24 ) (-944 176 24 ) 
4 66 70 (-1024 176 32 ) (-1024 176 24 ) (-944 176 24 ) (-944 176 32 ) 
4 67 106 (-1024 176 768 ) (-1024 176 128 ) (-1024 16 128 ) (-1024 16 768 ) 
4 67 80 (-864 16 120 ) (-864 16 48 ) (-672 16 48 ) (-672 16 120 ) 
4 67 78 (-608 16 48 ) (-416 16 48 ) (-416 16 120 ) (-608 16 120 ) 
4 67 76 (-416 16 128 ) (-608 16 128 ) (-608 16 120 ) (-416 16 120 ) 
4 67 77 (-672 16 128 ) (-864 16 128 ) (-864 16 120 ) (-672 16 120 ) 
4 67 74 (-352 16 48 ) (-160 16 48 ) (-160 16 120 ) (-352 16 120 ) 
4 67 73 (-160 16 128 ) (-352 16 128 ) (-352 16 120 ) (-160 16 120 ) 
4 67 72 (0 16 128 ) (0 16 768 ) (-1024 16 768 ) (-1024 16 128 ) 
4 67 70 (-1024 160 32 ) (-1024 176 32 ) (-896 176 32 ) (-896 160 32 ) 
4 67 68 (-384 176 32 ) (0 176 32 ) (0 160 32 ) (-384 160 32 ) 
4 67 69 (-768 176 32 ) (-512 176 32 ) (-512 160 32 ) (-768 160 32 ) 
4 67 71 (0 16 32 ) (-1024 16 32 ) (-1024 160 32 ) (0 160 32 ) 
4 68 100 (-384 176 24 ) (0 176 24 ) (0 160 24 ) (-384 160 24 ) 
4 68 71 (-384 160 24 ) (0 160 24 ) (0 160 32 ) (-384 160 32 ) 
4 69 101 (-768 176 24 ) (-512 176 24 ) (-512 160 24 ) (-768 160 24 ) 
4 69 71 (-768 160 24 ) (-512 160 24 ) (-512 160 32 ) (-768 160 32 ) 
4 70 102 (-1024 160 24 ) (-1024 176 24 ) (-896 176 24 ) (-896 160 24 ) 
4 70 71 (-1024 160 24 ) (-896 160 24 ) (-896 160 32 ) (-1024 160 32 ) 
4 71 103 (-1024 16 24 ) (-1024 160 24 ) (0 160 24 ) (0 16 24 ) 
4 72 137 (0 0 128 ) (0 0 768 ) (-1024 0 768 ) (-1024 0 128 ) 
4 72 106 (-1024 0 128 ) (-1024 0 768 ) (-1024 16 768 ) (-1024 16 128 ) 
4 72 76 (-416 0 128 ) (-608 0 128 ) (-608 16 128 ) (-416 16 128 ) 
4 72 77 (-672 0 128 ) (-864 0 128 ) (-864 16 128 ) (-672 16 128 ) 
4 72 73 (-160 0 128 ) (-352 0 128 ) (-352 16 128 ) (-160 16 128 ) 
4 73 138 (-160 0 128 ) (-352 0 128 ) (-352 0 120 ) (-160 0 120 ) 
4 73 75 (-160 4 120 ) (-160 0 120 ) (-352 0 120 ) (-352 4 120 ) 
4 73 74 (-352 16 120 ) (-160 16 120 ) (-160 4 120 ) (-352 4 120 ) 
4 74 75 (-352 4 120 ) (-352 4 48 ) (-160 4 48 ) (-160 4 120 ) 
4 75 139 (-352 0 48 ) (-160 0 48 ) (-160 0 120 ) (-352 0 120 ) 
4 76 141 (-416 0 128 ) (-608 0 128 ) (-608 0 120 ) (-416 0 120 ) 
4 76 79 (-416 4 120 ) (-416 0 120 ) (-608 0 120 ) (-608 4 120 ) 
4 76 78 (-608 16 120 ) (-416 16 120 ) (-416 4 120 ) (-608 4 120 ) 
4 77 142 (-672 0 128 ) (-864 0 128 ) (-864 0 120 ) (-672 0 120 ) 
4 77 81 (-864 0 120 ) (-864 4 120 ) (-672 4 120 ) (-672 0 120 ) 
4 77 80 (-864 4 120 ) (-864 16 120 ) (-672 16 120 ) (-672 4 120 ) 
4 78 79 (-608 4 120 ) (-608 4 48 ) (-416 4 48 ) (-416 4 120 ) 
4 79 143 (-608 0 48 ) (-416 0 48 ) (-416 0 120 ) (-608 0 120 ) 
4 80 81 (-864 4 48 ) (-672 4 48 ) (-672 4 120 ) (-864 4 120 ) 
4 81 145 (-864 0 120 ) (-864 0 48 ) (-672 0 48 ) (-672 0 120 ) 
4 83 84 (-1024 952 0 ) (-104 952 0 ) (-104 952 24 ) (-1024 952 24 ) 
4 84 85 (-1024 944 0 ) (-104 944 0 ) (-104 944 24 ) (-1024 944 24 ) 
4 85 113 (-1024 672 24 ) (-1024 680 24 ) (-1024 680 0 ) (-1024 672 0 ) 
4 85 110 (-1024 680 24 ) (-1024 792 24 ) (-1024 792 0 ) (-1024 680 0 ) 
4 85 108 (-1024 792 24 ) (-1024 816 24 ) (-1024 816 0 ) (-1024 792 0 ) 
4 85 87 (-1024 672 0 ) (-192 672 0 ) (-192 672 24 ) (-1024 672 24 ) 
4 86 88 (-192 544 0 ) (0 544 0 ) (0 544 24 ) (-192 544 24 ) 
4 86 87 (-192 640 0 ) (-192 544 0 ) (-192 544 24 ) (-192 640 24 ) 
4 87 113 (-1024 656 24 ) (-1024 672 24 ) (-1024 672 0 ) (-1024 656 0 ) 
4 87 90 (-1024 544 0 ) (-896 544 0 ) (-896 544 24 ) (-1024 544 24 ) 
4 87 88 (-384 544 0 ) (-192 544 0 ) (-192 544 24 ) (-384 544 24 ) 
4 87 89 (-768 544 0 ) (-512 544 0 ) (-512 544 24 ) (-768 544 24 ) 
4 88 91 (-336 528 0 ) (0 528 0 ) (0 528 24 ) (-336 528 24 ) 
4 89 92 (-720 528 0 ) (-560 528 0 ) (-560 528 24 ) (-720 528 24 ) 
4 90 93 (-1024 528 0 ) (-944 528 0 ) (-944 528 24 ) (-1024 528 24 ) 
4 91 94 (-336 432 0 ) (0 432 0 ) (0 432 24 ) (-336 432 24 ) 
4 92 95 (-720 432 0 ) (-560 432 0 ) (-560 432 24 ) (-720 432 24 ) 
4 93 96 (-1024 432 0 ) (-944 432 0 ) (-944 432 24 ) (-1024 432 24 ) 
4 94 97 (-336 272 0 ) (0 272 0 ) (0 272 24 ) (-336 272 24 ) 
4 95 98 (-720 272 0 ) (-560 272 0 ) (-560 272 24 ) (-720 272 24 ) 
4 96 99 (-1024 272 0 ) (-944 272 0 ) (-944 272 24 ) (-1024 272 24 ) 
4 97 100 (-336 176 0 ) (0 176 0 ) (0 176 24 ) (-336 176 24 ) 
4 98 101 (-720 176 0 ) (-560 176 0 ) (-560 176 24 ) (-720 176 24 ) 
4 99 102 (-1024 176 0 ) (-944 176 0 ) (-944 176 24 ) (-1024 176 24 ) 
4 100 103 (-384 160 0 ) (0 160 0 ) (0 160 24 ) (-384 160 24 ) 
4 101 103 (-768 160 0 ) (-512 160 0 ) (-512 160 24 ) (-768 160 24 ) 
4 102 103 (-1024 160 0 ) (-896 160 0 ) (-896 160 24 ) (-1024 160 24 ) 
4 104 106 (-1024 1024 128 ) (-1024 1024 768 ) (-1040 1024 768 ) (-1040 1024 128 ) 
4 105 107 (-1088 1024 768 ) (-1888 1024 768 ) (-1888 1024 128 ) (-1088 1024 128 ) 
4 106 162 (-1024 0 128 ) (-1024 0 768 ) (-1040 0 768 ) (-1040 0 128 ) 
4 106 113 (-1040 656 128 ) (-1040 680 128 ) (-1024 680 128 ) (-1024 656 128 ) 
4 106 110 (-1040 680 128 ) (-1040 792 128 ) (-1024 792 128 ) (-1024 680 128 ) 
4 106 108 (-1040 792 128 ) (-1040 816 128 ) (-1024 816 128 ) (-1024 792 128 ) 
4 107 163 (-1088 0 768 ) (-1888 0 768 ) (-1888 0 128 ) (-1088 0 128 ) 
4 107 115 (-1792 896 128 ) (-1120 896 128 ) (-1120 576 128 ) (-1792 576 128 ) 
4 107 114 (-1120 656 128 ) (-1120 680 128 ) (-1088 680 128 ) (-1088 656 128 ) 
4 107 112 (-1120 680 128 ) (-1120 792 128 ) (-1088 792 128 ) (-1088 680 128 ) 
4 107 109 (-1120 792 128 ) (-1120 816 128 ) (-1088 816 128 ) (-1088 792 128 ) 
4 108 110 (-1056 792 0 ) (-1024 792 0 ) (-1024 792 128 ) (-1056 792 128 ) 
4 109 115 (-1120 816 0 ) (-1120 792 0 ) (-1120 792 128 ) (-1120 816 128 ) 
4 109 112 (-1120 792 128 ) (-1120 792 0 ) (-1072 792 0 ) (-1072 792 128 ) 
4 110 113 (-1056 680 0 ) (-1024 680 0 ) (-1024 680 128 ) (-1056 680 128 ) 
4 110 111 (-1056 792 112 ) (-1056 792 0 ) (-1056 680 0 ) (-1056 680 112 ) 
4 111 112 (-1072 792 112 ) (-1072 792 0 ) (-1072 680 0 ) (-1072 680 112 ) 
4 112 115 (-1120 792 0 ) (-1120 680 0 ) (-1120 680 128 ) (-1120 792 128 ) 
4 112 114 (-1120 680 128 ) (-1120 680 0 ) (-1072 680 0 ) (-1072 680 128 ) 
4 114 115 (-1120 680 0 ) (-1120 656 0 ) (-1120 656 128 ) (-1120 680 128 ) 
4 116 136 (64 -640 112 ) (64 -32 112 ) (64 -32 32 ) (64 -640 32 ) 
4 116 132 (64 -640 136 ) (64 -640 168 ) (64 -636 168 ) (64 -636 136 ) 
4 116 131 (64 -32 168 ) (64 -32 128 ) (64 -636 128 ) (64 -636 168 ) 
4 116 128 (64 -32 184 ) (64 -32 168 ) (64 -640 168 ) (64 -640 184 ) 
4 116 126 (64 -640 192 ) (64 -32 192 ) (64 -32 184 ) (64 -640 184 ) 
4 116 120 (64 -640 320 ) (64 -32 320 ) (64 -32 192 ) (64 -640 192 ) 
4 116 117 (64 -640 384 ) (64 -32 384 ) (64 -32 320 ) (64 -640 320 ) 
4 117 120 (36 -32 320 ) (64 -32 320 ) (64 -640 320 ) (36 -640 320 ) 
4 117 118 (36 -32 384 ) (36 -32 328 ) (36 -640 328 ) (36 -640 384 ) 
4 118 119 (28 -32 384 ) (28 -32 328 ) (28 -640 328 ) (28 -640 384 ) 
4 119 147 (0 -32 320 ) (0 -640 320 ) (0 -640 384 ) (0 -32 384 ) 
4 119 125 (0 -640 320 ) (0 -32 320 ) (28 -32 320 ) (28 -640 320 ) 
4 120 126 (64 -32 192 ) (64 -640 192 ) (36 -640 192 ) (36 -32 192 ) 
4 120 124 (36 -608 192 ) (36 -640 192 ) (36 -640 320 ) (36 -608 320 ) 
4 120 123 (36 -408 192 ) (36 -464 192 ) (36 -464 320 ) (36 -408 320 ) 
4 120 122 (36 -208 192 ) (36 -264 192 ) (36 -264 320 ) (36 -208 320 ) 
4 120 121 (36 -32 192 ) (36 -64 192 ) (36 -64 320 ) (36 -32 320 ) 
4 121 125 (28 -32 192 ) (28 -64 192 ) (28 -64 320 ) (28 -32 320 ) 
4 122 125 (28 -208 192 ) (28 -264 192 ) (28 -264 320 ) (28 -208 320 ) 
4 123 125 (28 -408 192 ) (28 -464 192 ) (28 -464 320 ) (28 -408 320 ) 
4 124 125 (28 -608 192 ) (28 -640 192 ) (28 -640 320 ) (28 -608 320 ) 
4 125 147 (0 -32 192 ) (0 -640 192 ) (0 -640 320 ) (0 -32 320 ) 
4 125 127 (28 -32 192 ) (28 -640 192 ) (0 -640 192 ) (0 -32 192 ) 
4 126 128 (64 -640 184 ) (36 -640 184 ) (36 -32 184 ) (64 -32 184 ) 
4 127 147 (0 -640 184 ) (0 -640 192 ) (0 -32 192 ) (0 -32 184 ) 
4 127 130 (28 -640 184 ) (0 -640 184 ) (0 -32 184 ) (28 -32 184 ) 
4 128 132 (64 -640 168 ) (36 -640 168 ) (36 -636 168 ) (64 -636 168 ) 
4 128 131 (36 -636 168 ) (36 -32 168 ) (64 -32 168 ) (64 -636 168 ) 
4 128 129 (36 -640 176 ) (36 -640 184 ) (36 -32 184 ) (36 -32 176 ) 
4 129 130 (28 -640 176 ) (28 -640 184 ) (28 -32 184 ) (28 -32 176 ) 
4 130 147 (0 -640 168 ) (0 -640 184 ) (0 -32 184 ) (0 -32 168 ) 
4 130 132 (28 -640 168 ) (0 -640 168 ) (0 -636 168 ) (28 -636 168 ) 
4 130 131 (0 -636 168 ) (0 -32 168 ) (28 -32 168 ) (28 -636 168 ) 
4 131 147 (0 -32 128 ) (0 -636 128 ) (0 -636 168 ) (0 -32 168 ) 
4 131 135 (56 -440 128 ) (56 -632 128 ) (8 -632 128 ) (8 -440 128 ) 
4 131 134 (56 -240 128 ) (56 -432 128 ) (8 -432 128 ) (8 -240 128 ) 
4 131 133 (56 -40 128 ) (56 -232 128 ) (8 -232 128 ) (8 -40 128 ) 
4 131 132 (64 -636 136 ) (64 -636 168 ) (0 -636 168 ) (0 -636 136 ) 
4 132 147 (0 -640 136 ) (0 -640 168 ) (0 -636 168 ) (0 -636 136 ) 
4 133 136 (56 -40 112 ) (56 -232 112 ) (8 -232 112 ) (8 -40 112 ) 
4 134 136 (56 -240 112 ) (56 -432 112 ) (8 -432 112 ) (8 -240 112 ) 
4 135 136 (56 -440 112 ) (56 -632 112 ) (8 -632 112 ) (8 -440 112 ) 
4 136 148 (0 -32 32 ) (0 -640 32 ) (0 -640 112 ) (0 -32 112 ) 
4 137 162 (-1024 0 768 ) (-1024 0 128 ) (-1024 -16 128 ) (-1024 -16 768 ) 
4 137 147 (-1024 -16 768 ) (-1024 -16 128 ) (0 -16 128 ) (0 -16 768 ) 
4 137 141 (-416 -16 128 ) (-608 -16 128 ) (-608 0 128 ) (-416 0 128 ) 
4 137 142 (-672 -16 128 ) (-864 -16 128 ) (-864 0 128 ) (-672 0 128 ) 
4 137 138 (-160 -16 128 ) (-352 -16 128 ) (-352 0 128 ) (-160 0 128 ) 
4 138 148 (-160 -16 128 ) (-192 -16 128 ) (-192 -16 120 ) (-160 -16 120 ) 
4 138 149 (-192 -16 128 ) (-352 -16 128 ) (-352 -16 120 ) (-192 -16 120 ) 
4 138 140 (-160 -4 120 ) (-160 -16 120 ) (-352 -16 120 ) (-352 -4 120 ) 
4 138 139 (-352 0 120 ) (-160 0 120 ) (-160 -4 120 ) (-352 -4 120 ) 
4 139 140 (-352 -4 120 ) (-352 -4 48 ) (-160 -4 48 ) (-160 -4 120 ) 
4 140 148 (-192 -16 48 ) (-160 -16 48 ) (-160 -16 120 ) (-192 -16 120 ) 
4 140 149 (-352 -16 48 ) (-192 -16 48 ) (-192 -16 120 ) (-352 -16 120 ) 
4 141 149 (-416 -16 128 ) (-608 -16 128 ) (-608 -16 120 ) (-416 -16 120 ) 
4 141 144 (-416 -4 120 ) (-416 -16 120 ) (-608 -16 120 ) (-608 -4 120 ) 
4 141 143 (-608 0 120 ) (-416 0 120 ) (-416 -4 120 ) (-608 -4 120 ) 
4 142 149 (-672 -16 128 ) (-864 -16 128 ) (-864 -16 120 ) (-672 -16 120 ) 
4 142 146 (-864 -16 120 ) (-864 -4 120 ) (-672 -4 120 ) (-672 -16 120 ) 
4 142 145 (-864 -4 120 ) (-864 0 120 ) (-672 0 120 ) (-672 -4 120 ) 
4 143 144 (-608 -4 120 ) (-608 -4 48 ) (-416 -4 48 ) (-416 -4 120 ) 
4 144 149 (-608 -16 48 ) (-416 -16 48 ) (-416 -16 120 ) (-608 -16 120 ) 
4 145 146 (-864 -4 48 ) (-672 -4 48 ) (-672 -4 120 ) (-864 -4 120 ) 
4 146 149 (-864 -16 120 ) (-864 -16 48 ) (-672 -16 48 ) (-672 -16 120 ) 
4 147 162 (-1024 -672 128 ) (-1024 -672 768 ) (-1024 -16 768 ) (-1024 -16 128 ) 
4 147 150 (0 -672 128 ) (0 -672 768 ) (-8 -672 768 ) (-8 -672 128 ) 
4 147 151 (-8 -672 768 ) (-1024 -672 768 ) (-1024 -672 128 ) (-8 -672 128 ) 
4 147 148 (-192 -640 128 ) (-192 -16 128 ) (0 -16 128 ) (0 -640 128 ) 
4 147 149 (-192 -672 128 ) (-1024 -672 128 ) (-1024 -16 128 ) (-192 -16 128 ) 
4 148 156 (-192 -16 24 ) (0 -16 24 ) (0 -640 24 ) (-192 -640 24 ) 
4 148 149 (-192 -640 128 ) (-192 -16 128 ) (-192 -16 24 ) (-192 -640 24 ) 
4 149 164 (-1024 -656 24 ) (-1024 -672 24 ) (-1024 -672 128 ) (-1024 -656 128 ) 
4 149 157 (-1024 -672 24 ) (-1024 -16 24 ) (-192 -16 24 ) (-192 -672 24 ) 
4 149 152 (-1024 -672 24 ) (-192 -672 24 ) (-192 -672 32 ) (-1024 -672 32 ) 
4 149 151 (-192 -672 32 ) (-192 -672 128 ) (-1024 -672 128 ) (-1024 -672 32 ) 
4 150 172 (0 -1024 128 ) (0 -1024 768 ) (-8 -1024 768 ) (-8 -1024 128 ) 
4 150 151 (-8 -1024 128 ) (-8 -1024 768 ) (-8 -672 768 ) (-8 -672 128 ) 
4 151 173 (-1024 -1024 128 ) (-1024 -1024 32 ) (-8 -1024 32 ) (-8 -1024 128 ) 
4 151 172 (-8 -1024 768 ) (-1024 -1024 768 ) (-1024 -1024 128 ) (-8 -1024 128 ) 
4 151 169 (-1024 -816 128 ) (-1024 -792 128 ) (-1024 -792 32 ) (-1024 -816 32 ) 
4 151 166 (-1024 -792 128 ) (-1024 -680 128 ) (-1024 -680 32 ) (-1024 -792 32 ) 
4 151 164 (-1024 -680 128 ) (-1024 -672 128 ) (-1024 -672 32 ) (-1024 -680 32 ) 
4 151 162 (-1024 -1024 128 ) (-1024 -1024 768 ) (-1024 -672 768 ) (-1024 -672 128 ) 
4 151 154 (-96 -952 32 ) (-32 -952 32 ) (-32 -1024 32 ) (-96 -1024 32 ) 
4 151 155 (-1024 -1024 32 ) (-1024 -952 32 ) (-104 -952 32 ) (-104 -1024 32 ) 
4 151 153 (-1024 -952 32 ) (-1024 -944 32 ) (-104 -944 32 ) (-104 -952 32 ) 
4 151 152 (-1024 -944 32 ) (-1024 -672 32 ) (-64 -672 32 ) (-64 -944 32 ) 
4 152 169 (-1024 -792 24 ) (-1024 -816 24 ) (-1024 -816 32 ) (-1024 -792 32 ) 
4 152 166 (-1024 -680 24 ) (-1024 -792 24 ) (-1024 -792 32 ) (-1024 -680 32 ) 
4 152 164 (-1024 -672 24 ) (-1024 -680 24 ) (-1024 -680 32 ) (-1024 -672 32 ) 
4 152 158 (-1024 -944 24 ) (-1024 -672 24 ) (-64 -672 24 ) (-64 -944 24 ) 
4 152 153 (-1024 -944 24 ) (-104 -944 24 ) (-104 -944 32 ) (-1024 -944 32 ) 
4 153 159 (-1024 -952 24 ) (-1024 -944 24 ) (-104 -944 24 ) (-104 -952 24 ) 
4 153 155 (-1024 -952 24 ) (-104 -952 24 ) (-104 -952 32 ) (-1024 -952 32 ) 
4 154 174 (-32 -1024 32 ) (-96 -1024 32 ) (-96 -1024 24 ) (-32 -1024 24 ) 
4 154 160 (-32 -1024 24 ) (-96 -1024 24 ) (-96 -952 24 ) (-32 -952 24 ) 
4 155 181 (-752 -1024 32 ) (-1024 -1024 32 ) (-1024 -1024 24 ) (-752 -1024 24 ) 
4 155 180 (-656 -1024 32 ) (-752 -1024 32 ) (-752 -1024 24 ) (-656 -1024 24 ) 
4 155 179 (-496 -1024 32 ) (-656 -1024 32 ) (-656 -1024 24 ) (-496 -1024 24 ) 
4 155 178 (-400 -1024 32 ) (-496 -1024 32 ) (-496 -1024 24 ) (-400 -1024 24 ) 
4 155 175 (-104 -1024 32 ) (-400 -1024 32 ) (-400 -1024 24 ) (-104 -1024 24 ) 
4 155 161 (-104 -1024 24 ) (-1024 -1024 24 ) (-1024 -952 24 ) (-104 -952 24 ) 
4 156 157 (-192 -16 24 ) (-192 -16 0 ) (-192 -640 0 ) (-192 -640 24 ) 
4 157 164 (-1024 -656 0 ) (-1024 -672 0 ) (-1024 -672 24 ) (-1024 -656 24 ) 
4 157 158 (-1024 -672 0 ) (-192 -672 0 ) (-192 -672 24 ) (-1024 -672 24 ) 
4 158 169 (-1024 -792 0 ) (-1024 -816 0 ) (-1024 -816 24 ) (-1024 -792 24 ) 
4 158 166 (-1024 -680 0 ) (-1024 -792 0 ) (-1024 -792 24 ) (-1024 -680 24 ) 
4 158 164 (-1024 -672 0 ) (-1024 -680 0 ) (-1024 -680 24 ) (-1024 -672 24 ) 
4 158 159 (-1024 -944 0 ) (-104 -944 0 ) (-104 -944 24 ) (-1024 -944 24 ) 
4 159 161 (-1024 -952 0 ) (-104 -952 0 ) (-104 -952 24 ) (-1024 -952 24 ) 
4 160 182 (-32 -1024 24 ) (-96 -1024 24 ) (-96 -1024 16 ) (-32 -1024 16 ) 
4 161 183 (-104 -1024 24 ) (-1024 -1024 24 ) (-1024 -1024 0 ) (-104 -1024 0 ) 
4 162 190 (-1024 -1024 128 ) (-1024 -1024 768 ) (-1040 -1024 768 ) (-1040 -1024 128 ) 
4 162 169 (-1024 -792 128 ) (-1024 -816 128 ) (-1040 -816 128 ) (-1040 -792 128 ) 
4 162 166 (-1024 -680 128 ) (-1024 -792 128 ) (-1040 -792 128 ) (-1040 -680 128 ) 
4 162 164 (-1024 -656 128 ) (-1024 -680 128 ) (-1040 -680 128 ) (-1040 -656 128 ) 
4 163 191 (-1088 -1024 768 ) (-1888 -1024 768 ) (-1888 -1024 128 ) (-1088 -1024 128 ) 
4 163 171 (-1120 -576 128 ) (-1120 -896 128 ) (-1792 -896 128 ) (-1792 -576 128 ) 
4 163 170 (-1088 -792 128 ) (-1088 -816 128 ) (-1120 -816 128 ) (-1120 -792 128 ) 
4 163 168 (-1088 -680 128 ) (-1088 -792 128 ) (-1120 -792 128 ) (-1120 -680 128 ) 
4 163 165 (-1088 -656 128 ) (-1088 -680 128 ) (-1120 -680 128 ) (-1120 -656 128 ) 
4 164 166 (-1056 -680 0 ) (-1024 -680 0 ) (-1024 -680 128 ) (-1056 -680 128 ) 
4 165 171 (-1120 -656 0 ) (-1120 -680 0 ) (-1120 -680 128 ) (-1120 -656 128 ) 
4 165 168 (-1120 -680 128 ) (-1120 -680 0 ) (-1072 -680 0 ) (-1072 -680 128 ) 
4 166 169 (-1056 -792 0 ) (-1024 -792 0 ) (-1024 -792 128 ) (-1056 -792 128 ) 
4 166 167 (-1056 -680 112 ) (-1056 -680 0 ) (-1056 -792 0 ) (-1056 -792 112 ) 
4 167 168 (-1072 -680 112 ) (-1072 -680 0 ) (-1072 -792 0 ) (-1072 -792 112 ) 
4 168 171 (-1120 -680 0 ) (-1120 -792 0 ) (-1120 -792 128 ) (-1120 -680 128 ) 
4 168 170 (-1120 -792 128 ) (-1120 -792 0 ) (-1072 -792 0 ) (-1072 -792 128 ) 
4 170 171 (-1120 -792 0 ) (-1120 -816 0 ) (-1120 -816 128 ) (-1120 -792 128 ) 
4 172 190 (-1024 -1024 768 ) (-1024 -1024 128 ) (-1024 -1200 128 ) (-1024 -1200 768 ) 
4 172 173 (-1024 -1184 128 ) (-1024 -1024 128 ) (-8 -1024 128 ) (-8 -1184 128 ) 
4 173 181 (-1024 -1136 32 ) (-1024 -1024 32 ) (-752 -1024 32 ) (-752 -1136 32 ) 
4 173 180 (-752 -1024 32 ) (-656 -1024 32 ) (-656 -1088 32 ) (-752 -1088 32 ) 
4 173 179 (-656 -1024 32 ) (-496 -1024 32 ) (-496 -1136 32 ) (-656 -1136 32 ) 
4 173 178 (-496 -1024 32 ) (-400 -1024 32 ) (-400 -1088 32 ) (-496 -1088 32 ) 
4 173 177 (-400 -1136 32 ) (-400 -1120 32 ) (-64 -1120 32 ) (-64 -1136 32 ) 
4 173 176 (-104 -1120 32 ) (-400 -1120 32 ) (-400 -1032 32 ) (-104 -1032 32 ) 
4 173 174 (-96 -1024 32 ) (-32 -1024 32 ) (-32 -1032 32 ) (-96 -1032 32 ) 
4 173 175 (-400 -1024 32 ) (-104 -1024 32 ) (-104 -1032 32 ) (-400 -1032 32 ) 
4 174 182 (-96 -1024 24 ) (-32 -1024 24 ) (-32 -1032 24 ) (-96 -1032 24 ) 
4 175 183 (-400 -1024 24 ) (-104 -1024 24 ) (-104 -1032 24 ) (-400 -1032 24 ) 
4 175 178 (-400 -1024 24 ) (-400 -1032 24 ) (-400 -1032 32 ) (-400 -1024 32 ) 
4 175 176 (-400 -1032 32 ) (-400 -1032 24 ) (-104 -1032 24 ) (-104 -1032 32 ) 
4 176 184 (-104 -1120 24 ) (-400 -1120 24 ) (-400 -1032 24 ) (-104 -1032 24 ) 
4 176 178 (-400 -1032 24 ) (-400 -1088 24 ) (-400 -1088 32 ) (-400 -1032 32 ) 
4 176 177 (-400 -1120 32 ) (-400 -1120 24 ) (-104 -1120 24 ) (-104 -1120 32 ) 
4 177 185 (-400 -1136 24 ) (-400 -1120 24 ) (-64 -1120 24 ) (-64 -1136 24 ) 
4 178 186 (-400 -1032 24 ) (-400 -1088 24 ) (-496 -1088 24 ) (-496 -1032 24 ) 
4 178 183 (-496 -1024 24 ) (-400 -1024 24 ) (-400 -1032 24 ) (-496 -1032 24 ) 
4 178 179 (-496 -1024 24 ) (-496 -1088 24 ) (-496 -1088 32 ) (-496 -1024 32 ) 
4 179 187 (-496 -1032 24 ) (-496 -1136 24 ) (-656 -1136 24 ) (-656 -1032 24 ) 
4 179 183 (-656 -1024 24 ) (-496 -1024 24 ) (-496 -1032 24 ) (-656 -1032 24 ) 
4 179 180 (-656 -1024 24 ) (-656 -1088 24 ) (-656 -1088 32 ) (-656 -1024 32 ) 
4 180 188 (-656 -1032 24 ) (-656 -1088 24 ) (-752 -1088 24 ) (-752 -1032 24 ) 
4 180 183 (-752 -1024 24 ) (-656 -1024 24 ) (-656 -1032 24 ) (-752 -1032 24 ) 
4 180 181 (-752 -1024 24 ) (-752 -1088 24 ) (-752 -1088 32 ) (-752 -1024 32 ) 
4 181 189 (-1024 -1136 24 ) (-1024 -1032 24 ) (-752 -1032 24 ) (-752 -1136 24 ) 
4 181 183 (-1024 -1032 24 ) (-1024 -1024 24 ) (-752 -1024 24 ) (-752 -1032 24 ) 
4 183 189 (-1024 -1032 0 ) (-752 -1032 0 ) (-752 -1032 24 ) (-1024 -1032 24 ) 
4 183 188 (-752 -1032 0 ) (-656 -1032 0 ) (-656 -1032 24 ) (-752 -1032 24 ) 
4 183 187 (-656 -1032 0 ) (-496 -1032 0 ) (-496 -1032 24 ) (-656 -1032 24 ) 
4 183 186 (-496 -1032 0 ) (-400 -1032 0 ) (-400 -1032 24 ) (-496 -1032 24 ) 
4 183 184 (-400 -1032 0 ) (-104 -1032 0 ) (-104 -1032 24 ) (-400 -1032 24 ) 
4 184 186 (-400 -1032 24 ) (-400 -1032 0 ) (-400 -1088 0 ) (-400 -1088 24 ) 
4 184 185 (-400 -1120 24 ) (-400 -1120 0 ) (-104 -1120 0 ) (-104 -1120 24 ) 
4 186 187 (-496 -1032 24 ) (-496 -1032 0 ) (-496 -1088 0 ) (-496 -1088 24 ) 
4 187 188 (-656 -1032 24 ) (-656 -1032 0 ) (-656 -1088 0 ) (-656 -1088 24 ) 
4 188 189 (-752 -1032 24 ) (-752 -1032 0 ) (-752 -1088 0 ) (-752 -1088 24 ) 
